{"E:\\FPT_University\\SUM2026\\WDP301\\CostumeHUB123\\be\\models\\cart.model.js": {"path":"E:\\FPT_University\\SUM2026\\WDP301\\CostumeHUB123\\be\\models\\cart.model.js","statementMap":{"0":{"start":{"line":1,"column":17},"end":{"line":1,"column":36}},"1":{"start":{"line":3,"column":19},"end":{"line":40,"column":24}},"2":{"start":{"line":42,"column":0},"end":{"line":42,"column":52}}},"fnMap":{},"branchMap":{},"s":{"0":2,"1":2,"2":2},"f":{},"b":{},"_coverageSchema":"1a1c01bbd47fc00a2c39e90264f33305004495a9","hash":"823ded19c6fbea8f979d8cfc9cfc55fb73508f91"}
,"E:\\FPT_University\\SUM2026\\WDP301\\CostumeHUB123\\be\\models\\category.model.js": {"path":"E:\\FPT_University\\SUM2026\\WDP301\\CostumeHUB123\\be\\models\\category.model.js","statementMap":{"0":{"start":{"line":1,"column":17},"end":{"line":1,"column":36}},"1":{"start":{"line":3,"column":23},"end":{"line":28,"column":1}},"2":{"start":{"line":30,"column":0},"end":{"line":30,"column":60}}},"fnMap":{},"branchMap":{},"s":{"0":2,"1":2,"2":2},"f":{},"b":{},"_coverageSchema":"1a1c01bbd47fc00a2c39e90264f33305004495a9","hash":"9e95f42be4095ddf36720dadf4e6569ec6009599"}
,"E:\\FPT_University\\SUM2026\\WDP301\\CostumeHUB123\\be\\models\\costume.model.js": {"path":"E:\\FPT_University\\SUM2026\\WDP301\\CostumeHUB123\\be\\models\\costume.model.js","statementMap":{"0":{"start":{"line":1,"column":17},"end":{"line":1,"column":36}},"1":{"start":{"line":3,"column":22},"end":{"line":131,"column":1}},"2":{"start":{"line":133,"column":0},"end":{"line":136,"column":2}}},"fnMap":{},"branchMap":{},"s":{"0":3,"1":3,"2":3},"f":{},"b":{},"_coverageSchema":"1a1c01bbd47fc00a2c39e90264f33305004495a9","hash":"3e5481753a336290604b6daa55704b057754c652"}
,"E:\\FPT_University\\SUM2026\\WDP301\\CostumeHUB123\\be\\models\\http-error.model.js": {"path":"E:\\FPT_University\\SUM2026\\WDP301\\CostumeHUB123\\be\\models\\http-error.model.js","statementMap":{"0":{"start":{"line":3,"column":4},"end":{"line":3,"column":19}},"1":{"start":{"line":4,"column":4},"end":{"line":4,"column":33}},"2":{"start":{"line":8,"column":0},"end":{"line":8,"column":27}}},"fnMap":{"0":{"name":"(anonymous_0)","decl":{"start":{"line":2,"column":2},"end":{"line":2,"column":3}},"loc":{"start":{"line":2,"column":35},"end":{"line":5,"column":3}},"line":2}},"branchMap":{},"s":{"0":182,"1":182,"2":5},"f":{"0":182},"b":{},"_coverageSchema":"1a1c01bbd47fc00a2c39e90264f33305004495a9","hash":"4a054a259483a8cf0428098cc1166d18bb73b05c"}
,"E:\\FPT_University\\SUM2026\\WDP301\\CostumeHUB123\\be\\models\\issue.model.js": {"path":"E:\\FPT_University\\SUM2026\\WDP301\\CostumeHUB123\\be\\models\\issue.model.js","statementMap":{"0":{"start":{"line":1,"column":17},"end":{"line":1,"column":36}},"1":{"start":{"line":3,"column":20},"end":{"line":37,"column":1}},"2":{"start":{"line":39,"column":0},"end":{"line":39,"column":54}}},"fnMap":{},"branchMap":{},"s":{"0":1,"1":1,"2":1},"f":{},"b":{},"_coverageSchema":"1a1c01bbd47fc00a2c39e90264f33305004495a9","hash":"a160f8ee031add956377159ddcfb846fb5568e4f"}
,"E:\\FPT_University\\SUM2026\\WDP301\\CostumeHUB123\\be\\models\\rental.model.js": {"path":"E:\\FPT_University\\SUM2026\\WDP301\\CostumeHUB123\\be\\models\\rental.model.js","statementMap":{"0":{"start":{"line":1,"column":17},"end":{"line":1,"column":36}},"1":{"start":{"line":3,"column":21},"end":{"line":96,"column":1}},"2":{"start":{"line":98,"column":0},"end":{"line":98,"column":56}}},"fnMap":{},"branchMap":{},"s":{"0":1,"1":1,"2":1},"f":{},"b":{},"_coverageSchema":"1a1c01bbd47fc00a2c39e90264f33305004495a9","hash":"1477f59bba2fd404dd0ce85e4a447c91f7b48b57"}
,"E:\\FPT_University\\SUM2026\\WDP301\\CostumeHUB123\\be\\models\\role.model.js": {"path":"E:\\FPT_University\\SUM2026\\WDP301\\CostumeHUB123\\be\\models\\role.model.js","statementMap":{"0":{"start":{"line":1,"column":17},"end":{"line":1,"column":36}},"1":{"start":{"line":3,"column":19},"end":{"line":13,"column":24}},"2":{"start":{"line":15,"column":0},"end":{"line":15,"column":52}}},"fnMap":{},"branchMap":{},"s":{"0":1,"1":1,"2":1},"f":{},"b":{},"_coverageSchema":"1a1c01bbd47fc00a2c39e90264f33305004495a9","hash":"0bbed82ec94a5c4c50ca5b991ca2ab3967630a19"}
,"E:\\FPT_University\\SUM2026\\WDP301\\CostumeHUB123\\be\\models\\user.model.js": {"path":"E:\\FPT_University\\SUM2026\\WDP301\\CostumeHUB123\\be\\models\\user.model.js","statementMap":{"0":{"start":{"line":1,"column":17},"end":{"line":1,"column":36}},"1":{"start":{"line":4,"column":22},"end":{"line":19,"column":1}},"2":{"start":{"line":21,"column":19},"end":{"line":116,"column":1}},"3":{"start":{"line":95,"column":10},"end":{"line":95,"column":39}},"4":{"start":{"line":120,"column":0},"end":{"line":120,"column":52}}},"fnMap":{"0":{"name":"(anonymous_0)","decl":{"start":{"line":94,"column":19},"end":{"line":94,"column":20}},"loc":{"start":{"line":94,"column":40},"end":{"line":96,"column":9}},"line":94}},"branchMap":{},"s":{"0":2,"1":2,"2":2,"3":0,"4":2},"f":{"0":0},"b":{},"_coverageSchema":"1a1c01bbd47fc00a2c39e90264f33305004495a9","hash":"d4ae9076ee7a5e5df04bd134a246a3d9c9557a23"}
,"E:\\FPT_University\\SUM2026\\WDP301\\CostumeHUB123\\be\\services\\cart.service.js": {"path":"E:\\FPT_University\\SUM2026\\WDP301\\CostumeHUB123\\be\\services\\cart.service.js","statementMap":{"0":{"start":{"line":1,"column":13},"end":{"line":1,"column":44}},"1":{"start":{"line":2,"column":16},"end":{"line":2,"column":50}},"2":{"start":{"line":3,"column":18},"end":{"line":3,"column":55}},"3":{"start":{"line":5,"column":20},"end":{"line":75,"column":1}},"4":{"start":{"line":6,"column":16},"end":{"line":11,"column":11}},"5":{"start":{"line":13,"column":2},"end":{"line":13,"column":69}},"6":{"start":{"line":13,"column":26},"end":{"line":13,"column":69}},"7":{"start":{"line":15,"column":16},"end":{"line":15,"column":26}},"8":{"start":{"line":16,"column":2},"end":{"line":16,"column":29}},"9":{"start":{"line":17,"column":19},"end":{"line":17,"column":44}},"10":{"start":{"line":18,"column":2},"end":{"line":18,"column":43}},"11":{"start":{"line":20,"column":2},"end":{"line":74,"column":4}},"12":{"start":{"line":21,"column":4},"end":{"line":73,"column":6}},"13":{"start":{"line":22,"column":22},"end":{"line":22,"column":26}},"14":{"start":{"line":23,"column":6},"end":{"line":47,"column":7}},"15":{"start":{"line":24,"column":22},"end":{"line":24,"column":46}},"16":{"start":{"line":25,"column":8},"end":{"line":25,"column":35}},"17":{"start":{"line":26,"column":8},"end":{"line":46,"column":9}},"18":{"start":{"line":27,"column":10},"end":{"line":27,"column":50}},"19":{"start":{"line":28,"column":15},"end":{"line":46,"column":9}},"20":{"start":{"line":29,"column":10},"end":{"line":29,"column":62}},"21":{"start":{"line":30,"column":15},"end":{"line":46,"column":9}},"22":{"start":{"line":31,"column":22},"end":{"line":31,"column":44}},"23":{"start":{"line":32,"column":10},"end":{"line":32,"column":35}},"24":{"start":{"line":33,"column":10},"end":{"line":45,"column":11}},"25":{"start":{"line":34,"column":12},"end":{"line":34,"column":51}},"26":{"start":{"line":35,"column":17},"end":{"line":45,"column":11}},"27":{"start":{"line":36,"column":12},"end":{"line":36,"column":64}},"28":{"start":{"line":37,"column":17},"end":{"line":45,"column":11}},"29":{"start":{"line":38,"column":12},"end":{"line":38,"column":68}},"30":{"start":{"line":40,"column":31},"end":{"line":40,"column":79}},"31":{"start":{"line":41,"column":28},"end":{"line":41,"column":60}},"32":{"start":{"line":42,"column":12},"end":{"line":44,"column":13}},"33":{"start":{"line":43,"column":14},"end":{"line":43,"column":75}},"34":{"start":{"line":49,"column":26},"end":{"line":49,"column":83}},"35":{"start":{"line":49,"column":62},"end":{"line":49,"column":82}},"36":{"start":{"line":50,"column":6},"end":{"line":52,"column":7}},"37":{"start":{"line":51,"column":8},"end":{"line":51,"column":45}},"38":{"start":{"line":54,"column":6},"end":{"line":72,"column":8}},"39":{"start":{"line":70,"column":53},"end":{"line":70,"column":73}},"40":{"start":{"line":77,"column":16},"end":{"line":162,"column":1}},"41":{"start":{"line":78,"column":18},"end":{"line":78,"column":51}},"42":{"start":{"line":79,"column":2},"end":{"line":79,"column":62}},"43":{"start":{"line":79,"column":16},"end":{"line":79,"column":62}},"44":{"start":{"line":81,"column":22},"end":{"line":81,"column":38}},"45":{"start":{"line":82,"column":2},"end":{"line":84,"column":3}},"46":{"start":{"line":83,"column":4},"end":{"line":83,"column":99}},"47":{"start":{"line":86,"column":18},"end":{"line":86,"column":63}},"48":{"start":{"line":86,"column":47},"end":{"line":86,"column":62}},"49":{"start":{"line":87,"column":2},"end":{"line":87,"column":75}},"50":{"start":{"line":87,"column":16},"end":{"line":87,"column":75}},"51":{"start":{"line":88,"column":2},"end":{"line":90,"column":3}},"52":{"start":{"line":89,"column":4},"end":{"line":89,"column":105}},"53":{"start":{"line":92,"column":16},"end":{"line":92,"column":35}},"54":{"start":{"line":93,"column":14},"end":{"line":93,"column":31}},"55":{"start":{"line":94,"column":2},"end":{"line":94,"column":106}},"56":{"start":{"line":94,"column":54},"end":{"line":94,"column":106}},"57":{"start":{"line":96,"column":16},"end":{"line":96,"column":26}},"58":{"start":{"line":97,"column":2},"end":{"line":97,"column":29}},"59":{"start":{"line":98,"column":19},"end":{"line":98,"column":44}},"60":{"start":{"line":99,"column":2},"end":{"line":99,"column":43}},"61":{"start":{"line":101,"column":20},"end":{"line":101,"column":35}},"62":{"start":{"line":101,"column":37},"end":{"line":101,"column":68}},"63":{"start":{"line":102,"column":18},"end":{"line":102,"column":31}},"64":{"start":{"line":102,"column":33},"end":{"line":102,"column":62}},"65":{"start":{"line":104,"column":2},"end":{"line":104,"column":98}},"66":{"start":{"line":104,"column":28},"end":{"line":104,"column":98}},"67":{"start":{"line":105,"column":2},"end":{"line":105,"column":97}},"68":{"start":{"line":105,"column":27},"end":{"line":105,"column":97}},"69":{"start":{"line":107,"column":21},"end":{"line":107,"column":82}},"70":{"start":{"line":108,"column":18},"end":{"line":108,"column":113}},"71":{"start":{"line":110,"column":13},"end":{"line":110,"column":55}},"72":{"start":{"line":112,"column":2},"end":{"line":151,"column":3}},"73":{"start":{"line":113,"column":4},"end":{"line":113,"column":71}},"74":{"start":{"line":115,"column":28},"end":{"line":123,"column":5}},"75":{"start":{"line":117,"column":8},"end":{"line":122,"column":59}},"76":{"start":{"line":125,"column":4},"end":{"line":127,"column":5}},"77":{"start":{"line":126,"column":6},"end":{"line":126,"column":83}},"78":{"start":{"line":129,"column":22},"end":{"line":135,"column":5}},"79":{"start":{"line":131,"column":8},"end":{"line":134,"column":58}},"80":{"start":{"line":137,"column":4},"end":{"line":150,"column":5}},"81":{"start":{"line":138,"column":26},"end":{"line":138,"column":56}},"82":{"start":{"line":139,"column":26},"end":{"line":139,"column":51}},"83":{"start":{"line":140,"column":6},"end":{"line":142,"column":7}},"84":{"start":{"line":141,"column":8},"end":{"line":141,"column":116}},"85":{"start":{"line":143,"column":6},"end":{"line":147,"column":8}},"86":{"start":{"line":149,"column":6},"end":{"line":149,"column":111}},"87":{"start":{"line":153,"column":2},"end":{"line":159,"column":3}},"88":{"start":{"line":154,"column":4},"end":{"line":158,"column":7}},"89":{"start":{"line":161,"column":2},"end":{"line":161,"column":14}},"90":{"start":{"line":164,"column":19},"end":{"line":269,"column":1}},"91":{"start":{"line":165,"column":18},"end":{"line":165,"column":51}},"92":{"start":{"line":166,"column":2},"end":{"line":166,"column":62}},"93":{"start":{"line":166,"column":16},"end":{"line":166,"column":62}},"94":{"start":{"line":167,"column":2},"end":{"line":167,"column":87}},"95":{"start":{"line":167,"column":35},"end":{"line":167,"column":87}},"96":{"start":{"line":169,"column":22},"end":{"line":169,"column":38}},"97":{"start":{"line":170,"column":2},"end":{"line":172,"column":3}},"98":{"start":{"line":171,"column":4},"end":{"line":171,"column":99}},"99":{"start":{"line":174,"column":18},"end":{"line":174,"column":63}},"100":{"start":{"line":174,"column":47},"end":{"line":174,"column":62}},"101":{"start":{"line":175,"column":2},"end":{"line":175,"column":75}},"102":{"start":{"line":175,"column":16},"end":{"line":175,"column":75}},"103":{"start":{"line":176,"column":2},"end":{"line":176,"column":74}},"104":{"start":{"line":176,"column":36},"end":{"line":176,"column":74}},"105":{"start":{"line":178,"column":16},"end":{"line":178,"column":35}},"106":{"start":{"line":179,"column":14},"end":{"line":179,"column":31}},"107":{"start":{"line":180,"column":2},"end":{"line":180,"column":106}},"108":{"start":{"line":180,"column":54},"end":{"line":180,"column":106}},"109":{"start":{"line":182,"column":26},"end":{"line":182,"column":41}},"110":{"start":{"line":183,"column":27},"end":{"line":183,"column":72}},"111":{"start":{"line":184,"column":25},"end":{"line":184,"column":64}},"112":{"start":{"line":186,"column":13},"end":{"line":186,"column":55}},"113":{"start":{"line":187,"column":2},"end":{"line":187,"column":56}},"114":{"start":{"line":187,"column":13},"end":{"line":187,"column":56}},"115":{"start":{"line":189,"column":20},"end":{"line":195,"column":3}},"116":{"start":{"line":191,"column":6},"end":{"line":194,"column":67}},"117":{"start":{"line":196,"column":2},"end":{"line":196,"column":103}},"118":{"start":{"line":196,"column":24},"end":{"line":196,"column":103}},"119":{"start":{"line":198,"column":23},"end":{"line":198,"column":44}},"120":{"start":{"line":200,"column":4},"end":{"line":202,"column":46}},"121":{"start":{"line":204,"column":23},"end":{"line":204,"column":80}},"122":{"start":{"line":206,"column":2},"end":{"line":208,"column":3}},"123":{"start":{"line":207,"column":4},"end":{"line":207,"column":105}},"124":{"start":{"line":210,"column":16},"end":{"line":210,"column":26}},"125":{"start":{"line":210,"column":28},"end":{"line":210,"column":55}},"126":{"start":{"line":211,"column":19},"end":{"line":211,"column":44}},"127":{"start":{"line":211,"column":46},"end":{"line":211,"column":87}},"128":{"start":{"line":212,"column":20},"end":{"line":212,"column":35}},"129":{"start":{"line":212,"column":37},"end":{"line":212,"column":68}},"130":{"start":{"line":213,"column":18},"end":{"line":213,"column":31}},"131":{"start":{"line":213,"column":33},"end":{"line":213,"column":62}},"132":{"start":{"line":215,"column":2},"end":{"line":215,"column":120}},"133":{"start":{"line":215,"column":50},"end":{"line":215,"column":120}},"134":{"start":{"line":216,"column":2},"end":{"line":216,"column":89}},"135":{"start":{"line":216,"column":27},"end":{"line":216,"column":89}},"136":{"start":{"line":218,"column":18},"end":{"line":218,"column":44}},"137":{"start":{"line":219,"column":25},"end":{"line":219,"column":81}},"138":{"start":{"line":220,"column":2},"end":{"line":222,"column":3}},"139":{"start":{"line":221,"column":4},"end":{"line":221,"column":79}},"140":{"start":{"line":224,"column":21},"end":{"line":224,"column":86}},"141":{"start":{"line":225,"column":22},"end":{"line":225,"column":63}},"142":{"start":{"line":226,"column":23},"end":{"line":226,"column":43}},"143":{"start":{"line":228,"column":2},"end":{"line":259,"column":3}},"144":{"start":{"line":229,"column":30},"end":{"line":236,"column":5}},"145":{"start":{"line":231,"column":8},"end":{"line":235,"column":58}},"146":{"start":{"line":238,"column":4},"end":{"line":256,"column":5}},"147":{"start":{"line":239,"column":26},"end":{"line":239,"column":78}},"148":{"start":{"line":240,"column":6},"end":{"line":242,"column":7}},"149":{"start":{"line":241,"column":8},"end":{"line":241,"column":116}},"150":{"start":{"line":243,"column":6},"end":{"line":243,"column":59}},"151":{"start":{"line":244,"column":6},"end":{"line":244,"column":60}},"152":{"start":{"line":245,"column":6},"end":{"line":245,"column":62}},"153":{"start":{"line":246,"column":6},"end":{"line":246,"column":64}},"154":{"start":{"line":247,"column":6},"end":{"line":247,"column":38}},"155":{"start":{"line":249,"column":6},"end":{"line":249,"column":40}},"156":{"start":{"line":250,"column":6},"end":{"line":250,"column":51}},"157":{"start":{"line":251,"column":6},"end":{"line":251,"column":46}},"158":{"start":{"line":252,"column":6},"end":{"line":252,"column":42}},"159":{"start":{"line":253,"column":6},"end":{"line":253,"column":52}},"160":{"start":{"line":254,"column":6},"end":{"line":254,"column":54}},"161":{"start":{"line":255,"column":6},"end":{"line":255,"column":56}},"162":{"start":{"line":258,"column":4},"end":{"line":258,"column":49}},"163":{"start":{"line":261,"column":2},"end":{"line":261,"column":20}},"164":{"start":{"line":262,"column":2},"end":{"line":266,"column":5}},"165":{"start":{"line":268,"column":2},"end":{"line":268,"column":14}},"166":{"start":{"line":271,"column":32},"end":{"line":273,"column":1}},"167":{"start":{"line":272,"column":2},"end":{"line":272,"column":54}},"168":{"start":{"line":275,"column":23},"end":{"line":299,"column":1}},"169":{"start":{"line":276,"column":2},"end":{"line":276,"column":74}},"170":{"start":{"line":276,"column":18},"end":{"line":276,"column":74}},"171":{"start":{"line":278,"column":13},"end":{"line":278,"column":55}},"172":{"start":{"line":279,"column":2},"end":{"line":279,"column":25}},"173":{"start":{"line":279,"column":13},"end":{"line":279,"column":25}},"174":{"start":{"line":281,"column":2},"end":{"line":295,"column":3}},"175":{"start":{"line":282,"column":18},"end":{"line":282,"column":47}},"176":{"start":{"line":283,"column":16},"end":{"line":283,"column":43}},"177":{"start":{"line":284,"column":4},"end":{"line":292,"column":6}},"178":{"start":{"line":286,"column":8},"end":{"line":291,"column":9}},"179":{"start":{"line":294,"column":4},"end":{"line":294,"column":84}},"180":{"start":{"line":294,"column":45},"end":{"line":294,"column":82}},"181":{"start":{"line":297,"column":2},"end":{"line":297,"column":20}},"182":{"start":{"line":298,"column":2},"end":{"line":298,"column":14}},"183":{"start":{"line":301,"column":0},"end":{"line":301,"column":95}}},"fnMap":{"0":{"name":"(anonymous_0)","decl":{"start":{"line":5,"column":20},"end":{"line":5,"column":21}},"loc":{"start":{"line":5,"column":38},"end":{"line":75,"column":1}},"line":5},"1":{"name":"(anonymous_1)","decl":{"start":{"line":20,"column":23},"end":{"line":20,"column":24}},"loc":{"start":{"line":21,"column":4},"end":{"line":73,"column":6}},"line":21},"2":{"name":"(anonymous_2)","decl":{"start":{"line":21,"column":19},"end":{"line":21,"column":20}},"loc":{"start":{"line":21,"column":29},"end":{"line":73,"column":5}},"line":21},"3":{"name":"(anonymous_3)","decl":{"start":{"line":49,"column":55},"end":{"line":49,"column":56}},"loc":{"start":{"line":49,"column":62},"end":{"line":49,"column":82}},"line":49},"4":{"name":"(anonymous_4)","decl":{"start":{"line":70,"column":46},"end":{"line":70,"column":47}},"loc":{"start":{"line":70,"column":53},"end":{"line":70,"column":73}},"line":70},"5":{"name":"(anonymous_5)","decl":{"start":{"line":77,"column":16},"end":{"line":77,"column":17}},"loc":{"start":{"line":77,"column":85},"end":{"line":162,"column":1}},"line":77},"6":{"name":"(anonymous_6)","decl":{"start":{"line":86,"column":40},"end":{"line":86,"column":41}},"loc":{"start":{"line":86,"column":47},"end":{"line":86,"column":62}},"line":86},"7":{"name":"(anonymous_7)","decl":{"start":{"line":116,"column":6},"end":{"line":116,"column":7}},"loc":{"start":{"line":117,"column":8},"end":{"line":122,"column":59}},"line":117},"8":{"name":"(anonymous_8)","decl":{"start":{"line":130,"column":6},"end":{"line":130,"column":7}},"loc":{"start":{"line":131,"column":8},"end":{"line":134,"column":58}},"line":131},"9":{"name":"(anonymous_9)","decl":{"start":{"line":164,"column":19},"end":{"line":164,"column":20}},"loc":{"start":{"line":164,"column":123},"end":{"line":269,"column":1}},"line":164},"10":{"name":"(anonymous_10)","decl":{"start":{"line":174,"column":40},"end":{"line":174,"column":41}},"loc":{"start":{"line":174,"column":47},"end":{"line":174,"column":62}},"line":174},"11":{"name":"(anonymous_11)","decl":{"start":{"line":190,"column":4},"end":{"line":190,"column":5}},"loc":{"start":{"line":191,"column":6},"end":{"line":194,"column":67}},"line":191},"12":{"name":"(anonymous_12)","decl":{"start":{"line":230,"column":6},"end":{"line":230,"column":7}},"loc":{"start":{"line":231,"column":8},"end":{"line":235,"column":58}},"line":231},"13":{"name":"(anonymous_13)","decl":{"start":{"line":271,"column":32},"end":{"line":271,"column":33}},"loc":{"start":{"line":271,"column":50},"end":{"line":273,"column":1}},"line":271},"14":{"name":"(anonymous_14)","decl":{"start":{"line":275,"column":23},"end":{"line":275,"column":24}},"loc":{"start":{"line":275,"column":82},"end":{"line":299,"column":1}},"line":275},"15":{"name":"(anonymous_15)","decl":{"start":{"line":285,"column":6},"end":{"line":285,"column":7}},"loc":{"start":{"line":286,"column":8},"end":{"line":291,"column":9}},"line":286},"16":{"name":"(anonymous_16)","decl":{"start":{"line":294,"column":35},"end":{"line":294,"column":36}},"loc":{"start":{"line":294,"column":45},"end":{"line":294,"column":82}},"line":294}},"branchMap":{"0":{"loc":{"start":{"line":13,"column":2},"end":{"line":13,"column":69}},"type":"if","locations":[{"start":{"line":13,"column":2},"end":{"line":13,"column":69}},{"start":{},"end":{}}],"line":13},"1":{"loc":{"start":{"line":23,"column":6},"end":{"line":47,"column":7}},"type":"if","locations":[{"start":{"line":23,"column":6},"end":{"line":47,"column":7}},{"start":{},"end":{}}],"line":23},"2":{"loc":{"start":{"line":26,"column":8},"end":{"line":46,"column":9}},"type":"if","locations":[{"start":{"line":26,"column":8},"end":{"line":46,"column":9}},{"start":{"line":28,"column":15},"end":{"line":46,"column":9}}],"line":26},"3":{"loc":{"start":{"line":28,"column":15},"end":{"line":46,"column":9}},"type":"if","locations":[{"start":{"line":28,"column":15},"end":{"line":46,"column":9}},{"start":{"line":30,"column":15},"end":{"line":46,"column":9}}],"line":28},"4":{"loc":{"start":{"line":30,"column":15},"end":{"line":46,"column":9}},"type":"if","locations":[{"start":{"line":30,"column":15},"end":{"line":46,"column":9}},{"start":{},"end":{}}],"line":30},"5":{"loc":{"start":{"line":33,"column":10},"end":{"line":45,"column":11}},"type":"if","locations":[{"start":{"line":33,"column":10},"end":{"line":45,"column":11}},{"start":{"line":35,"column":17},"end":{"line":45,"column":11}}],"line":33},"6":{"loc":{"start":{"line":35,"column":17},"end":{"line":45,"column":11}},"type":"if","locations":[{"start":{"line":35,"column":17},"end":{"line":45,"column":11}},{"start":{"line":37,"column":17},"end":{"line":45,"column":11}}],"line":35},"7":{"loc":{"start":{"line":37,"column":17},"end":{"line":45,"column":11}},"type":"if","locations":[{"start":{"line":37,"column":17},"end":{"line":45,"column":11}},{"start":{"line":39,"column":17},"end":{"line":45,"column":11}}],"line":37},"8":{"loc":{"start":{"line":41,"column":28},"end":{"line":41,"column":60}},"type":"binary-expr","locations":[{"start":{"line":41,"column":28},"end":{"line":41,"column":55}},{"start":{"line":41,"column":59},"end":{"line":41,"column":60}}],"line":41},"9":{"loc":{"start":{"line":42,"column":12},"end":{"line":44,"column":13}},"type":"if","locations":[{"start":{"line":42,"column":12},"end":{"line":44,"column":13}},{"start":{},"end":{}}],"line":42},"10":{"loc":{"start":{"line":50,"column":6},"end":{"line":52,"column":7}},"type":"if","locations":[{"start":{"line":50,"column":6},"end":{"line":52,"column":7}},{"start":{},"end":{}}],"line":50},"11":{"loc":{"start":{"line":50,"column":10},"end":{"line":50,"column":67}},"type":"binary-expr","locations":[{"start":{"line":50,"column":10},"end":{"line":50,"column":21}},{"start":{"line":50,"column":25},"end":{"line":50,"column":67}}],"line":50},"12":{"loc":{"start":{"line":58,"column":15},"end":{"line":58,"column":48}},"type":"binary-expr","locations":[{"start":{"line":58,"column":15},"end":{"line":58,"column":40}},{"start":{"line":58,"column":44},"end":{"line":58,"column":48}}],"line":58},"13":{"loc":{"start":{"line":68,"column":23},"end":{"line":68,"column":55}},"type":"binary-expr","locations":[{"start":{"line":68,"column":23},"end":{"line":68,"column":50}},{"start":{"line":68,"column":54},"end":{"line":68,"column":55}}],"line":68},"14":{"loc":{"start":{"line":69,"column":18},"end":{"line":69,"column":46}},"type":"binary-expr","locations":[{"start":{"line":69,"column":18},"end":{"line":69,"column":40}},{"start":{"line":69,"column":44},"end":{"line":69,"column":46}}],"line":69},"15":{"loc":{"start":{"line":70,"column":17},"end":{"line":70,"column":97}},"type":"binary-expr","locations":[{"start":{"line":70,"column":17},"end":{"line":70,"column":74}},{"start":{"line":70,"column":78},"end":{"line":70,"column":97}}],"line":70},"16":{"loc":{"start":{"line":79,"column":2},"end":{"line":79,"column":62}},"type":"if","locations":[{"start":{"line":79,"column":2},"end":{"line":79,"column":62}},{"start":{},"end":{}}],"line":79},"17":{"loc":{"start":{"line":82,"column":2},"end":{"line":84,"column":3}},"type":"if","locations":[{"start":{"line":82,"column":2},"end":{"line":84,"column":3}},{"start":{},"end":{}}],"line":82},"18":{"loc":{"start":{"line":82,"column":6},"end":{"line":82,"column":53}},"type":"binary-expr","locations":[{"start":{"line":82,"column":6},"end":{"line":82,"column":11}},{"start":{"line":82,"column":15},"end":{"line":82,"column":27}},{"start":{"line":82,"column":31},"end":{"line":82,"column":41}},{"start":{"line":82,"column":45},"end":{"line":82,"column":53}}],"line":82},"19":{"loc":{"start":{"line":87,"column":2},"end":{"line":87,"column":75}},"type":"if","locations":[{"start":{"line":87,"column":2},"end":{"line":87,"column":75}},{"start":{},"end":{}}],"line":87},"20":{"loc":{"start":{"line":88,"column":2},"end":{"line":90,"column":3}},"type":"if","locations":[{"start":{"line":88,"column":2},"end":{"line":90,"column":3}},{"start":{},"end":{}}],"line":88},"21":{"loc":{"start":{"line":94,"column":2},"end":{"line":94,"column":106}},"type":"if","locations":[{"start":{"line":94,"column":2},"end":{"line":94,"column":106}},{"start":{},"end":{}}],"line":94},"22":{"loc":{"start":{"line":94,"column":6},"end":{"line":94,"column":52}},"type":"binary-expr","locations":[{"start":{"line":94,"column":6},"end":{"line":94,"column":28}},{"start":{"line":94,"column":32},"end":{"line":94,"column":52}}],"line":94},"23":{"loc":{"start":{"line":104,"column":2},"end":{"line":104,"column":98}},"type":"if","locations":[{"start":{"line":104,"column":2},"end":{"line":104,"column":98}},{"start":{},"end":{}}],"line":104},"24":{"loc":{"start":{"line":105,"column":2},"end":{"line":105,"column":97}},"type":"if","locations":[{"start":{"line":105,"column":2},"end":{"line":105,"column":97}},{"start":{},"end":{}}],"line":105},"25":{"loc":{"start":{"line":112,"column":2},"end":{"line":151,"column":3}},"type":"if","locations":[{"start":{"line":112,"column":2},"end":{"line":151,"column":3}},{"start":{"line":114,"column":9},"end":{"line":151,"column":3}}],"line":112},"26":{"loc":{"start":{"line":117,"column":8},"end":{"line":122,"column":59}},"type":"binary-expr","locations":[{"start":{"line":117,"column":8},"end":{"line":117,"column":45}},{"start":{"line":118,"column":8},"end":{"line":118,"column":26}},{"start":{"line":119,"column":8},"end":{"line":119,"column":119}},{"start":{"line":121,"column":8},"end":{"line":121,"column":59}},{"start":{"line":122,"column":8},"end":{"line":122,"column":59}}],"line":117},"27":{"loc":{"start":{"line":119,"column":10},"end":{"line":119,"column":118}},"type":"binary-expr","locations":[{"start":{"line":119,"column":10},"end":{"line":119,"column":64}},{"start":{"line":119,"column":68},"end":{"line":119,"column":118}}],"line":119},"28":{"loc":{"start":{"line":125,"column":4},"end":{"line":127,"column":5}},"type":"if","locations":[{"start":{"line":125,"column":4},"end":{"line":127,"column":5}},{"start":{},"end":{}}],"line":125},"29":{"loc":{"start":{"line":131,"column":8},"end":{"line":134,"column":58}},"type":"binary-expr","locations":[{"start":{"line":131,"column":8},"end":{"line":131,"column":45}},{"start":{"line":132,"column":8},"end":{"line":132,"column":26}},{"start":{"line":133,"column":8},"end":{"line":133,"column":62}},{"start":{"line":134,"column":8},"end":{"line":134,"column":58}}],"line":131},"30":{"loc":{"start":{"line":137,"column":4},"end":{"line":150,"column":5}},"type":"if","locations":[{"start":{"line":137,"column":4},"end":{"line":150,"column":5}},{"start":{"line":148,"column":11},"end":{"line":150,"column":5}}],"line":137},"31":{"loc":{"start":{"line":140,"column":6},"end":{"line":142,"column":7}},"type":"if","locations":[{"start":{"line":140,"column":6},"end":{"line":142,"column":7}},{"start":{},"end":{}}],"line":140},"32":{"loc":{"start":{"line":153,"column":2},"end":{"line":159,"column":3}},"type":"if","locations":[{"start":{"line":153,"column":2},"end":{"line":159,"column":3}},{"start":{},"end":{}}],"line":153},"33":{"loc":{"start":{"line":166,"column":2},"end":{"line":166,"column":62}},"type":"if","locations":[{"start":{"line":166,"column":2},"end":{"line":166,"column":62}},{"start":{},"end":{}}],"line":166},"34":{"loc":{"start":{"line":167,"column":2},"end":{"line":167,"column":87}},"type":"if","locations":[{"start":{"line":167,"column":2},"end":{"line":167,"column":87}},{"start":{},"end":{}}],"line":167},"35":{"loc":{"start":{"line":170,"column":2},"end":{"line":172,"column":3}},"type":"if","locations":[{"start":{"line":170,"column":2},"end":{"line":172,"column":3}},{"start":{},"end":{}}],"line":170},"36":{"loc":{"start":{"line":170,"column":6},"end":{"line":170,"column":53}},"type":"binary-expr","locations":[{"start":{"line":170,"column":6},"end":{"line":170,"column":11}},{"start":{"line":170,"column":15},"end":{"line":170,"column":27}},{"start":{"line":170,"column":31},"end":{"line":170,"column":41}},{"start":{"line":170,"column":45},"end":{"line":170,"column":53}}],"line":170},"37":{"loc":{"start":{"line":175,"column":2},"end":{"line":175,"column":75}},"type":"if","locations":[{"start":{"line":175,"column":2},"end":{"line":175,"column":75}},{"start":{},"end":{}}],"line":175},"38":{"loc":{"start":{"line":176,"column":2},"end":{"line":176,"column":74}},"type":"if","locations":[{"start":{"line":176,"column":2},"end":{"line":176,"column":74}},{"start":{},"end":{}}],"line":176},"39":{"loc":{"start":{"line":180,"column":2},"end":{"line":180,"column":106}},"type":"if","locations":[{"start":{"line":180,"column":2},"end":{"line":180,"column":106}},{"start":{},"end":{}}],"line":180},"40":{"loc":{"start":{"line":180,"column":6},"end":{"line":180,"column":52}},"type":"binary-expr","locations":[{"start":{"line":180,"column":6},"end":{"line":180,"column":28}},{"start":{"line":180,"column":32},"end":{"line":180,"column":52}}],"line":180},"41":{"loc":{"start":{"line":182,"column":26},"end":{"line":182,"column":41}},"type":"binary-expr","locations":[{"start":{"line":182,"column":26},"end":{"line":182,"column":33}},{"start":{"line":182,"column":37},"end":{"line":182,"column":41}}],"line":182},"42":{"loc":{"start":{"line":183,"column":27},"end":{"line":183,"column":72}},"type":"cond-expr","locations":[{"start":{"line":183,"column":42},"end":{"line":183,"column":64}},{"start":{"line":183,"column":67},"end":{"line":183,"column":72}}],"line":183},"43":{"loc":{"start":{"line":184,"column":25},"end":{"line":184,"column":64}},"type":"cond-expr","locations":[{"start":{"line":184,"column":38},"end":{"line":184,"column":58}},{"start":{"line":184,"column":61},"end":{"line":184,"column":64}}],"line":184},"44":{"loc":{"start":{"line":187,"column":2},"end":{"line":187,"column":56}},"type":"if","locations":[{"start":{"line":187,"column":2},"end":{"line":187,"column":56}},{"start":{},"end":{}}],"line":187},"45":{"loc":{"start":{"line":191,"column":6},"end":{"line":194,"column":67}},"type":"binary-expr","locations":[{"start":{"line":191,"column":6},"end":{"line":191,"column":43}},{"start":{"line":192,"column":6},"end":{"line":192,"column":35}},{"start":{"line":193,"column":6},"end":{"line":193,"column":71}},{"start":{"line":194,"column":6},"end":{"line":194,"column":67}}],"line":191},"46":{"loc":{"start":{"line":196,"column":2},"end":{"line":196,"column":103}},"type":"if","locations":[{"start":{"line":196,"column":2},"end":{"line":196,"column":103}},{"start":{},"end":{}}],"line":196},"47":{"loc":{"start":{"line":200,"column":4},"end":{"line":202,"column":46}},"type":"binary-expr","locations":[{"start":{"line":200,"column":4},"end":{"line":200,"column":28}},{"start":{"line":201,"column":4},"end":{"line":201,"column":50}},{"start":{"line":202,"column":4},"end":{"line":202,"column":46}}],"line":200},"48":{"loc":{"start":{"line":204,"column":23},"end":{"line":204,"column":80}},"type":"binary-expr","locations":[{"start":{"line":204,"column":23},"end":{"line":204,"column":41}},{"start":{"line":204,"column":45},"end":{"line":204,"column":80}}],"line":204},"49":{"loc":{"start":{"line":206,"column":2},"end":{"line":208,"column":3}},"type":"if","locations":[{"start":{"line":206,"column":2},"end":{"line":208,"column":3}},{"start":{},"end":{}}],"line":206},"50":{"loc":{"start":{"line":206,"column":6},"end":{"line":206,"column":59}},"type":"binary-expr","locations":[{"start":{"line":206,"column":6},"end":{"line":206,"column":19}},{"start":{"line":206,"column":23},"end":{"line":206,"column":59}}],"line":206},"51":{"loc":{"start":{"line":215,"column":2},"end":{"line":215,"column":120}},"type":"if","locations":[{"start":{"line":215,"column":2},"end":{"line":215,"column":120}},{"start":{},"end":{}}],"line":215},"52":{"loc":{"start":{"line":215,"column":6},"end":{"line":215,"column":48}},"type":"binary-expr","locations":[{"start":{"line":215,"column":6},"end":{"line":215,"column":26}},{"start":{"line":215,"column":30},"end":{"line":215,"column":48}}],"line":215},"53":{"loc":{"start":{"line":216,"column":2},"end":{"line":216,"column":89}},"type":"if","locations":[{"start":{"line":216,"column":2},"end":{"line":216,"column":89}},{"start":{},"end":{}}],"line":216},"54":{"loc":{"start":{"line":218,"column":18},"end":{"line":218,"column":44}},"type":"binary-expr","locations":[{"start":{"line":218,"column":18},"end":{"line":218,"column":39}},{"start":{"line":218,"column":43},"end":{"line":218,"column":44}}],"line":218},"55":{"loc":{"start":{"line":220,"column":2},"end":{"line":222,"column":3}},"type":"if","locations":[{"start":{"line":220,"column":2},"end":{"line":222,"column":3}},{"start":{},"end":{}}],"line":220},"56":{"loc":{"start":{"line":225,"column":22},"end":{"line":225,"column":63}},"type":"binary-expr","locations":[{"start":{"line":225,"column":22},"end":{"line":225,"column":41}},{"start":{"line":225,"column":45},"end":{"line":225,"column":58}},{"start":{"line":225,"column":62},"end":{"line":225,"column":63}}],"line":225},"57":{"loc":{"start":{"line":226,"column":23},"end":{"line":226,"column":43}},"type":"binary-expr","locations":[{"start":{"line":226,"column":23},"end":{"line":226,"column":38}},{"start":{"line":226,"column":42},"end":{"line":226,"column":43}}],"line":226},"58":{"loc":{"start":{"line":228,"column":2},"end":{"line":259,"column":3}},"type":"if","locations":[{"start":{"line":228,"column":2},"end":{"line":259,"column":3}},{"start":{"line":257,"column":9},"end":{"line":259,"column":3}}],"line":228},"59":{"loc":{"start":{"line":231,"column":8},"end":{"line":235,"column":58}},"type":"binary-expr","locations":[{"start":{"line":231,"column":8},"end":{"line":231,"column":25}},{"start":{"line":232,"column":8},"end":{"line":232,"column":45}},{"start":{"line":233,"column":8},"end":{"line":233,"column":26}},{"start":{"line":234,"column":8},"end":{"line":234,"column":62}},{"start":{"line":235,"column":8},"end":{"line":235,"column":58}}],"line":231},"60":{"loc":{"start":{"line":238,"column":4},"end":{"line":256,"column":5}},"type":"if","locations":[{"start":{"line":238,"column":4},"end":{"line":256,"column":5}},{"start":{"line":248,"column":11},"end":{"line":256,"column":5}}],"line":238},"61":{"loc":{"start":{"line":240,"column":6},"end":{"line":242,"column":7}},"type":"if","locations":[{"start":{"line":240,"column":6},"end":{"line":242,"column":7}},{"start":{},"end":{}}],"line":240},"62":{"loc":{"start":{"line":276,"column":2},"end":{"line":276,"column":74}},"type":"if","locations":[{"start":{"line":276,"column":2},"end":{"line":276,"column":74}},{"start":{},"end":{}}],"line":276},"63":{"loc":{"start":{"line":279,"column":2},"end":{"line":279,"column":25}},"type":"if","locations":[{"start":{"line":279,"column":2},"end":{"line":279,"column":25}},{"start":{},"end":{}}],"line":279},"64":{"loc":{"start":{"line":281,"column":2},"end":{"line":295,"column":3}},"type":"if","locations":[{"start":{"line":281,"column":2},"end":{"line":295,"column":3}},{"start":{"line":293,"column":9},"end":{"line":295,"column":3}}],"line":281},"65":{"loc":{"start":{"line":281,"column":6},"end":{"line":281,"column":34}},"type":"binary-expr","locations":[{"start":{"line":281,"column":6},"end":{"line":281,"column":10}},{"start":{"line":281,"column":14},"end":{"line":281,"column":23}},{"start":{"line":281,"column":27},"end":{"line":281,"column":34}}],"line":281},"66":{"loc":{"start":{"line":287,"column":10},"end":{"line":290,"column":50}},"type":"binary-expr","locations":[{"start":{"line":287,"column":10},"end":{"line":287,"column":47}},{"start":{"line":288,"column":10},"end":{"line":288,"column":28}},{"start":{"line":289,"column":10},"end":{"line":289,"column":54}},{"start":{"line":290,"column":10},"end":{"line":290,"column":50}}],"line":287}},"s":{"0":1,"1":1,"2":1,"3":1,"4":3,"5":3,"6":1,"7":2,"8":2,"9":2,"10":2,"11":2,"12":3,"13":3,"14":3,"15":3,"16":3,"17":3,"18":0,"19":3,"20":0,"21":3,"22":3,"23":3,"24":3,"25":0,"26":3,"27":0,"28":3,"29":0,"30":3,"31":3,"32":3,"33":2,"34":3,"35":1,"36":3,"37":0,"38":3,"39":1,"40":1,"41":15,"42":15,"43":1,"44":14,"45":14,"46":0,"47":14,"48":16,"49":14,"50":1,"51":13,"52":1,"53":12,"54":12,"55":12,"56":1,"57":11,"58":11,"59":11,"60":11,"61":11,"62":11,"63":11,"64":11,"65":11,"66":1,"67":10,"68":2,"69":8,"70":8,"71":8,"72":8,"73":1,"74":7,"75":6,"76":7,"77":2,"78":5,"79":4,"80":5,"81":2,"82":2,"83":2,"84":1,"85":1,"86":3,"87":5,"88":5,"89":5,"90":1,"91":10,"92":10,"93":1,"94":9,"95":1,"96":8,"97":8,"98":0,"99":8,"100":8,"101":8,"102":0,"103":8,"104":1,"105":7,"106":7,"107":7,"108":0,"109":7,"110":7,"111":7,"112":7,"113":7,"114":1,"115":6,"116":6,"117":6,"118":1,"119":5,"120":5,"121":5,"122":5,"123":1,"124":4,"125":4,"126":4,"127":4,"128":4,"129":4,"130":4,"131":4,"132":4,"133":1,"134":3,"135":0,"136":3,"137":3,"138":3,"139":0,"140":3,"141":3,"142":3,"143":3,"144":2,"145":4,"146":2,"147":2,"148":2,"149":1,"150":1,"151":1,"152":1,"153":1,"154":1,"155":0,"156":0,"157":0,"158":0,"159":0,"160":0,"161":0,"162":1,"163":2,"164":2,"165":2,"166":1,"167":2,"168":1,"169":4,"170":1,"171":3,"172":3,"173":1,"174":2,"175":2,"176":2,"177":2,"178":3,"179":0,"180":0,"181":2,"182":2,"183":1},"f":{"0":3,"1":3,"2":3,"3":1,"4":1,"5":15,"6":16,"7":6,"8":4,"9":10,"10":8,"11":6,"12":4,"13":2,"14":4,"15":3,"16":0},"b":{"0":[1,2],"1":[3,0],"2":[0,3],"3":[0,3],"4":[3,0],"5":[0,3],"6":[0,3],"7":[0,3],"8":[3,3],"9":[2,1],"10":[0,3],"11":[3,1],"12":[3,1],"13":[3,3],"14":[3,0],"15":[3,2],"16":[1,14],"17":[0,14],"18":[14,14,14,14],"19":[1,13],"20":[1,12],"21":[1,11],"22":[12,11],"23":[1,10],"24":[2,8],"25":[1,7],"26":[6,6,5,3,3],"27":[5,2],"28":[2,5],"29":[4,4,3,2],"30":[2,3],"31":[1,1],"32":[5,0],"33":[1,9],"34":[1,8],"35":[0,8],"36":[8,8,8,8],"37":[0,8],"38":[1,7],"39":[0,7],"40":[7,7],"41":[7,4],"42":[3,4],"43":[3,4],"44":[1,6],"45":[6,6,6,5],"46":[1,5],"47":[5,5,3],"48":[5,3],"49":[1,4],"50":[5,5],"51":[1,3],"52":[4,3],"53":[0,3],"54":[3,0],"55":[0,3],"56":[3,0,0],"57":[3,0],"58":[2,1],"59":[4,2,2,2,2],"60":[2,0],"61":[1,1],"62":[1,3],"63":[1,2],"64":[2,0],"65":[2,2,2],"66":[3,2,1,1]},"_coverageSchema":"1a1c01bbd47fc00a2c39e90264f33305004495a9","hash":"e0f2f93307d63d126863782ae6418e4c690f95e9"}
,"E:\\FPT_University\\SUM2026\\WDP301\\CostumeHUB123\\be\\services\\category.service.js": {"path":"E:\\FPT_University\\SUM2026\\WDP301\\CostumeHUB123\\be\\services\\category.service.js","statementMap":{"0":{"start":{"line":1,"column":17},"end":{"line":1,"column":52}},"1":{"start":{"line":2,"column":18},"end":{"line":2,"column":55}},"2":{"start":{"line":4,"column":25},"end":{"line":7,"column":1}},"3":{"start":{"line":5,"column":17},"end":{"line":5,"column":62}},"4":{"start":{"line":6,"column":2},"end":{"line":6,"column":54}},"5":{"start":{"line":9,"column":23},"end":{"line":16,"column":1}},"6":{"start":{"line":10,"column":19},"end":{"line":10,"column":51}},"7":{"start":{"line":11,"column":2},"end":{"line":11,"column":69}},"8":{"start":{"line":11,"column":16},"end":{"line":11,"column":69}},"9":{"start":{"line":13,"column":19},"end":{"line":13,"column":82}},"10":{"start":{"line":14,"column":2},"end":{"line":14,"column":24}},"11":{"start":{"line":15,"column":2},"end":{"line":15,"column":18}},"12":{"start":{"line":18,"column":23},"end":{"line":32,"column":1}},"13":{"start":{"line":19,"column":19},"end":{"line":19,"column":46}},"14":{"start":{"line":20,"column":2},"end":{"line":20,"column":65}},"15":{"start":{"line":20,"column":17},"end":{"line":20,"column":65}},"16":{"start":{"line":22,"column":2},"end":{"line":26,"column":3}},"17":{"start":{"line":23,"column":21},"end":{"line":23,"column":71}},"18":{"start":{"line":24,"column":4},"end":{"line":24,"column":76}},"19":{"start":{"line":24,"column":18},"end":{"line":24,"column":76}},"20":{"start":{"line":25,"column":4},"end":{"line":25,"column":25}},"21":{"start":{"line":27,"column":2},"end":{"line":27,"column":68}},"22":{"start":{"line":27,"column":33},"end":{"line":27,"column":68}},"23":{"start":{"line":28,"column":2},"end":{"line":28,"column":67}},"24":{"start":{"line":28,"column":30},"end":{"line":28,"column":67}},"25":{"start":{"line":30,"column":2},"end":{"line":30,"column":24}},"26":{"start":{"line":31,"column":2},"end":{"line":31,"column":18}},"27":{"start":{"line":34,"column":29},"end":{"line":55,"column":1}},"28":{"start":{"line":35,"column":19},"end":{"line":35,"column":46}},"29":{"start":{"line":36,"column":2},"end":{"line":36,"column":65}},"30":{"start":{"line":36,"column":17},"end":{"line":36,"column":65}},"31":{"start":{"line":38,"column":20},"end":{"line":38,"column":74}},"32":{"start":{"line":40,"column":2},"end":{"line":45,"column":3}},"33":{"start":{"line":41,"column":19},"end":{"line":41,"column":61}},"34":{"start":{"line":42,"column":4},"end":{"line":44,"column":5}},"35":{"start":{"line":43,"column":6},"end":{"line":43,"column":96}},"36":{"start":{"line":47,"column":2},"end":{"line":47,"column":32}},"37":{"start":{"line":48,"column":2},"end":{"line":48,"column":24}},"38":{"start":{"line":50,"column":2},"end":{"line":52,"column":3}},"39":{"start":{"line":51,"column":4},"end":{"line":51,"column":69}},"40":{"start":{"line":54,"column":2},"end":{"line":54,"column":18}},"41":{"start":{"line":57,"column":0},"end":{"line":57,"column":92}}},"fnMap":{"0":{"name":"(anonymous_0)","decl":{"start":{"line":4,"column":25},"end":{"line":4,"column":26}},"loc":{"start":{"line":4,"column":45},"end":{"line":7,"column":1}},"line":4},"1":{"name":"(anonymous_1)","decl":{"start":{"line":9,"column":23},"end":{"line":9,"column":24}},"loc":{"start":{"line":9,"column":66},"end":{"line":16,"column":1}},"line":9},"2":{"name":"(anonymous_2)","decl":{"start":{"line":18,"column":23},"end":{"line":18,"column":24}},"loc":{"start":{"line":18,"column":70},"end":{"line":32,"column":1}},"line":18},"3":{"name":"(anonymous_3)","decl":{"start":{"line":34,"column":29},"end":{"line":34,"column":30}},"loc":{"start":{"line":34,"column":53},"end":{"line":55,"column":1}},"line":34}},"branchMap":{"0":{"loc":{"start":{"line":5,"column":17},"end":{"line":5,"column":62}},"type":"cond-expr","locations":[{"start":{"line":5,"column":39},"end":{"line":5,"column":41}},{"start":{"line":5,"column":44},"end":{"line":5,"column":62}}],"line":5},"1":{"loc":{"start":{"line":11,"column":2},"end":{"line":11,"column":69}},"type":"if","locations":[{"start":{"line":11,"column":2},"end":{"line":11,"column":69}},{"start":{},"end":{}}],"line":11},"2":{"loc":{"start":{"line":13,"column":63},"end":{"line":13,"column":79}},"type":"binary-expr","locations":[{"start":{"line":13,"column":63},"end":{"line":13,"column":71}},{"start":{"line":13,"column":75},"end":{"line":13,"column":79}}],"line":13},"3":{"loc":{"start":{"line":20,"column":2},"end":{"line":20,"column":65}},"type":"if","locations":[{"start":{"line":20,"column":2},"end":{"line":20,"column":65}},{"start":{},"end":{}}],"line":20},"4":{"loc":{"start":{"line":22,"column":2},"end":{"line":26,"column":3}},"type":"if","locations":[{"start":{"line":22,"column":2},"end":{"line":26,"column":3}},{"start":{},"end":{}}],"line":22},"5":{"loc":{"start":{"line":24,"column":4},"end":{"line":24,"column":76}},"type":"if","locations":[{"start":{"line":24,"column":4},"end":{"line":24,"column":76}},{"start":{},"end":{}}],"line":24},"6":{"loc":{"start":{"line":27,"column":2},"end":{"line":27,"column":68}},"type":"if","locations":[{"start":{"line":27,"column":2},"end":{"line":27,"column":68}},{"start":{},"end":{}}],"line":27},"7":{"loc":{"start":{"line":28,"column":2},"end":{"line":28,"column":67}},"type":"if","locations":[{"start":{"line":28,"column":2},"end":{"line":28,"column":67}},{"start":{},"end":{}}],"line":28},"8":{"loc":{"start":{"line":28,"column":50},"end":{"line":28,"column":66}},"type":"binary-expr","locations":[{"start":{"line":28,"column":50},"end":{"line":28,"column":58}},{"start":{"line":28,"column":62},"end":{"line":28,"column":66}}],"line":28},"9":{"loc":{"start":{"line":36,"column":2},"end":{"line":36,"column":65}},"type":"if","locations":[{"start":{"line":36,"column":2},"end":{"line":36,"column":65}},{"start":{},"end":{}}],"line":36},"10":{"loc":{"start":{"line":38,"column":20},"end":{"line":38,"column":74}},"type":"cond-expr","locations":[{"start":{"line":38,"column":45},"end":{"line":38,"column":53}},{"start":{"line":38,"column":56},"end":{"line":38,"column":74}}],"line":38},"11":{"loc":{"start":{"line":40,"column":2},"end":{"line":45,"column":3}},"type":"if","locations":[{"start":{"line":40,"column":2},"end":{"line":45,"column":3}},{"start":{},"end":{}}],"line":40},"12":{"loc":{"start":{"line":40,"column":6},"end":{"line":40,"column":36}},"type":"binary-expr","locations":[{"start":{"line":40,"column":6},"end":{"line":40,"column":15}},{"start":{"line":40,"column":19},"end":{"line":40,"column":36}}],"line":40},"13":{"loc":{"start":{"line":42,"column":4},"end":{"line":44,"column":5}},"type":"if","locations":[{"start":{"line":42,"column":4},"end":{"line":44,"column":5}},{"start":{},"end":{}}],"line":42},"14":{"loc":{"start":{"line":42,"column":8},"end":{"line":42,"column":34}},"type":"binary-expr","locations":[{"start":{"line":42,"column":8},"end":{"line":42,"column":14}},{"start":{"line":42,"column":18},"end":{"line":42,"column":34}}],"line":42},"15":{"loc":{"start":{"line":50,"column":2},"end":{"line":52,"column":3}},"type":"if","locations":[{"start":{"line":50,"column":2},"end":{"line":52,"column":3}},{"start":{},"end":{}}],"line":50}},"s":{"0":1,"1":1,"2":1,"3":2,"4":2,"5":1,"6":5,"7":5,"8":2,"9":3,"10":3,"11":3,"12":1,"13":5,"14":5,"15":1,"16":4,"17":4,"18":4,"19":1,"20":3,"21":3,"22":2,"23":3,"24":2,"25":3,"26":3,"27":1,"28":5,"29":5,"30":1,"31":4,"32":4,"33":4,"34":4,"35":1,"36":3,"37":3,"38":3,"39":0,"40":3,"41":1},"f":{"0":2,"1":5,"2":5,"3":5},"b":{"0":[1,1],"1":[2,3],"2":[3,1],"3":[1,4],"4":[4,0],"5":[1,3],"6":[2,1],"7":[2,1],"8":[2,0],"9":[1,4],"10":[4,0],"11":[4,0],"12":[4,4],"13":[1,3],"14":[4,4],"15":[0,3]},"_coverageSchema":"1a1c01bbd47fc00a2c39e90264f33305004495a9","hash":"a4d6cb43769262c436782bb08b1a826f851c8ebc"}
,"E:\\FPT_University\\SUM2026\\WDP301\\CostumeHUB123\\be\\services\\cloudinary.service.js": {"path":"E:\\FPT_University\\SUM2026\\WDP301\\CostumeHUB123\\be\\services\\cloudinary.service.js","statementMap":{"0":{"start":{"line":1,"column":19},"end":{"line":1,"column":43}},"1":{"start":{"line":3,"column":0},"end":{"line":7,"column":3}},"2":{"start":{"line":9,"column":20},"end":{"line":18,"column":1}},"3":{"start":{"line":10,"column":17},"end":{"line":15,"column":3}},"4":{"start":{"line":17,"column":2},"end":{"line":17,"column":27}},"5":{"start":{"line":20,"column":25},"end":{"line":30,"column":1}},"6":{"start":{"line":21,"column":17},"end":{"line":27,"column":3}},"7":{"start":{"line":29,"column":2},"end":{"line":29,"column":27}},"8":{"start":{"line":32,"column":0},"end":{"line":32,"column":51}}},"fnMap":{"0":{"name":"(anonymous_0)","decl":{"start":{"line":9,"column":20},"end":{"line":9,"column":21}},"loc":{"start":{"line":9,"column":40},"end":{"line":18,"column":1}},"line":9},"1":{"name":"(anonymous_1)","decl":{"start":{"line":20,"column":25},"end":{"line":20,"column":26}},"loc":{"start":{"line":20,"column":45},"end":{"line":30,"column":1}},"line":20}},"branchMap":{},"s":{"0":1,"1":1,"2":1,"3":0,"4":0,"5":1,"6":0,"7":0,"8":1},"f":{"0":0,"1":0},"b":{},"_coverageSchema":"1a1c01bbd47fc00a2c39e90264f33305004495a9","hash":"9d33314eb6d63baf7bdea4b4acaea3db5c70805e"}
,"E:\\FPT_University\\SUM2026\\WDP301\\CostumeHUB123\\be\\services\\costume.service.js": {"path":"E:\\FPT_University\\SUM2026\\WDP301\\CostumeHUB123\\be\\services\\costume.service.js","statementMap":{"0":{"start":{"line":1,"column":17},"end":{"line":1,"column":36}},"1":{"start":{"line":2,"column":16},"end":{"line":2,"column":50}},"2":{"start":{"line":3,"column":17},"end":{"line":3,"column":52}},"3":{"start":{"line":4,"column":18},"end":{"line":4,"column":55}},"4":{"start":{"line":6,"column":23},"end":{"line":85,"column":1}},"5":{"start":{"line":7,"column":104},"end":{"line":7,"column":109}},"6":{"start":{"line":8,"column":17},"end":{"line":8,"column":46}},"7":{"start":{"line":10,"column":29},"end":{"line":10,"column":31}},"8":{"start":{"line":11,"column":2},"end":{"line":11,"column":56}},"9":{"start":{"line":11,"column":18},"end":{"line":11,"column":56}},"10":{"start":{"line":12,"column":2},"end":{"line":15,"column":3}},"11":{"start":{"line":13,"column":16},"end":{"line":13,"column":57}},"12":{"start":{"line":14,"column":4},"end":{"line":14,"column":38}},"13":{"start":{"line":17,"column":2},"end":{"line":36,"column":3}},"14":{"start":{"line":18,"column":23},"end":{"line":20,"column":5}},"15":{"start":{"line":19,"column":6},"end":{"line":19,"column":78}},"16":{"start":{"line":19,"column":12},"end":{"line":19,"column":51}},"17":{"start":{"line":19,"column":66},"end":{"line":19,"column":76}},"18":{"start":{"line":21,"column":28},"end":{"line":27,"column":6}},"19":{"start":{"line":28,"column":21},"end":{"line":28,"column":65}},"20":{"start":{"line":28,"column":48},"end":{"line":28,"column":64}},"21":{"start":{"line":29,"column":21},"end":{"line":29,"column":73}},"22":{"start":{"line":31,"column":4},"end":{"line":35,"column":6}},"23":{"start":{"line":38,"column":2},"end":{"line":42,"column":3}},"24":{"start":{"line":39,"column":4},"end":{"line":39,"column":28}},"25":{"start":{"line":40,"column":4},"end":{"line":40,"column":61}},"26":{"start":{"line":40,"column":18},"end":{"line":40,"column":61}},"27":{"start":{"line":41,"column":4},"end":{"line":41,"column":61}},"28":{"start":{"line":41,"column":18},"end":{"line":41,"column":61}},"29":{"start":{"line":44,"column":2},"end":{"line":53,"column":3}},"30":{"start":{"line":45,"column":4},"end":{"line":50,"column":5}},"31":{"start":{"line":46,"column":6},"end":{"line":46,"column":27}},"32":{"start":{"line":48,"column":23},"end":{"line":48,"column":56}},"33":{"start":{"line":49,"column":6},"end":{"line":49,"column":65}},"34":{"start":{"line":49,"column":31},"end":{"line":49,"column":65}},"35":{"start":{"line":52,"column":4},"end":{"line":52,"column":51}},"36":{"start":{"line":55,"column":2},"end":{"line":55,"column":62}},"37":{"start":{"line":55,"column":14},"end":{"line":55,"column":62}},"38":{"start":{"line":57,"column":18},"end":{"line":64,"column":3}},"39":{"start":{"line":65,"column":21},"end":{"line":65,"column":55}},"40":{"start":{"line":67,"column":18},"end":{"line":67,"column":45}},"41":{"start":{"line":68,"column":19},"end":{"line":68,"column":61}},"42":{"start":{"line":69,"column":15},"end":{"line":69,"column":39}},"43":{"start":{"line":71,"column":33},"end":{"line":74,"column":4}},"44":{"start":{"line":76,"column":2},"end":{"line":84,"column":4}},"45":{"start":{"line":87,"column":23},"end":{"line":91,"column":1}},"46":{"start":{"line":88,"column":18},"end":{"line":88,"column":75}},"47":{"start":{"line":89,"column":2},"end":{"line":89,"column":63}},"48":{"start":{"line":89,"column":16},"end":{"line":89,"column":63}},"49":{"start":{"line":90,"column":2},"end":{"line":90,"column":17}},"50":{"start":{"line":93,"column":22},"end":{"line":121,"column":1}},"51":{"start":{"line":97,"column":6},"end":{"line":97,"column":10}},"52":{"start":{"line":99,"column":26},"end":{"line":99,"column":28}},"53":{"start":{"line":100,"column":2},"end":{"line":102,"column":3}},"54":{"start":{"line":101,"column":4},"end":{"line":101,"column":91}},"55":{"start":{"line":101,"column":45},"end":{"line":101,"column":88}},"56":{"start":{"line":104,"column":21},"end":{"line":117,"column":4}},"57":{"start":{"line":119,"column":2},"end":{"line":119,"column":26}},"58":{"start":{"line":120,"column":2},"end":{"line":120,"column":20}},"59":{"start":{"line":123,"column":22},"end":{"line":169,"column":1}},"60":{"start":{"line":124,"column":18},"end":{"line":124,"column":44}},"61":{"start":{"line":125,"column":2},"end":{"line":125,"column":63}},"62":{"start":{"line":125,"column":16},"end":{"line":125,"column":63}},"63":{"start":{"line":127,"column":17},"end":{"line":131,"column":3}},"64":{"start":{"line":132,"column":2},"end":{"line":132,"column":78}},"65":{"start":{"line":132,"column":26},"end":{"line":132,"column":74}},"66":{"start":{"line":132,"column":53},"end":{"line":132,"column":74}},"67":{"start":{"line":134,"column":2},"end":{"line":165,"column":3}},"68":{"start":{"line":135,"column":24},"end":{"line":153,"column":6}},"69":{"start":{"line":136,"column":25},"end":{"line":136,"column":70}},"70":{"start":{"line":137,"column":23},"end":{"line":141,"column":7}},"71":{"start":{"line":139,"column":10},"end":{"line":140,"column":66}},"72":{"start":{"line":143,"column":6},"end":{"line":151,"column":7}},"73":{"start":{"line":144,"column":29},"end":{"line":144,"column":48}},"74":{"start":{"line":145,"column":25},"end":{"line":145,"column":53}},"75":{"start":{"line":146,"column":29},"end":{"line":146,"column":61}},"76":{"start":{"line":147,"column":28},"end":{"line":147,"column":64}},"77":{"start":{"line":148,"column":29},"end":{"line":148,"column":83}},"78":{"start":{"line":149,"column":21},"end":{"line":149,"column":44}},"79":{"start":{"line":150,"column":8},"end":{"line":150,"column":111}},"80":{"start":{"line":152,"column":6},"end":{"line":152,"column":71}},"81":{"start":{"line":154,"column":4},"end":{"line":154,"column":35}},"82":{"start":{"line":156,"column":4},"end":{"line":164,"column":5}},"83":{"start":{"line":157,"column":29},"end":{"line":157,"column":93}},"84":{"start":{"line":157,"column":60},"end":{"line":157,"column":89}},"85":{"start":{"line":158,"column":29},"end":{"line":158,"column":80}},"86":{"start":{"line":159,"column":6},"end":{"line":163,"column":7}},"87":{"start":{"line":160,"column":8},"end":{"line":160,"column":40}},"88":{"start":{"line":161,"column":13},"end":{"line":163,"column":7}},"89":{"start":{"line":162,"column":8},"end":{"line":162,"column":37}},"90":{"start":{"line":167,"column":2},"end":{"line":167,"column":23}},"91":{"start":{"line":168,"column":2},"end":{"line":168,"column":17}},"92":{"start":{"line":171,"column":22},"end":{"line":176,"column":1}},"93":{"start":{"line":172,"column":18},"end":{"line":172,"column":44}},"94":{"start":{"line":173,"column":2},"end":{"line":173,"column":63}},"95":{"start":{"line":173,"column":16},"end":{"line":173,"column":63}},"96":{"start":{"line":174,"column":2},"end":{"line":174,"column":28}},"97":{"start":{"line":175,"column":2},"end":{"line":175,"column":23}},"98":{"start":{"line":178,"column":0},"end":{"line":178,"column":97}}},"fnMap":{"0":{"name":"(anonymous_0)","decl":{"start":{"line":6,"column":23},"end":{"line":6,"column":24}},"loc":{"start":{"line":6,"column":40},"end":{"line":85,"column":1}},"line":6},"1":{"name":"(anonymous_1)","decl":{"start":{"line":18,"column":23},"end":{"line":18,"column":24}},"loc":{"start":{"line":18,"column":31},"end":{"line":20,"column":5}},"line":18},"2":{"name":"(anonymous_2)","decl":{"start":{"line":28,"column":41},"end":{"line":28,"column":42}},"loc":{"start":{"line":28,"column":48},"end":{"line":28,"column":64}},"line":28},"3":{"name":"(anonymous_3)","decl":{"start":{"line":87,"column":23},"end":{"line":87,"column":24}},"loc":{"start":{"line":87,"column":37},"end":{"line":91,"column":1}},"line":87},"4":{"name":"(anonymous_4)","decl":{"start":{"line":93,"column":22},"end":{"line":93,"column":23}},"loc":{"start":{"line":93,"column":46},"end":{"line":121,"column":1}},"line":93},"5":{"name":"(anonymous_5)","decl":{"start":{"line":101,"column":37},"end":{"line":101,"column":38}},"loc":{"start":{"line":101,"column":45},"end":{"line":101,"column":88}},"line":101},"6":{"name":"(anonymous_6)","decl":{"start":{"line":123,"column":22},"end":{"line":123,"column":23}},"loc":{"start":{"line":123,"column":42},"end":{"line":169,"column":1}},"line":123},"7":{"name":"(anonymous_7)","decl":{"start":{"line":132,"column":17},"end":{"line":132,"column":18}},"loc":{"start":{"line":132,"column":24},"end":{"line":132,"column":76}},"line":132},"8":{"name":"(anonymous_8)","decl":{"start":{"line":135,"column":42},"end":{"line":135,"column":43}},"loc":{"start":{"line":135,"column":56},"end":{"line":153,"column":5}},"line":135},"9":{"name":"(anonymous_9)","decl":{"start":{"line":138,"column":8},"end":{"line":138,"column":9}},"loc":{"start":{"line":139,"column":10},"end":{"line":140,"column":66}},"line":139},"10":{"name":"(anonymous_10)","decl":{"start":{"line":157,"column":48},"end":{"line":157,"column":49}},"loc":{"start":{"line":157,"column":60},"end":{"line":157,"column":89}},"line":157},"11":{"name":"(anonymous_11)","decl":{"start":{"line":171,"column":22},"end":{"line":171,"column":23}},"loc":{"start":{"line":171,"column":36},"end":{"line":176,"column":1}},"line":171}},"branchMap":{"0":{"loc":{"start":{"line":7,"column":72},"end":{"line":7,"column":80}},"type":"default-arg","locations":[{"start":{"line":7,"column":79},"end":{"line":7,"column":80}}],"line":7},"1":{"loc":{"start":{"line":7,"column":82},"end":{"line":7,"column":91}},"type":"default-arg","locations":[{"start":{"line":7,"column":90},"end":{"line":7,"column":91}}],"line":7},"2":{"loc":{"start":{"line":11,"column":2},"end":{"line":11,"column":56}},"type":"if","locations":[{"start":{"line":11,"column":2},"end":{"line":11,"column":56}},{"start":{},"end":{}}],"line":11},"3":{"loc":{"start":{"line":12,"column":2},"end":{"line":15,"column":3}},"type":"if","locations":[{"start":{"line":12,"column":2},"end":{"line":15,"column":3}},{"start":{},"end":{}}],"line":12},"4":{"loc":{"start":{"line":17,"column":2},"end":{"line":36,"column":3}},"type":"if","locations":[{"start":{"line":17,"column":2},"end":{"line":36,"column":3}},{"start":{},"end":{}}],"line":17},"5":{"loc":{"start":{"line":38,"column":2},"end":{"line":42,"column":3}},"type":"if","locations":[{"start":{"line":38,"column":2},"end":{"line":42,"column":3}},{"start":{},"end":{}}],"line":38},"6":{"loc":{"start":{"line":38,"column":6},"end":{"line":38,"column":26}},"type":"binary-expr","locations":[{"start":{"line":38,"column":6},"end":{"line":38,"column":14}},{"start":{"line":38,"column":18},"end":{"line":38,"column":26}}],"line":38},"7":{"loc":{"start":{"line":40,"column":4},"end":{"line":40,"column":61}},"type":"if","locations":[{"start":{"line":40,"column":4},"end":{"line":40,"column":61}},{"start":{},"end":{}}],"line":40},"8":{"loc":{"start":{"line":41,"column":4},"end":{"line":41,"column":61}},"type":"if","locations":[{"start":{"line":41,"column":4},"end":{"line":41,"column":61}},{"start":{},"end":{}}],"line":41},"9":{"loc":{"start":{"line":44,"column":2},"end":{"line":53,"column":3}},"type":"if","locations":[{"start":{"line":44,"column":2},"end":{"line":53,"column":3}},{"start":{"line":51,"column":9},"end":{"line":53,"column":3}}],"line":44},"10":{"loc":{"start":{"line":45,"column":4},"end":{"line":50,"column":5}},"type":"if","locations":[{"start":{"line":45,"column":4},"end":{"line":50,"column":5}},{"start":{"line":47,"column":11},"end":{"line":50,"column":5}}],"line":45},"11":{"loc":{"start":{"line":49,"column":6},"end":{"line":49,"column":65}},"type":"if","locations":[{"start":{"line":49,"column":6},"end":{"line":49,"column":65}},{"start":{},"end":{}}],"line":49},"12":{"loc":{"start":{"line":55,"column":2},"end":{"line":55,"column":62}},"type":"if","locations":[{"start":{"line":55,"column":2},"end":{"line":55,"column":62}},{"start":{},"end":{}}],"line":55},"13":{"loc":{"start":{"line":65,"column":21},"end":{"line":65,"column":55}},"type":"binary-expr","locations":[{"start":{"line":65,"column":21},"end":{"line":65,"column":34}},{"start":{"line":65,"column":38},"end":{"line":65,"column":55}}],"line":65},"14":{"loc":{"start":{"line":89,"column":2},"end":{"line":89,"column":63}},"type":"if","locations":[{"start":{"line":89,"column":2},"end":{"line":89,"column":63}},{"start":{},"end":{}}],"line":89},"15":{"loc":{"start":{"line":100,"column":2},"end":{"line":102,"column":3}},"type":"if","locations":[{"start":{"line":100,"column":2},"end":{"line":102,"column":3}},{"start":{},"end":{}}],"line":100},"16":{"loc":{"start":{"line":100,"column":6},"end":{"line":100,"column":41}},"type":"binary-expr","locations":[{"start":{"line":100,"column":6},"end":{"line":100,"column":14}},{"start":{"line":100,"column":18},"end":{"line":100,"column":41}}],"line":100},"17":{"loc":{"start":{"line":101,"column":69},"end":{"line":101,"column":86}},"type":"binary-expr","locations":[{"start":{"line":101,"column":69},"end":{"line":101,"column":81}},{"start":{"line":101,"column":85},"end":{"line":101,"column":86}}],"line":101},"18":{"loc":{"start":{"line":106,"column":12},"end":{"line":106,"column":24}},"type":"binary-expr","locations":[{"start":{"line":106,"column":12},"end":{"line":106,"column":18}},{"start":{"line":106,"column":22},"end":{"line":106,"column":24}}],"line":106},"19":{"loc":{"start":{"line":108,"column":17},"end":{"line":108,"column":33}},"type":"binary-expr","locations":[{"start":{"line":108,"column":17},"end":{"line":108,"column":28}},{"start":{"line":108,"column":32},"end":{"line":108,"column":33}}],"line":108},"20":{"loc":{"start":{"line":109,"column":11},"end":{"line":109,"column":21}},"type":"binary-expr","locations":[{"start":{"line":109,"column":11},"end":{"line":109,"column":16}},{"start":{"line":109,"column":20},"end":{"line":109,"column":21}}],"line":109},"21":{"loc":{"start":{"line":110,"column":13},"end":{"line":110,"column":25}},"type":"binary-expr","locations":[{"start":{"line":110,"column":13},"end":{"line":110,"column":20}},{"start":{"line":110,"column":24},"end":{"line":110,"column":25}}],"line":110},"22":{"loc":{"start":{"line":111,"column":19},"end":{"line":111,"column":37}},"type":"binary-expr","locations":[{"start":{"line":111,"column":19},"end":{"line":111,"column":32}},{"start":{"line":111,"column":36},"end":{"line":111,"column":37}}],"line":111},"23":{"loc":{"start":{"line":112,"column":19},"end":{"line":112,"column":37}},"type":"binary-expr","locations":[{"start":{"line":112,"column":19},"end":{"line":112,"column":32}},{"start":{"line":112,"column":36},"end":{"line":112,"column":37}}],"line":112},"24":{"loc":{"start":{"line":113,"column":12},"end":{"line":113,"column":33}},"type":"binary-expr","locations":[{"start":{"line":113,"column":12},"end":{"line":113,"column":18}},{"start":{"line":113,"column":22},"end":{"line":113,"column":33}}],"line":113},"25":{"loc":{"start":{"line":114,"column":20},"end":{"line":114,"column":40}},"type":"binary-expr","locations":[{"start":{"line":114,"column":20},"end":{"line":114,"column":34}},{"start":{"line":114,"column":38},"end":{"line":114,"column":40}}],"line":114},"26":{"loc":{"start":{"line":125,"column":2},"end":{"line":125,"column":63}},"type":"if","locations":[{"start":{"line":125,"column":2},"end":{"line":125,"column":63}},{"start":{},"end":{}}],"line":125},"27":{"loc":{"start":{"line":132,"column":26},"end":{"line":132,"column":74}},"type":"if","locations":[{"start":{"line":132,"column":26},"end":{"line":132,"column":74}},{"start":{},"end":{}}],"line":132},"28":{"loc":{"start":{"line":134,"column":2},"end":{"line":165,"column":3}},"type":"if","locations":[{"start":{"line":134,"column":2},"end":{"line":165,"column":3}},{"start":{},"end":{}}],"line":134},"29":{"loc":{"start":{"line":134,"column":6},"end":{"line":134,"column":51}},"type":"binary-expr","locations":[{"start":{"line":134,"column":6},"end":{"line":134,"column":19}},{"start":{"line":134,"column":23},"end":{"line":134,"column":51}}],"line":134},"30":{"loc":{"start":{"line":136,"column":25},"end":{"line":136,"column":70}},"type":"cond-expr","locations":[{"start":{"line":136,"column":40},"end":{"line":136,"column":63}},{"start":{"line":136,"column":66},"end":{"line":136,"column":70}}],"line":136},"31":{"loc":{"start":{"line":139,"column":10},"end":{"line":140,"column":66}},"type":"binary-expr","locations":[{"start":{"line":139,"column":11},"end":{"line":139,"column":23}},{"start":{"line":139,"column":27},"end":{"line":139,"column":32}},{"start":{"line":139,"column":36},"end":{"line":139,"column":58}},{"start":{"line":140,"column":11},"end":{"line":140,"column":21}},{"start":{"line":140,"column":25},"end":{"line":140,"column":30}},{"start":{"line":140,"column":34},"end":{"line":140,"column":65}}],"line":139},"32":{"loc":{"start":{"line":143,"column":6},"end":{"line":151,"column":7}},"type":"if","locations":[{"start":{"line":143,"column":6},"end":{"line":151,"column":7}},{"start":{},"end":{}}],"line":143},"33":{"loc":{"start":{"line":145,"column":25},"end":{"line":145,"column":53}},"type":"binary-expr","locations":[{"start":{"line":145,"column":25},"end":{"line":145,"column":48}},{"start":{"line":145,"column":52},"end":{"line":145,"column":53}}],"line":145},"34":{"loc":{"start":{"line":146,"column":29},"end":{"line":146,"column":61}},"type":"binary-expr","locations":[{"start":{"line":146,"column":29},"end":{"line":146,"column":56}},{"start":{"line":146,"column":60},"end":{"line":146,"column":61}}],"line":146},"35":{"loc":{"start":{"line":148,"column":51},"end":{"line":148,"column":82}},"type":"binary-expr","locations":[{"start":{"line":148,"column":51},"end":{"line":148,"column":70}},{"start":{"line":148,"column":74},"end":{"line":148,"column":82}}],"line":148},"36":{"loc":{"start":{"line":152,"column":44},"end":{"line":152,"column":68}},"type":"binary-expr","locations":[{"start":{"line":152,"column":44},"end":{"line":152,"column":63}},{"start":{"line":152,"column":67},"end":{"line":152,"column":68}}],"line":152},"37":{"loc":{"start":{"line":156,"column":4},"end":{"line":164,"column":5}},"type":"if","locations":[{"start":{"line":156,"column":4},"end":{"line":164,"column":5}},{"start":{},"end":{}}],"line":156},"38":{"loc":{"start":{"line":157,"column":67},"end":{"line":157,"column":88}},"type":"binary-expr","locations":[{"start":{"line":157,"column":67},"end":{"line":157,"column":83}},{"start":{"line":157,"column":87},"end":{"line":157,"column":88}}],"line":157},"39":{"loc":{"start":{"line":159,"column":6},"end":{"line":163,"column":7}},"type":"if","locations":[{"start":{"line":159,"column":6},"end":{"line":163,"column":7}},{"start":{"line":161,"column":13},"end":{"line":163,"column":7}}],"line":159},"40":{"loc":{"start":{"line":159,"column":10},"end":{"line":159,"column":74}},"type":"binary-expr","locations":[{"start":{"line":159,"column":10},"end":{"line":159,"column":30}},{"start":{"line":159,"column":34},"end":{"line":159,"column":74}}],"line":159},"41":{"loc":{"start":{"line":161,"column":13},"end":{"line":163,"column":7}},"type":"if","locations":[{"start":{"line":161,"column":13},"end":{"line":163,"column":7}},{"start":{},"end":{}}],"line":161},"42":{"loc":{"start":{"line":161,"column":17},"end":{"line":161,"column":72}},"type":"binary-expr","locations":[{"start":{"line":161,"column":17},"end":{"line":161,"column":35}},{"start":{"line":161,"column":39},"end":{"line":161,"column":72}}],"line":161},"43":{"loc":{"start":{"line":173,"column":2},"end":{"line":173,"column":63}},"type":"if","locations":[{"start":{"line":173,"column":2},"end":{"line":173,"column":63}},{"start":{},"end":{}}],"line":173}},"s":{"0":1,"1":1,"2":1,"3":1,"4":1,"5":9,"6":9,"7":9,"8":9,"9":2,"10":9,"11":0,"12":0,"13":9,"14":2,"15":5,"16":5,"17":3,"18":2,"19":2,"20":1,"21":2,"22":2,"23":9,"24":2,"25":2,"26":2,"27":2,"28":2,"29":9,"30":3,"31":1,"32":2,"33":2,"34":2,"35":6,"36":9,"37":1,"38":9,"39":9,"40":9,"41":9,"42":9,"43":9,"44":9,"45":1,"46":2,"47":2,"48":1,"49":1,"50":1,"51":3,"52":3,"53":3,"54":2,"55":4,"56":3,"57":3,"58":3,"59":1,"60":9,"61":9,"62":1,"63":8,"64":8,"65":128,"66":2,"67":8,"68":8,"69":10,"70":10,"71":10,"72":10,"73":8,"74":8,"75":8,"76":8,"77":8,"78":8,"79":8,"80":2,"81":8,"82":8,"83":8,"84":10,"85":8,"86":8,"87":2,"88":6,"89":1,"90":8,"91":8,"92":1,"93":2,"94":2,"95":1,"96":1,"97":1,"98":1},"f":{"0":9,"1":5,"2":1,"3":2,"4":3,"5":4,"6":9,"7":128,"8":10,"9":10,"10":10,"11":2},"b":{"0":[7],"1":[7],"2":[2,7],"3":[0,9],"4":[2,7],"5":[2,7],"6":[9,7],"7":[2,0],"8":[2,0],"9":[3,6],"10":[1,2],"11":[2,0],"12":[1,8],"13":[9,8],"14":[1,1],"15":[2,1],"16":[3,2],"17":[4,2],"18":[3,3],"19":[3,2],"20":[3,3],"21":[3,3],"22":[3,3],"23":[3,3],"24":[3,3],"25":[3,3],"26":[1,8],"27":[2,126],"28":[8,0],"29":[8,8],"30":[0,10],"31":[10,10,10,2,0,0],"32":[8,2],"33":[8,0],"34":[8,1],"35":[8,0],"36":[2,0],"37":[8,0],"38":[10,2],"39":[2,6],"40":[8,2],"41":[1,5],"42":[6,6],"43":[1,1]},"_coverageSchema":"1a1c01bbd47fc00a2c39e90264f33305004495a9","hash":"24935703298b8776aac0be880842aadd522df8fa"}
,"E:\\FPT_University\\SUM2026\\WDP301\\CostumeHUB123\\be\\services\\email.service.js": {"path":"E:\\FPT_University\\SUM2026\\WDP301\\CostumeHUB123\\be\\services\\email.service.js","statementMap":{"0":{"start":{"line":1,"column":19},"end":{"line":1,"column":40}},"1":{"start":{"line":3,"column":20},"end":{"line":12,"column":4}},"2":{"start":{"line":15,"column":18},"end":{"line":32,"column":1}},"3":{"start":{"line":16,"column":2},"end":{"line":31,"column":3}},"4":{"start":{"line":18,"column":17},"end":{"line":24,"column":6}},"5":{"start":{"line":26,"column":4},"end":{"line":26,"column":49}},"6":{"start":{"line":27,"column":4},"end":{"line":27,"column":16}},"7":{"start":{"line":29,"column":4},"end":{"line":29,"column":52}},"8":{"start":{"line":30,"column":4},"end":{"line":30,"column":14}},"9":{"start":{"line":34,"column":0},"end":{"line":34,"column":27}}},"fnMap":{"0":{"name":"(anonymous_0)","decl":{"start":{"line":15,"column":18},"end":{"line":15,"column":19}},"loc":{"start":{"line":15,"column":57},"end":{"line":32,"column":1}},"line":15}},"branchMap":{},"s":{"0":4,"1":4,"2":4,"3":2,"4":2,"5":1,"6":1,"7":1,"8":1,"9":4},"f":{"0":2},"b":{},"_coverageSchema":"1a1c01bbd47fc00a2c39e90264f33305004495a9","hash":"a91e2b6a9900a33b8785a73dae340cf51bfc058c"}
,"E:\\FPT_University\\SUM2026\\WDP301\\CostumeHUB123\\be\\services\\ghn.service.js": {"path":"E:\\FPT_University\\SUM2026\\WDP301\\CostumeHUB123\\be\\services\\ghn.service.js","statementMap":{"0":{"start":{"line":1,"column":16},"end":{"line":1,"column":94}},"1":{"start":{"line":2,"column":18},"end":{"line":2,"column":39}},"2":{"start":{"line":3,"column":20},"end":{"line":3,"column":43}},"3":{"start":{"line":5,"column":19},"end":{"line":14,"column":1}},"4":{"start":{"line":6,"column":20},"end":{"line":9,"column":5}},"5":{"start":{"line":10,"column":4},"end":{"line":12,"column":5}},"6":{"start":{"line":11,"column":8},"end":{"line":11,"column":40}},"7":{"start":{"line":13,"column":4},"end":{"line":13,"column":19}},"8":{"start":{"line":17,"column":21},"end":{"line":31,"column":1}},"9":{"start":{"line":18,"column":4},"end":{"line":30,"column":5}},"10":{"start":{"line":19,"column":24},"end":{"line":19,"column":50}},"11":{"start":{"line":20,"column":25},"end":{"line":23,"column":10}},"12":{"start":{"line":24,"column":21},"end":{"line":24,"column":42}},"13":{"start":{"line":25,"column":8},"end":{"line":25,"column":69}},"14":{"start":{"line":25,"column":26},"end":{"line":25,"column":69}},"15":{"start":{"line":26,"column":8},"end":{"line":26,"column":25}},"16":{"start":{"line":28,"column":8},"end":{"line":28,"column":64}},"17":{"start":{"line":29,"column":8},"end":{"line":29,"column":60}},"18":{"start":{"line":34,"column":21},"end":{"line":48,"column":1}},"19":{"start":{"line":35,"column":4},"end":{"line":47,"column":5}},"20":{"start":{"line":36,"column":24},"end":{"line":36,"column":50}},"21":{"start":{"line":37,"column":25},"end":{"line":40,"column":10}},"22":{"start":{"line":41,"column":21},"end":{"line":41,"column":42}},"23":{"start":{"line":42,"column":8},"end":{"line":42,"column":69}},"24":{"start":{"line":42,"column":26},"end":{"line":42,"column":69}},"25":{"start":{"line":43,"column":8},"end":{"line":43,"column":25}},"26":{"start":{"line":45,"column":8},"end":{"line":45,"column":64}},"27":{"start":{"line":46,"column":8},"end":{"line":46,"column":60}},"28":{"start":{"line":51,"column":17},"end":{"line":65,"column":1}},"29":{"start":{"line":52,"column":4},"end":{"line":64,"column":5}},"30":{"start":{"line":53,"column":24},"end":{"line":53,"column":50}},"31":{"start":{"line":54,"column":25},"end":{"line":57,"column":10}},"32":{"start":{"line":58,"column":21},"end":{"line":58,"column":42}},"33":{"start":{"line":59,"column":8},"end":{"line":59,"column":69}},"34":{"start":{"line":59,"column":26},"end":{"line":59,"column":69}},"35":{"start":{"line":60,"column":8},"end":{"line":60,"column":25}},"36":{"start":{"line":62,"column":8},"end":{"line":62,"column":60}},"37":{"start":{"line":63,"column":8},"end":{"line":63,"column":59}},"38":{"start":{"line":68,"column":20},"end":{"line":82,"column":1}},"39":{"start":{"line":69,"column":4},"end":{"line":81,"column":5}},"40":{"start":{"line":70,"column":25},"end":{"line":74,"column":10}},"41":{"start":{"line":75,"column":21},"end":{"line":75,"column":42}},"42":{"start":{"line":76,"column":8},"end":{"line":76,"column":69}},"43":{"start":{"line":76,"column":26},"end":{"line":76,"column":69}},"44":{"start":{"line":77,"column":8},"end":{"line":77,"column":25}},"45":{"start":{"line":79,"column":8},"end":{"line":79,"column":63}},"46":{"start":{"line":80,"column":8},"end":{"line":80,"column":65}},"47":{"start":{"line":84,"column":0},"end":{"line":89,"column":2}}},"fnMap":{"0":{"name":"(anonymous_0)","decl":{"start":{"line":5,"column":19},"end":{"line":5,"column":20}},"loc":{"start":{"line":5,"column":46},"end":{"line":14,"column":1}},"line":5},"1":{"name":"(anonymous_1)","decl":{"start":{"line":17,"column":21},"end":{"line":17,"column":22}},"loc":{"start":{"line":17,"column":33},"end":{"line":31,"column":1}},"line":17},"2":{"name":"(anonymous_2)","decl":{"start":{"line":34,"column":21},"end":{"line":34,"column":22}},"loc":{"start":{"line":34,"column":43},"end":{"line":48,"column":1}},"line":34},"3":{"name":"(anonymous_3)","decl":{"start":{"line":51,"column":17},"end":{"line":51,"column":18}},"loc":{"start":{"line":51,"column":39},"end":{"line":65,"column":1}},"line":51},"4":{"name":"(anonymous_4)","decl":{"start":{"line":68,"column":20},"end":{"line":68,"column":21}},"loc":{"start":{"line":68,"column":41},"end":{"line":82,"column":1}},"line":68}},"branchMap":{"0":{"loc":{"start":{"line":1,"column":16},"end":{"line":1,"column":94}},"type":"binary-expr","locations":[{"start":{"line":1,"column":16},"end":{"line":1,"column":35}},{"start":{"line":1,"column":39},"end":{"line":1,"column":94}}],"line":1},"1":{"loc":{"start":{"line":5,"column":20},"end":{"line":5,"column":41}},"type":"default-arg","locations":[{"start":{"line":5,"column":36},"end":{"line":5,"column":41}}],"line":5},"2":{"loc":{"start":{"line":10,"column":4},"end":{"line":12,"column":5}},"type":"if","locations":[{"start":{"line":10,"column":4},"end":{"line":12,"column":5}},{"start":{},"end":{}}],"line":10},"3":{"loc":{"start":{"line":25,"column":8},"end":{"line":25,"column":69}},"type":"if","locations":[{"start":{"line":25,"column":8},"end":{"line":25,"column":69}},{"start":{},"end":{}}],"line":25},"4":{"loc":{"start":{"line":25,"column":42},"end":{"line":25,"column":67}},"type":"binary-expr","locations":[{"start":{"line":25,"column":42},"end":{"line":25,"column":54}},{"start":{"line":25,"column":58},"end":{"line":25,"column":67}}],"line":25},"5":{"loc":{"start":{"line":42,"column":8},"end":{"line":42,"column":69}},"type":"if","locations":[{"start":{"line":42,"column":8},"end":{"line":42,"column":69}},{"start":{},"end":{}}],"line":42},"6":{"loc":{"start":{"line":42,"column":42},"end":{"line":42,"column":67}},"type":"binary-expr","locations":[{"start":{"line":42,"column":42},"end":{"line":42,"column":54}},{"start":{"line":42,"column":58},"end":{"line":42,"column":67}}],"line":42},"7":{"loc":{"start":{"line":59,"column":8},"end":{"line":59,"column":69}},"type":"if","locations":[{"start":{"line":59,"column":8},"end":{"line":59,"column":69}},{"start":{},"end":{}}],"line":59},"8":{"loc":{"start":{"line":59,"column":42},"end":{"line":59,"column":67}},"type":"binary-expr","locations":[{"start":{"line":59,"column":42},"end":{"line":59,"column":54}},{"start":{"line":59,"column":58},"end":{"line":59,"column":67}}],"line":59},"9":{"loc":{"start":{"line":76,"column":8},"end":{"line":76,"column":69}},"type":"if","locations":[{"start":{"line":76,"column":8},"end":{"line":76,"column":69}},{"start":{},"end":{}}],"line":76},"10":{"loc":{"start":{"line":76,"column":42},"end":{"line":76,"column":67}},"type":"binary-expr","locations":[{"start":{"line":76,"column":42},"end":{"line":76,"column":54}},{"start":{"line":76,"column":58},"end":{"line":76,"column":67}}],"line":76},"11":{"loc":{"start":{"line":80,"column":24},"end":{"line":80,"column":63}},"type":"binary-expr","locations":[{"start":{"line":80,"column":24},"end":{"line":80,"column":37}},{"start":{"line":80,"column":41},"end":{"line":80,"column":63}}],"line":80}},"s":{"0":2,"1":2,"2":2,"3":2,"4":13,"5":13,"6":4,"7":13,"8":2,"9":3,"10":3,"11":3,"12":2,"13":2,"14":1,"15":1,"16":2,"17":2,"18":2,"19":3,"20":3,"21":3,"22":2,"23":2,"24":1,"25":1,"26":2,"27":2,"28":2,"29":3,"30":3,"31":3,"32":2,"33":2,"34":1,"35":1,"36":2,"37":2,"38":2,"39":4,"40":4,"41":3,"42":3,"43":2,"44":1,"45":3,"46":3,"47":2},"f":{"0":13,"1":3,"2":3,"3":3,"4":4},"b":{"0":[2,1],"1":[9],"2":[4,9],"3":[1,1],"4":[1,0],"5":[1,1],"6":[1,0],"7":[1,1],"8":[1,0],"9":[2,1],"10":[2,1],"11":[3,0]},"_coverageSchema":"1a1c01bbd47fc00a2c39e90264f33305004495a9","hash":"510a5a9f0265f1b3f79c011d384a122845e8aec5"}
[...]
umn":27},"end":{"line":391,"column":28}},"loc":{"start":{"line":391,"column":37},"end":{"line":391,"column":51}},"line":391},"26":{"name":"(anonymous_26)","decl":{"start":{"line":397,"column":24},"end":{"line":397,"column":25}},"loc":{"start":{"line":397,"column":45},"end":{"line":403,"column":1}},"line":397},"27":{"name":"(anonymous_27)","decl":{"start":{"line":400,"column":38},"end":{"line":400,"column":39}},"loc":{"start":{"line":400,"column":46},"end":{"line":400,"column":70}},"line":400}},"branchMap":{"0":{"loc":{"start":{"line":26,"column":23},"end":{"line":26,"column":40}},"type":"binary-expr","locations":[{"start":{"line":26,"column":23},"end":{"line":26,"column":31}},{"start":{"line":26,"column":35},"end":{"line":26,"column":40}}],"line":26},"1":{"loc":{"start":{"line":60,"column":103},"end":{"line":60,"column":120}},"type":"binary-expr","locations":[{"start":{"line":60,"column":103},"end":{"line":60,"column":111}},{"start":{"line":60,"column":115},"end":{"line":60,"column":120}}],"line":60},"2":{"loc":{"start":{"line":109,"column":22},"end":{"line":109,"column":39}},"type":"binary-expr","locations":[{"start":{"line":109,"column":22},"end":{"line":109,"column":30}},{"start":{"line":109,"column":34},"end":{"line":109,"column":39}}],"line":109},"3":{"loc":{"start":{"line":118,"column":2},"end":{"line":120,"column":3}},"type":"if","locations":[{"start":{"line":118,"column":2},"end":{"line":120,"column":3}},{"start":{},"end":{}}],"line":118},"4":{"loc":{"start":{"line":118,"column":6},"end":{"line":118,"column":48}},"type":"binary-expr","locations":[{"start":{"line":118,"column":6},"end":{"line":118,"column":15}},{"start":{"line":118,"column":19},"end":{"line":118,"column":48}}],"line":118},"5":{"loc":{"start":{"line":121,"column":2},"end":{"line":126,"column":3}},"type":"if","locations":[{"start":{"line":121,"column":2},"end":{"line":126,"column":3}},{"start":{},"end":{}}],"line":121},"6":{"loc":{"start":{"line":123,"column":4},"end":{"line":125,"column":5}},"type":"if","locations":[{"start":{"line":123,"column":4},"end":{"line":125,"column":5}},{"start":{},"end":{}}],"line":123},"7":{"loc":{"start":{"line":123,"column":8},"end":{"line":123,"column":126}},"type":"binary-expr","locations":[{"start":{"line":123,"column":8},"end":{"line":123,"column":18}},{"start":{"line":123,"column":22},"end":{"line":123,"column":52}},{"start":{"line":123,"column":57},"end":{"line":123,"column":67}},{"start":{"line":123,"column":71},"end":{"line":123,"column":125}}],"line":123},"8":{"loc":{"start":{"line":127,"column":2},"end":{"line":129,"column":3}},"type":"if","locations":[{"start":{"line":127,"column":2},"end":{"line":129,"column":3}},{"start":{},"end":{}}],"line":127},"9":{"loc":{"start":{"line":127,"column":6},"end":{"line":127,"column":78}},"type":"binary-expr","locations":[{"start":{"line":127,"column":6},"end":{"line":127,"column":15}},{"start":{"line":127,"column":19},"end":{"line":127,"column":49}},{"start":{"line":127,"column":53},"end":{"line":127,"column":78}}],"line":127},"10":{"loc":{"start":{"line":132,"column":2},"end":{"line":132,"column":90}},"type":"if","locations":[{"start":{"line":132,"column":2},"end":{"line":132,"column":90}},{"start":{},"end":{}}],"line":132},"11":{"loc":{"start":{"line":141,"column":2},"end":{"line":154,"column":3}},"type":"if","locations":[{"start":{"line":141,"column":2},"end":{"line":154,"column":3}},{"start":{},"end":{}}],"line":141},"12":{"loc":{"start":{"line":141,"column":6},"end":{"line":141,"column":79}},"type":"binary-expr","locations":[{"start":{"line":141,"column":6},"end":{"line":141,"column":15}},{"start":{"line":141,"column":19},"end":{"line":141,"column":49}},{"start":{"line":141,"column":53},"end":{"line":141,"column":79}}],"line":141},"13":{"loc":{"start":{"line":144,"column":77},"end":{"line":144,"column":91}},"type":"binary-expr","locations":[{"start":{"line":144,"column":77},"end":{"line":144,"column":83}},{"start":{"line":144,"column":87},"end":{"line":144,"column":91}}],"line":144},"14":{"loc":{"start":{"line":144,"column":106},"end":{"line":144,"column":125}},"type":"binary-expr","locations":[{"start":{"line":144,"column":106},"end":{"line":144,"column":117}},{"start":{"line":144,"column":121},"end":{"line":144,"column":125}}],"line":144},"15":{"loc":{"start":{"line":158,"column":12},"end":{"line":158,"column":26}},"type":"binary-expr","locations":[{"start":{"line":158,"column":12},"end":{"line":158,"column":18}},{"start":{"line":158,"column":22},"end":{"line":158,"column":26}}],"line":158},"16":{"loc":{"start":{"line":158,"column":41},"end":{"line":158,"column":60}},"type":"binary-expr","locations":[{"start":{"line":158,"column":41},"end":{"line":158,"column":52}},{"start":{"line":158,"column":56},"end":{"line":158,"column":60}}],"line":158},"17":{"loc":{"start":{"line":173,"column":2},"end":{"line":173,"column":73}},"type":"if","locations":[{"start":{"line":173,"column":2},"end":{"line":173,"column":73}},{"start":{},"end":{}}],"line":173},"18":{"loc":{"start":{"line":174,"column":2},"end":{"line":174,"column":123}},"type":"if","locations":[{"start":{"line":174,"column":2},"end":{"line":174,"column":123}},{"start":{},"end":{}}],"line":174},"19":{"loc":{"start":{"line":174,"column":6},"end":{"line":174,"column":64}},"type":"binary-expr","locations":[{"start":{"line":174,"column":6},"end":{"line":174,"column":35}},{"start":{"line":174,"column":39},"end":{"line":174,"column":64}}],"line":174},"20":{"loc":{"start":{"line":175,"column":2},"end":{"line":175,"column":92}},"type":"if","locations":[{"start":{"line":175,"column":2},"end":{"line":175,"column":92}},{"start":{},"end":{}}],"line":175},"21":{"loc":{"start":{"line":176,"column":2},"end":{"line":176,"column":121}},"type":"if","locations":[{"start":{"line":176,"column":2},"end":{"line":176,"column":121}},{"start":{},"end":{}}],"line":176},"22":{"loc":{"start":{"line":176,"column":6},"end":{"line":176,"column":49}},"type":"binary-expr","locations":[{"start":{"line":176,"column":6},"end":{"line":176,"column":24}},{"start":{"line":176,"column":28},"end":{"line":176,"column":49}}],"line":176},"23":{"loc":{"start":{"line":177,"column":2},"end":{"line":177,"column":107}},"type":"if","locations":[{"start":{"line":177,"column":2},"end":{"line":177,"column":107}},{"start":{},"end":{}}],"line":177},"24":{"loc":{"start":{"line":180,"column":2},"end":{"line":180,"column":65}},"type":"if","locations":[{"start":{"line":180,"column":2},"end":{"line":180,"column":65}},{"start":{},"end":{}}],"line":180},"25":{"loc":{"start":{"line":194,"column":2},"end":{"line":194,"column":73}},"type":"if","locations":[{"start":{"line":194,"column":2},"end":{"line":194,"column":73}},{"start":{},"end":{}}],"line":194},"26":{"loc":{"start":{"line":195,"column":2},"end":{"line":195,"column":123}},"type":"if","locations":[{"start":{"line":195,"column":2},"end":{"line":195,"column":123}},{"start":{},"end":{}}],"line":195},"27":{"loc":{"start":{"line":195,"column":6},"end":{"line":195,"column":64}},"type":"binary-expr","locations":[{"start":{"line":195,"column":6},"end":{"line":195,"column":35}},{"start":{"line":195,"column":39},"end":{"line":195,"column":64}}],"line":195},"28":{"loc":{"start":{"line":196,"column":2},"end":{"line":196,"column":92}},"type":"if","locations":[{"start":{"line":196,"column":2},"end":{"line":196,"column":92}},{"start":{},"end":{}}],"line":196},"29":{"loc":{"start":{"line":199,"column":2},"end":{"line":201,"column":3}},"type":"if","locations":[{"start":{"line":199,"column":2},"end":{"line":201,"column":3}},{"start":{},"end":{}}],"line":199},"30":{"loc":{"start":{"line":199,"column":6},"end":{"line":199,"column":68}},"type":"binary-expr","locations":[{"start":{"line":199,"column":6},"end":{"line":199,"column":32}},{"start":{"line":199,"column":36},"end":{"line":199,"column":68}}],"line":199},"31":{"loc":{"start":{"line":215,"column":2},"end":{"line":215,"column":73}},"type":"if","locations":[{"start":{"line":215,"column":2},"end":{"line":215,"column":73}},{"start":{},"end":{}}],"line":215},"32":{"loc":{"start":{"line":216,"column":2},"end":{"line":216,"column":89}},"type":"if","locations":[{"start":{"line":216,"column":2},"end":{"line":216,"column":89}},{"start":{},"end":{}}],"line":216},"33":{"loc":{"start":{"line":219,"column":2},"end":{"line":219,"column":76}},"type":"if","locations":[{"start":{"line":219,"column":2},"end":{"line":219,"column":76}},{"start":{},"end":{}}],"line":219},"34":{"loc":{"start":{"line":221,"column":2},"end":{"line":231,"column":3}},"type":"if","locations":[{"start":{"line":221,"column":2},"end":{"line":231,"column":3}},{"start":{},"end":{}}],"line":221},"35":{"loc":{"start":{"line":221,"column":6},"end":{"line":221,"column":66}},"type":"binary-expr","locations":[{"start":{"line":221,"column":6},"end":{"line":221,"column":36}},{"start":{"line":221,"column":40},"end":{"line":221,"column":66}}],"line":221},"36":{"loc":{"start":{"line":243,"column":2},"end":{"line":243,"column":68}},"type":"if","locations":[{"start":{"line":243,"column":2},"end":{"line":243,"column":68}},{"start":{},"end":{}}],"line":243},"37":{"loc":{"start":{"line":253,"column":2},"end":{"line":253,"column":118}},"type":"if","locations":[{"start":{"line":253,"column":2},"end":{"line":253,"column":118}},{"start":{},"end":{}}],"line":253},"38":{"loc":{"start":{"line":254,"column":2},"end":{"line":254,"column":135}},"type":"if","locations":[{"start":{"line":254,"column":2},"end":{"line":254,"column":135}},{"start":{},"end":{}}],"line":254},"39":{"loc":{"start":{"line":255,"column":2},"end":{"line":255,"column":133}},"type":"if","locations":[{"start":{"line":255,"column":2},"end":{"line":255,"column":133}},{"start":{},"end":{}}],"line":255},"40":{"loc":{"start":{"line":269,"column":2},"end":{"line":269,"column":77}},"type":"if","locations":[{"start":{"line":269,"column":2},"end":{"line":269,"column":77}},{"start":{},"end":{}}],"line":269},"41":{"loc":{"start":{"line":287,"column":2},"end":{"line":287,"column":73}},"type":"if","locations":[{"start":{"line":287,"column":2},"end":{"line":287,"column":73}},{"start":{},"end":{}}],"line":287},"42":{"loc":{"start":{"line":289,"column":2},"end":{"line":289,"column":67}},"type":"if","locations":[{"start":{"line":289,"column":2},"end":{"line":289,"column":67}},{"start":{},"end":{}}],"line":289},"43":{"loc":{"start":{"line":296,"column":2},"end":{"line":296,"column":73}},"type":"if","locations":[{"start":{"line":296,"column":2},"end":{"line":296,"column":73}},{"start":{},"end":{}}],"line":296},"44":{"loc":{"start":{"line":297,"column":2},"end":{"line":297,"column":135}},"type":"if","locations":[{"start":{"line":297,"column":2},"end":{"line":297,"column":135}},{"start":{},"end":{}}],"line":297},"45":{"loc":{"start":{"line":297,"column":6},"end":{"line":297,"column":43}},"type":"binary-expr","locations":[{"start":{"line":297,"column":6},"end":{"line":297,"column":19}},{"start":{"line":297,"column":23},"end":{"line":297,"column":43}}],"line":297},"46":{"loc":{"start":{"line":300,"column":2},"end":{"line":300,"column":68}},"type":"if","locations":[{"start":{"line":300,"column":2},"end":{"line":300,"column":68}},{"start":{},"end":{}}],"line":300},"47":{"loc":{"start":{"line":301,"column":2},"end":{"line":301,"column":114}},"type":"if","locations":[{"start":{"line":301,"column":2},"end":{"line":301,"column":114}},{"start":{},"end":{}}],"line":301},"48":{"loc":{"start":{"line":303,"column":2},"end":{"line":306,"column":3}},"type":"if","locations":[{"start":{"line":303,"column":2},"end":{"line":306,"column":3}},{"start":{},"end":{}}],"line":303},"49":{"loc":{"start":{"line":305,"column":4},"end":{"line":305,"column":71}},"type":"if","locations":[{"start":{"line":305,"column":4},"end":{"line":305,"column":71}},{"start":{},"end":{}}],"line":305},"50":{"loc":{"start":{"line":307,"column":2},"end":{"line":310,"column":3}},"type":"if","locations":[{"start":{"line":307,"column":2},"end":{"line":310,"column":3}},{"start":{},"end":{}}],"line":307},"51":{"loc":{"start":{"line":309,"column":4},"end":{"line":309,"column":79}},"type":"if","locations":[{"start":{"line":309,"column":4},"end":{"line":309,"column":79}},{"start":{},"end":{}}],"line":309},"52":{"loc":{"start":{"line":313,"column":2},"end":{"line":316,"column":3}},"type":"if","locations":[{"start":{"line":313,"column":2},"end":{"line":316,"column":3}},{"start":{},"end":{}}],"line":313},"53":{"loc":{"start":{"line":323,"column":2},"end":{"line":323,"column":67}},"type":"if","locations":[{"start":{"line":323,"column":2},"end":{"line":323,"column":67}},{"start":{},"end":{}}],"line":323},"54":{"loc":{"start":{"line":330,"column":2},"end":{"line":330,"column":67}},"type":"if","locations":[{"start":{"line":330,"column":2},"end":{"line":330,"column":67}},{"start":{},"end":{}}],"line":330},"55":{"loc":{"start":{"line":333,"column":2},"end":{"line":336,"column":3}},"type":"if","locations":[{"start":{"line":333,"column":2},"end":{"line":336,"column":3}},{"start":{},"end":{}}],"line":333},"56":{"loc":{"start":{"line":344,"column":2},"end":{"line":344,"column":67}},"type":"if","locations":[{"start":{"line":344,"column":2},"end":{"line":344,"column":67}},{"start":{},"end":{}}],"line":344},"57":{"loc":{"start":{"line":346,"column":2},"end":{"line":346,"column":79}},"type":"if","locations":[{"start":{"line":346,"column":2},"end":{"line":346,"column":79}},{"start":{},"end":{}}],"line":346},"58":{"loc":{"start":{"line":350,"column":36},"end":{"line":350,"column":76}},"type":"binary-expr","locations":[{"start":{"line":350,"column":36},"end":{"line":350,"column":45}},{"start":{"line":350,"column":49},"end":{"line":350,"column":76}}],"line":350},"59":{"loc":{"start":{"line":358,"column":2},"end":{"line":358,"column":67}},"type":"if","locations":[{"start":{"line":358,"column":2},"end":{"line":358,"column":67}},{"start":{},"end":{}}],"line":358},"60":{"loc":{"start":{"line":364,"column":2},"end":{"line":364,"column":67}},"type":"if","locations":[{"start":{"line":364,"column":2},"end":{"line":364,"column":67}},{"start":{},"end":{}}],"line":364},"61":{"loc":{"start":{"line":367,"column":2},"end":{"line":367,"column":67}},"type":"if","locations":[{"start":{"line":367,"column":2},"end":{"line":367,"column":67}},{"start":{},"end":{}}],"line":367},"62":{"loc":{"start":{"line":369,"column":2},"end":{"line":369,"column":91}},"type":"if","locations":[{"start":{"line":369,"column":2},"end":{"line":369,"column":91}},{"start":{},"end":{}}],"line":369},"63":{"loc":{"start":{"line":372,"column":26},"end":{"line":372,"column":74}},"type":"if","locations":[{"start":{"line":372,"column":26},"end":{"line":372,"column":74}},{"start":{},"end":{}}],"line":372},"64":{"loc":{"start":{"line":373,"column":2},"end":{"line":373,"column":88}},"type":"if","locations":[{"start":{"line":373,"column":2},"end":{"line":373,"column":88}},{"start":{},"end":{}}],"line":373},"65":{"loc":{"start":{"line":374,"column":2},"end":{"line":374,"column":88}},"type":"if","locations":[{"start":{"line":374,"column":2},"end":{"line":374,"column":88}},{"start":{},"end":{}}],"line":374},"66":{"loc":{"start":{"line":375,"column":2},"end":{"line":375,"column":82}},"type":"if","locations":[{"start":{"line":375,"column":2},"end":{"line":375,"column":82}},{"start":{},"end":{}}],"line":375},"67":{"loc":{"start":{"line":376,"column":2},"end":{"line":376,"column":85}},"type":"if","locations":[{"start":{"line":376,"column":2},"end":{"line":376,"column":85}},{"start":{},"end":{}}],"line":376},"68":{"loc":{"start":{"line":384,"column":2},"end":{"line":384,"column":67}},"type":"if","locations":[{"start":{"line":384,"column":2},"end":{"line":384,"column":67}},{"start":{},"end":{}}],"line":384},"69":{"loc":{"start":{"line":387,"column":2},"end":{"line":387,"column":67}},"type":"if","locations":[{"start":{"line":387,"column":2},"end":{"line":387,"column":67}},{"start":{},"end":{}}],"line":387},"70":{"loc":{"start":{"line":388,"column":2},"end":{"line":388,"column":95}},"type":"if","locations":[{"start":{"line":388,"column":2},"end":{"line":388,"column":95}},{"start":{},"end":{}}],"line":388},"71":{"loc":{"start":{"line":391,"column":2},"end":{"line":393,"column":3}},"type":"if","locations":[{"start":{"line":391,"column":2},"end":{"line":393,"column":3}},{"start":{},"end":{}}],"line":391},"72":{"loc":{"start":{"line":391,"column":6},"end":{"line":391,"column":81}},"type":"binary-expr","locations":[{"start":{"line":391,"column":6},"end":{"line":391,"column":52}},{"start":{"line":391,"column":56},"end":{"line":391,"column":81}}],"line":391},"73":{"loc":{"start":{"line":399,"column":2},"end":{"line":399,"column":67}},"type":"if","locations":[{"start":{"line":399,"column":2},"end":{"line":399,"column":67}},{"start":{},"end":{}}],"line":399},"74":{"loc":{"start":{"line":401,"column":2},"end":{"line":401,"column":67}},"type":"if","locations":[{"start":{"line":401,"column":2},"end":{"line":401,"column":67}},{"start":{},"end":{}}],"line":401}},"s":{"0":1,"1":1,"2":1,"3":1,"4":1,"5":1,"6":1,"7":1,"8":1,"9":1,"10":1,"11":4,"12":4,"13":4,"14":4,"15":24,"16":4,"17":1,"18":4,"19":1,"20":1,"21":1,"22":1,"23":7,"24":7,"25":7,"26":1,"27":6,"28":4,"29":4,"30":2,"31":4,"32":1,"33":3,"34":3,"35":1,"36":2,"37":2,"38":2,"39":2,"40":2,"41":2,"42":2,"43":1,"44":1,"45":1,"46":1,"47":1,"48":1,"49":1,"50":7,"51":7,"52":1,"53":6,"54":1,"55":5,"56":1,"57":4,"58":1,"59":3,"60":1,"61":2,"62":2,"63":1,"64":1,"65":1,"66":1,"67":1,"68":1,"69":1,"70":1,"71":1,"72":5,"73":5,"74":1,"75":4,"76":1,"77":3,"78":1,"79":2,"80":2,"81":1,"82":1,"83":1,"84":1,"85":1,"86":1,"87":1,"88":1,"89":1,"90":5,"91":5,"92":1,"93":4,"94":1,"95":3,"96":3,"97":1,"98":2,"99":1,"100":1,"101":1,"102":1,"103":1,"104":1,"105":1,"106":1,"107":1,"108":1,"109":1,"110":1,"111":2,"112":2,"113":1,"114":1,"115":1,"116":4,"117":4,"118":1,"119":3,"120":1,"121":2,"122":1,"123":1,"124":1,"125":1,"126":1,"127":1,"128":1,"129":1,"130":3,"131":3,"132":3,"133":1,"134":2,"135":2,"136":2,"137":2,"138":2,"139":1,"140":1,"141":1,"142":2,"143":1,"144":3,"145":1,"146":2,"147":2,"148":1,"149":1,"150":1,"151":8,"152":8,"153":1,"154":7,"155":1,"156":6,"157":6,"158":1,"159":5,"160":1,"161":4,"162":2,"163":2,"164":1,"165":3,"166":2,"167":2,"168":1,"169":2,"170":2,"171":1,"172":1,"173":2,"174":2,"175":0,"176":2,"177":1,"178":3,"179":3,"180":3,"181":1,"182":2,"183":2,"184":1,"185":1,"186":2,"187":1,"188":3,"189":3,"190":3,"191":1,"192":2,"193":1,"194":2,"195":2,"196":2,"197":2,"198":1,"199":2,"200":2,"201":1,"202":1,"203":1,"204":3,"205":3,"206":1,"207":2,"208":2,"209":2,"210":1,"211":1,"212":1,"213":2,"214":1,"215":1,"216":7,"217":1,"218":1,"219":0,"220":1,"221":0,"222":1,"223":0,"224":1,"225":1,"226":1,"227":1,"228":1,"229":4,"230":4,"231":1,"232":3,"233":2,"234":3,"235":1,"236":2,"237":1,"238":1,"239":2,"240":1,"241":1,"242":1,"243":1,"244":1,"245":3,"246":3,"247":1,"248":2,"249":1,"250":2,"251":1,"252":1,"253":1},"f":{"0":4,"1":4,"2":1,"3":7,"4":7,"5":5,"6":5,"7":2,"8":4,"9":3,"10":1,"11":2,"12":3,"13":8,"14":3,"15":3,"16":2,"17":2,"18":3,"19":2,"20":2,"21":7,"22":4,"23":2,"24":2,"25":1,"26":3,"27":1},"b":{"0":[4,0],"1":[1,0],"2":[1,0],"3":[1,6],"4":[7,4],"5":[4,2],"6":[2,2],"7":[4,3,2,1],"8":[1,3],"9":[4,2,1],"10":[1,2],"11":[1,1],"12":[2,1,1],"13":[1,1],"14":[1,1],"15":[1,0],"16":[1,0],"17":[1,6],"18":[1,5],"19":[6,1],"20":[1,4],"21":[1,3],"22":[4,3],"23":[1,2],"24":[1,1],"25":[1,4],"26":[1,3],"27":[4,1],"28":[1,2],"29":[1,1],"30":[2,1],"31":[1,4],"32":[1,3],"33":[1,2],"34":[1,1],"35":[2,1],"36":[1,1],"37":[1,3],"38":[1,2],"39":[1,1],"40":[1,2],"41":[1,2],"42":[1,1],"43":[1,7],"44":[1,6],"45":[7,7],"46":[1,5],"47":[1,4],"48":[2,2],"49":[1,1],"50":[2,1],"51":[1,1],"52":[1,1],"53":[0,2],"54":[1,2],"55":[1,1],"56":[1,2],"57":[1,1],"58":[2,1],"59":[1,1],"60":[1,2],"61":[1,1],"62":[1,0],"63":[1,6],"64":[0,1],"65":[0,1],"66":[0,1],"67":[1,0],"68":[1,3],"69":[1,2],"70":[1,1],"71":[1,0],"72":[1,1],"73":[1,2],"74":[1,1]},"_coverageSchema":"1a1c01bbd47fc00a2c39e90264f33305004495a9","hash":"2266b860813b5dd7a6dade7d1394ddbefd56fbc8"}
}
