TN:
SF:controllers\cart.controller.js
FN:5,(anonymous_0)
FN:24,(anonymous_1)
FN:33,(anonymous_2)
FN:38,(anonymous_3)
FN:53,(anonymous_4)
FN:62,(anonymous_5)
FN:80,(anonymous_6)
FN:142,(anonymous_7)
FN:184,(anonymous_8)
FN:203,(anonymous_9)
FN:257,(anonymous_10)
FN:272,(anonymous_11)
FN:323,(anonymous_12)
FN:334,(anonymous_13)
FN:354,(anonymous_14)
FN:362,(anonymous_15)
FNF:16
FNH:16
FNDA:5,(anonymous_0)
FNDA:4,(anonymous_1)
FNDA:3,(anonymous_2)
FNDA:2,(anonymous_3)
FNDA:2,(anonymous_4)
FNDA:12,(anonymous_5)
FNDA:9,(anonymous_6)
FNDA:3,(anonymous_7)
FNDA:14,(anonymous_8)
FNDA:12,(anonymous_9)
FNDA:5,(anonymous_10)
FNDA:5,(anonymous_11)
FNDA:2,(anonymous_12)
FNDA:5,(anonymous_13)
FNDA:2,(anonymous_14)
FNDA:3,(anonymous_15)
DA:1,1
DA:2,1
DA:3,1
DA:5,1
DA:6,5
DA:7,5
DA:10,5
DA:15,4
DA:16,1
DA:20,3
DA:21,3
DA:22,3
DA:23,3
DA:24,4
DA:26,3
DA:27,2
DA:28,2
DA:33,3
DA:34,3
DA:35,1
DA:38,2
DA:53,2
DA:56,2
DA:58,1
DA:62,1
DA:63,12
DA:64,12
DA:65,12
DA:67,12
DA:68,11
DA:69,1
DA:72,10
DA:75,10
DA:76,1
DA:80,9
DA:81,9
DA:82,1
DA:86,8
DA:87,1
DA:91,7
DA:92,7
DA:93,7
DA:94,1
DA:98,6
DA:99,6
DA:100,6
DA:101,6
DA:103,6
DA:104,6
DA:106,6
DA:107,6
DA:109,6
DA:110,1
DA:115,5
DA:116,1
DA:120,4
DA:121,4
DA:123,4
DA:132,4
DA:134,4
DA:136,1
DA:142,3
DA:143,3
DA:149,3
DA:150,2
DA:151,2
DA:152,1
DA:155,1
DA:161,1
DA:169,3
DA:170,3
DA:177,3
DA:179,1
DA:184,1
DA:185,14
DA:186,14
DA:187,14
DA:188,14
DA:190,14
DA:191,13
DA:192,1
DA:195,12
DA:198,12
DA:199,1
DA:203,12
DA:204,11
DA:205,1
DA:209,10
DA:210,1
DA:214,9
DA:215,9
DA:216,9
DA:217,1
DA:222,8
DA:223,8
DA:224,8
DA:225,8
DA:227,8
DA:228,8
DA:230,8
DA:231,8
DA:233,8
DA:234,1
DA:237,7
DA:238,1
DA:241,6
DA:242,6
DA:244,6
DA:247,6
DA:248,6
DA:249,6
DA:251,6
DA:252,6
DA:253,1
DA:257,5
DA:258,5
DA:264,5
DA:265,1
DA:269,4
DA:271,4
DA:272,3
DA:273,5
DA:280,3
DA:282,2
DA:283,2
DA:284,1
DA:287,1
DA:288,1
DA:289,1
DA:290,1
DA:293,1
DA:296,1
DA:297,1
DA:298,1
DA:299,1
DA:300,1
DA:301,1
DA:302,1
DA:306,1
DA:309,3
DA:311,3
DA:317,3
DA:319,1
DA:323,1
DA:324,2
DA:325,2
DA:326,2
DA:327,1
DA:329,1
DA:334,1
DA:335,5
DA:336,5
DA:338,5
DA:340,5
DA:341,1
DA:344,4
DA:345,3
DA:346,1
DA:350,2
DA:351,1
DA:352,1
DA:354,1
DA:355,2
DA:362,3
DA:365,2
DA:366,2
DA:368,1
DA:372,1
LF:168
LH:168
BRDA:15,0,0,1
BRDA:15,0,1,3
BRDA:24,1,0,4
BRDA:24,1,1,3
BRDA:26,2,0,2
BRDA:26,2,1,1
BRDA:34,3,0,1
BRDA:34,3,1,2
BRDA:42,4,0,2
BRDA:42,4,1,1
BRDA:52,5,0,2
BRDA:52,5,1,0
BRDA:53,6,0,2
BRDA:53,6,1,0
BRDA:58,7,0,1
BRDA:58,7,1,0
BRDA:68,8,0,1
BRDA:68,8,1,10
BRDA:75,9,0,1
BRDA:75,9,1,9
BRDA:75,10,0,10
BRDA:75,10,1,9
BRDA:75,10,2,9
BRDA:75,10,3,9
BRDA:81,11,0,1
BRDA:81,11,1,8
BRDA:86,12,0,1
BRDA:86,12,1,7
BRDA:93,13,0,1
BRDA:93,13,1,6
BRDA:93,14,0,7
BRDA:93,14,1,6
BRDA:109,15,0,1
BRDA:109,15,1,5
BRDA:115,16,0,1
BRDA:115,16,1,4
BRDA:121,17,0,4
BRDA:121,17,1,0
BRDA:134,18,0,1
BRDA:134,18,1,3
BRDA:143,19,0,3
BRDA:143,19,1,3
BRDA:143,19,2,2
BRDA:143,19,3,2
BRDA:149,20,0,2
BRDA:149,20,1,1
BRDA:151,21,0,1
BRDA:151,21,1,1
BRDA:169,22,0,3
BRDA:169,22,1,0
BRDA:179,23,0,1
BRDA:179,23,1,0
BRDA:191,24,0,1
BRDA:191,24,1,12
BRDA:198,25,0,1
BRDA:198,25,1,11
BRDA:198,26,0,12
BRDA:198,26,1,11
BRDA:198,26,2,11
BRDA:198,26,3,11
BRDA:204,27,0,1
BRDA:204,27,1,10
BRDA:209,28,0,1
BRDA:209,28,1,9
BRDA:216,29,0,1
BRDA:216,29,1,8
BRDA:216,30,0,9
BRDA:216,30,1,8
BRDA:233,31,0,1
BRDA:233,31,1,7
BRDA:237,32,0,1
BRDA:237,32,1,6
BRDA:242,33,0,6
BRDA:242,33,1,0
BRDA:242,33,2,0
BRDA:244,34,0,6
BRDA:244,34,1,0
BRDA:247,35,0,6
BRDA:247,35,1,3
BRDA:248,36,0,3
BRDA:248,36,1,3
BRDA:249,37,0,3
BRDA:249,37,1,3
BRDA:252,38,0,1
BRDA:252,38,1,5
BRDA:258,39,0,5
BRDA:258,39,1,4
BRDA:258,39,2,4
BRDA:258,39,3,4
BRDA:264,40,0,1
BRDA:264,40,1,4
BRDA:269,41,0,4
BRDA:269,41,1,1
BRDA:269,41,2,1
BRDA:271,42,0,3
BRDA:271,42,1,1
BRDA:273,43,0,5
BRDA:273,43,1,2
BRDA:273,43,2,2
BRDA:273,43,3,2
BRDA:273,43,4,2
BRDA:280,44,0,2
BRDA:280,44,1,1
BRDA:283,45,0,1
BRDA:283,45,1,1
BRDA:319,46,0,1
BRDA:319,46,1,0
BRDA:329,47,0,1
BRDA:329,47,1,0
BRDA:340,48,0,1
BRDA:340,48,1,4
BRDA:345,49,0,1
BRDA:345,49,1,2
BRDA:350,50,0,1
BRDA:350,50,1,1
BRDA:350,51,0,2
BRDA:350,51,1,1
BRDA:350,51,2,1
BRDA:355,52,0,2
BRDA:355,52,1,1
BRDA:355,52,2,1
BRDA:355,52,3,1
BRDA:368,53,0,1
BRDA:368,53,1,0
BRF:124
BRH:112
end_of_record
TN:
SF:controllers\category.controller.js
FN:4,(anonymous_0)
FN:14,(anonymous_1)
FN:36,(anonymous_2)
FN:64,(anonymous_3)
FNF:4
FNH:0
FNDA:0,(anonymous_0)
FNDA:0,(anonymous_1)
FNDA:0,(anonymous_2)
FNDA:0,(anonymous_3)
DA:1,0
DA:2,0
DA:4,0
DA:5,0
DA:6,0
DA:7,0
DA:8,0
DA:10,0
DA:14,0
DA:15,0
DA:16,0
DA:17,0
DA:19,0
DA:20,0
DA:23,0
DA:28,0
DA:30,0
DA:32,0
DA:36,0
DA:37,0
DA:38,0
DA:39,0
DA:41,0
DA:42,0
DA:43,0
DA:46,0
DA:47,0
DA:48,0
DA:49,0
DA:51,0
DA:54,0
DA:55,0
DA:57,0
DA:58,0
DA:60,0
DA:64,0
DA:65,0
DA:66,0
DA:67,0
DA:69,0
DA:70,0
DA:71,0
DA:74,0
DA:75,0
DA:78,0
DA:79,0
DA:82,0
DA:84,0
DA:88,0
LF:49
LH:0
BRDA:6,0,0,0
BRDA:6,0,1,0
BRDA:10,1,0,0
BRDA:10,1,1,0
BRDA:19,2,0,0
BRDA:19,2,1,0
BRDA:26,3,0,0
BRDA:26,3,1,0
BRDA:32,4,0,0
BRDA:32,4,1,0
BRDA:42,5,0,0
BRDA:42,5,1,0
BRDA:46,6,0,0
BRDA:46,6,1,0
BRDA:48,7,0,0
BRDA:48,7,1,0
BRDA:54,8,0,0
BRDA:54,8,1,0
BRDA:55,9,0,0
BRDA:55,9,1,0
BRDA:55,10,0,0
BRDA:55,10,1,0
BRDA:60,11,0,0
BRDA:60,11,1,0
BRDA:70,12,0,0
BRDA:70,12,1,0
BRDA:74,13,0,0
BRDA:74,13,1,0
BRDA:78,14,0,0
BRDA:78,14,1,0
BRDA:84,15,0,0
BRDA:84,15,1,0
BRF:32
BRH:0
end_of_record
TN:
SF:controllers\costume.controller.js
FN:4,(anonymous_0)
FN:31,(anonymous_1)
FN:39,(anonymous_2)
FN:49,(anonymous_3)
FN:140,(anonymous_4)
FN:152,(anonymous_5)
FN:161,(anonymous_6)
FN:189,(anonymous_7)
FN:220,(anonymous_8)
FN:221,(anonymous_9)
FN:247,(anonymous_10)
FNF:11
FNH:0
FNDA:0,(anonymous_0)
FNDA:0,(anonymous_1)
FNDA:0,(anonymous_2)
FNDA:0,(anonymous_3)
FNDA:0,(anonymous_4)
FNDA:0,(anonymous_5)
FNDA:0,(anonymous_6)
FNDA:0,(anonymous_7)
FNDA:0,(anonymous_8)
FNDA:0,(anonymous_9)
FNDA:0,(anonymous_10)
DA:1,0
DA:2,0
DA:4,0
DA:5,0
DA:6,0
DA:7,0
DA:9,0
DA:10,0
DA:13,0
DA:14,0
DA:18,0
DA:19,0
DA:20,0
DA:23,0
DA:25,0
DA:32,0
DA:33,0
DA:39,0
DA:41,0
DA:44,0
DA:50,0
DA:51,0
DA:59,0
DA:60,0
DA:61,0
DA:62,0
DA:66,0
DA:67,0
DA:68,0
DA:70,0
DA:71,0
DA:72,0
DA:77,0
DA:81,0
DA:82,0
DA:86,0
DA:87,0
DA:89,0
DA:90,0
DA:92,0
DA:93,0
DA:95,0
DA:96,0
DA:98,0
DA:99,0
DA:101,0
DA:102,0
DA:104,0
DA:105,0
DA:108,0
DA:109,0
DA:113,0
DA:114,0
DA:115,0
DA:117,0
DA:126,0
DA:136,0
DA:140,0
DA:141,0
DA:142,0
DA:143,0
DA:144,0
DA:146,0
DA:148,0
DA:152,0
DA:153,0
DA:157,0
DA:159,0
DA:160,0
DA:161,0
DA:167,0
DA:182,0
DA:183,0
DA:185,0
DA:189,0
DA:190,0
DA:191,0
DA:195,0
DA:197,0
DA:198,0
DA:199,0
DA:202,0
DA:203,0
DA:204,0
DA:205,0
DA:206,0
DA:207,0
DA:208,0
DA:209,0
DA:210,0
DA:211,0
DA:212,0
DA:213,0
DA:214,0
DA:215,0
DA:216,0
DA:217,0
DA:219,0
DA:220,0
DA:221,0
DA:222,0
DA:223,0
DA:224,0
DA:225,0
DA:226,0
DA:231,0
DA:237,0
DA:240,0
DA:241,0
DA:243,0
DA:247,0
DA:248,0
DA:249,0
DA:250,0
DA:252,0
DA:253,0
DA:256,0
DA:257,0
DA:259,0
DA:261,0
DA:265,0
LF:121
LH:0
BRDA:6,0,0,0
BRDA:6,1,0,0
BRDA:13,2,0,0
BRDA:13,2,1,0
BRDA:18,3,0,0
BRDA:18,3,1,0
BRDA:23,4,0,0
BRDA:23,4,1,0
BRDA:59,5,0,0
BRDA:59,5,1,0
BRDA:59,6,0,0
BRDA:59,6,1,0
BRDA:61,7,0,0
BRDA:61,7,1,0
BRDA:62,8,0,0
BRDA:62,8,1,0
BRDA:66,9,0,0
BRDA:66,9,1,0
BRDA:67,10,0,0
BRDA:67,10,1,0
BRDA:71,11,0,0
BRDA:71,11,1,0
BRDA:81,12,0,0
BRDA:81,12,1,0
BRDA:87,13,0,0
BRDA:87,13,1,0
BRDA:87,13,2,0
BRDA:87,13,3,0
BRDA:87,13,4,0
BRDA:87,13,5,0
BRDA:87,13,6,0
BRDA:87,13,7,0
BRDA:136,14,0,0
BRDA:136,14,1,0
BRDA:143,15,0,0
BRDA:143,15,1,0
BRDA:148,16,0,0
BRDA:148,16,1,0
BRDA:160,17,0,0
BRDA:160,17,1,0
BRDA:160,18,0,0
BRDA:160,18,1,0
BRDA:163,19,0,0
BRDA:163,19,1,0
BRDA:169,20,0,0
BRDA:169,20,1,0
BRDA:171,21,0,0
BRDA:171,21,1,0
BRDA:172,22,0,0
BRDA:172,22,1,0
BRDA:173,23,0,0
BRDA:173,23,1,0
BRDA:174,24,0,0
BRDA:174,24,1,0
BRDA:175,25,0,0
BRDA:175,25,1,0
BRDA:176,26,0,0
BRDA:176,26,1,0
BRDA:177,27,0,0
BRDA:177,27,1,0
BRDA:185,28,0,0
BRDA:185,28,1,0
BRDA:198,29,0,0
BRDA:198,29,1,0
BRDA:202,30,0,0
BRDA:202,30,1,0
BRDA:203,31,0,0
BRDA:203,31,1,0
BRDA:204,32,0,0
BRDA:204,32,1,0
BRDA:205,33,0,0
BRDA:205,33,1,0
BRDA:206,34,0,0
BRDA:206,34,1,0
BRDA:207,35,0,0
BRDA:207,35,1,0
BRDA:208,36,0,0
BRDA:208,36,1,0
BRDA:209,37,0,0
BRDA:209,37,1,0
BRDA:210,38,0,0
BRDA:210,38,1,0
BRDA:211,39,0,0
BRDA:211,39,1,0
BRDA:212,40,0,0
BRDA:212,40,1,0
BRDA:213,41,0,0
BRDA:213,41,1,0
BRDA:214,42,0,0
BRDA:214,42,1,0
BRDA:215,43,0,0
BRDA:215,43,1,0
BRDA:216,44,0,0
BRDA:216,44,1,0
BRDA:217,45,0,0
BRDA:217,45,1,0
BRDA:219,46,0,0
BRDA:219,46,1,0
BRDA:219,47,0,0
BRDA:219,47,1,0
BRDA:221,48,0,0
BRDA:221,48,1,0
BRDA:221,48,2,0
BRDA:221,48,3,0
BRDA:222,49,0,0
BRDA:222,49,1,0
BRDA:223,50,0,0
BRDA:223,50,1,0
BRDA:224,51,0,0
BRDA:224,51,1,0
BRDA:225,52,0,0
BRDA:225,52,1,0
BRDA:233,53,0,0
BRDA:233,53,1,0
BRDA:243,54,0,0
BRDA:243,54,1,0
BRDA:252,55,0,0
BRDA:252,55,1,0
BRDA:261,56,0,0
BRDA:261,56,1,0
BRF:120
BRH:0
end_of_record
TN:
SF:controllers\ghn.controller.js
FN:5,(anonymous_0)
FN:14,(anonymous_1)
FN:25,(anonymous_2)
FN:36,(anonymous_3)
FNF:4
FNH:0
FNDA:0,(anonymous_0)
FNDA:0,(anonymous_1)
FNDA:0,(anonymous_2)
FNDA:0,(anonymous_3)
DA:1,0
DA:2,0
DA:3,0
DA:5,0
DA:6,0
DA:7,0
DA:8,0
DA:10,0
DA:14,0
DA:15,0
DA:16,0
DA:17,0
DA:18,0
DA:19,0
DA:21,0
DA:25,0
DA:26,0
DA:27,0
DA:28,0
DA:29,0
DA:30,0
DA:32,0
DA:36,0
DA:37,0
DA:38,0
DA:41,0
DA:42,0
DA:46,0
DA:48,0
DA:50,0
DA:54,0
DA:55,0
DA:56,0
DA:57,0
DA:61,0
DA:63,0
DA:67,0
LF:37
LH:0
BRDA:17,0,0,0
BRDA:17,0,1,0
BRDA:28,1,0,0
BRDA:28,1,1,0
BRDA:41,2,0,0
BRDA:41,2,1,0
BRDA:41,3,0,0
BRDA:41,3,1,0
BRDA:48,4,0,0
BRDA:48,4,1,0
BRDA:54,5,0,0
BRDA:54,5,1,0
BRF:12
BRH:0
end_of_record
TN:
SF:controllers\rental.controller.js
FN:13,(anonymous_0)
FN:21,(anonymous_1)
FN:31,(anonymous_2)
FN:46,(anonymous_3)
FN:74,(anonymous_4)
FN:90,(anonymous_5)
FN:125,(anonymous_6)
FN:203,(anonymous_7)
FN:204,(anonymous_8)
FN:229,(anonymous_9)
FN:262,(anonymous_10)
FN:301,(anonymous_11)
FN:320,(anonymous_12)
FN:321,(anonymous_13)
FN:335,(anonymous_14)
FN:350,(anonymous_15)
FN:394,(anonymous_16)
FN:457,(anonymous_17)
FN:464,(anonymous_18)
FN:473,(anonymous_19)
FN:482,(anonymous_20)
FN:483,(anonymous_21)
FN:498,(anonymous_22)
FN:503,(anonymous_23)
FN:504,(anonymous_24)
FN:518,(anonymous_25)
FN:519,(anonymous_26)
FN:538,(anonymous_27)
FN:561,(anonymous_28)
FN:581,(anonymous_29)
FN:626,(anonymous_30)
FNF:31
FNH:0
FNDA:0,(anonymous_0)
FNDA:0,(anonymous_1)
FNDA:0,(anonymous_2)
FNDA:0,(anonymous_3)
FNDA:0,(anonymous_4)
FNDA:0,(anonymous_5)
FNDA:0,(anonymous_6)
FNDA:0,(anonymous_7)
FNDA:0,(anonymous_8)
FNDA:0,(anonymous_9)
FNDA:0,(anonymous_10)
FNDA:0,(anonymous_11)
FNDA:0,(anonymous_12)
FNDA:0,(anonymous_13)
FNDA:0,(anonymous_14)
FNDA:0,(anonymous_15)
FNDA:0,(anonymous_16)
FNDA:0,(anonymous_17)
FNDA:0,(anonymous_18)
FNDA:0,(anonymous_19)
FNDA:0,(anonymous_20)
FNDA:0,(anonymous_21)
FNDA:0,(anonymous_22)
FNDA:0,(anonymous_23)
FNDA:0,(anonymous_24)
FNDA:0,(anonymous_25)
FNDA:0,(anonymous_26)
FNDA:0,(anonymous_27)
FNDA:0,(anonymous_28)
FNDA:0,(anonymous_29)
FNDA:0,(anonymous_30)
DA:1,0
DA:2,0
DA:3,0
DA:4,0
DA:5,0
DA:6,0
DA:7,0
DA:8,0
DA:9,0
DA:13,0
DA:14,0
DA:15,0
DA:17,0
DA:21,0
DA:31,0
DA:40,0
DA:42,0
DA:46,0
DA:47,0
DA:48,0
DA:49,0
DA:50,0
DA:53,0
DA:54,0
DA:56,0
DA:74,0
DA:84,0
DA:90,0
DA:91,0
DA:92,0
DA:93,0
DA:96,0
DA:97,0
DA:98,0
DA:100,0
DA:101,0
DA:102,0
DA:103,0
DA:106,0
DA:107,0
DA:109,0
DA:110,0
DA:114,0
DA:121,0
DA:122,0
DA:125,0
DA:127,0
DA:128,0
DA:132,0
DA:133,0
DA:138,0
DA:140,0
DA:141,0
DA:143,0
DA:152,0
DA:160,0
DA:161,0
DA:162,0
DA:165,0
DA:167,0
DA:168,0
DA:170,0
DA:171,0
DA:175,0
DA:176,0
DA:178,0
DA:193,0
DA:196,0
DA:197,0
DA:198,0
DA:199,0
DA:200,0
DA:203,0
DA:204,0
DA:205,0
DA:210,0
DA:213,0
DA:214,0
DA:216,0
DA:220,0
DA:223,0
DA:225,0
DA:229,0
DA:230,0
DA:231,0
DA:232,0
DA:233,0
DA:236,0
DA:237,0
DA:238,0
DA:241,0
DA:242,0
DA:246,0
DA:247,0
DA:248,0
DA:249,0
DA:252,0
DA:253,0
DA:254,0
DA:255,0
DA:259,0
DA:260,0
DA:261,0
DA:262,0
DA:263,0
DA:264,0
DA:265,0
DA:271,0
DA:272,0
DA:273,0
DA:274,0
DA:287,0
DA:290,0
DA:292,0
DA:301,0
DA:302,0
DA:303,0
DA:304,0
DA:305,0
DA:308,0
DA:309,0
DA:310,0
DA:313,0
DA:320,0
DA:321,0
DA:322,0
DA:324,0
DA:329,0
DA:335,0
DA:336,0
DA:338,0
DA:343,0
DA:345,0
DA:350,0
DA:351,0
DA:352,0
DA:353,0
DA:355,0
DA:356,0
DA:359,0
DA:360,0
DA:361,0
DA:376,0
DA:377,0
DA:379,0
DA:384,0
DA:385,0
DA:387,0
DA:389,0
DA:394,0
DA:395,0
DA:396,0
DA:398,0
DA:399,0
DA:401,0
DA:402,0
DA:405,0
DA:406,0
DA:407,0
DA:422,0
DA:423,0
DA:424,0
DA:425,0
DA:427,0
DA:432,0
DA:434,0
DA:435,0
DA:436,0
DA:443,0
DA:444,0
DA:445,0
DA:451,0
DA:457,0
DA:458,0
DA:460,0
DA:462,0
DA:464,0
DA:466,0
DA:468,0
DA:473,0
DA:474,0
DA:476,0
DA:478,0
DA:481,0
DA:482,0
DA:483,0
DA:484,0
DA:488,0
DA:493,0
DA:498,0
DA:499,0
DA:501,0
DA:502,0
DA:503,0
DA:504,0
DA:505,0
DA:509,0
DA:510,0
DA:514,0
DA:515,0
DA:517,0
DA:518,0
DA:519,0
DA:520,0
DA:525,0
DA:527,0
DA:533,0
DA:538,0
DA:539,0
DA:540,0
DA:541,0
DA:542,0
DA:546,0
DA:547,0
DA:550,0
DA:551,0
DA:553,0
DA:555,0
DA:556,0
DA:561,0
DA:562,0
DA:563,0
DA:565,0
DA:566,0
DA:567,0
DA:568,0
DA:571,0
DA:572,0
DA:574,0
DA:575,0
DA:577,0
DA:578,0
DA:579,0
DA:581,0
DA:582,0
DA:583,0
DA:588,0
DA:589,0
DA:590,0
DA:592,0
DA:593,0
DA:596,0
DA:597,0
DA:598,0
DA:599,0
DA:600,0
DA:601,0
DA:602,0
DA:605,0
DA:606,0
DA:607,0
DA:608,0
DA:609,0
DA:610,0
DA:615,0
DA:617,0
DA:618,0
DA:620,0
DA:624,0
DA:625,0
DA:626,0
DA:627,0
DA:628,0
DA:629,0
DA:635,0
DA:641,0
DA:642,0
DA:646,0
LF:268
LH:0
BRDA:23,0,0,0
BRDA:23,0,1,0
BRDA:24,1,0,0
BRDA:24,1,1,0
BRDA:32,2,0,0
BRDA:32,2,1,0
BRDA:33,3,0,0
BRDA:33,3,1,0
BRDA:36,4,0,0
BRDA:36,4,1,0
BRDA:36,4,2,0
BRDA:42,5,0,0
BRDA:42,5,1,0
BRDA:53,6,0,0
BRDA:53,6,1,0
BRDA:80,7,0,0
BRDA:80,7,1,0
BRDA:80,7,2,0
BRDA:80,7,3,0
BRDA:84,8,0,0
BRDA:84,8,1,0
BRDA:109,9,0,0
BRDA:109,9,1,0
BRDA:121,10,0,0
BRDA:121,10,1,0
BRDA:127,11,0,0
BRDA:127,11,1,0
BRDA:132,12,0,0
BRDA:132,12,1,0
BRDA:138,13,0,0
BRDA:138,13,1,0
BRDA:138,13,2,0
BRDA:168,14,0,0
BRDA:168,14,1,0
BRDA:170,15,0,0
BRDA:170,15,1,0
BRDA:198,16,0,0
BRDA:198,16,1,0
BRDA:205,17,0,0
BRDA:205,17,1,0
BRDA:205,17,2,0
BRDA:205,17,3,0
BRDA:213,18,0,0
BRDA:213,18,1,0
BRDA:225,19,0,0
BRDA:225,19,1,0
BRDA:237,20,0,0
BRDA:237,20,1,0
BRDA:241,21,0,0
BRDA:241,21,1,0
BRDA:247,22,0,0
BRDA:247,22,1,0
BRDA:253,23,0,0
BRDA:253,23,1,0
BRDA:254,24,0,0
BRDA:254,24,1,0
BRDA:261,25,0,0
BRDA:261,25,1,0
BRDA:263,26,0,0
BRDA:263,26,1,0
BRDA:273,27,0,0
BRDA:273,27,1,0
BRDA:273,28,0,0
BRDA:273,28,1,0
BRDA:292,29,0,0
BRDA:292,29,1,0
BRDA:305,30,0,0
BRDA:305,30,1,0
BRDA:321,31,0,0
BRDA:321,31,1,0
BRDA:356,32,0,0
BRDA:356,32,1,0
BRDA:359,33,0,0
BRDA:359,33,1,0
BRDA:359,34,0,0
BRDA:359,34,1,0
BRDA:359,34,2,0
BRDA:359,34,3,0
BRDA:367,35,0,0
BRDA:367,35,1,0
BRDA:399,36,0,0
BRDA:399,36,1,0
BRDA:401,37,0,0
BRDA:401,37,1,0
BRDA:401,38,0,0
BRDA:401,38,1,0
BRDA:405,39,0,0
BRDA:405,39,1,0
BRDA:405,40,0,0
BRDA:405,40,1,0
BRDA:405,40,2,0
BRDA:413,41,0,0
BRDA:413,41,1,0
BRDA:505,42,0,0
BRDA:505,42,1,0
BRDA:509,43,0,0
BRDA:509,43,1,0
BRDA:541,44,0,0
BRDA:541,44,1,0
BRDA:546,45,0,0
BRDA:546,45,1,0
BRDA:567,46,0,0
BRDA:567,46,1,0
BRDA:568,47,0,0
BRDA:568,47,1,0
BRDA:572,48,0,0
BRDA:572,48,1,0
BRDA:577,49,0,0
BRDA:577,49,1,0
BRDA:582,50,0,0
BRDA:582,50,1,0
BRDA:588,51,0,0
BRDA:588,51,1,0
BRDA:590,52,0,0
BRDA:590,52,1,0
BRDA:593,53,0,0
BRDA:593,53,1,0
BRDA:601,54,0,0
BRDA:601,54,1,0
BRDA:605,55,0,0
BRDA:605,55,1,0
BRDA:608,56,0,0
BRDA:608,56,1,0
BRDA:609,57,0,0
BRDA:609,57,1,0
BRDA:618,58,0,0
BRDA:618,58,1,0
BRDA:624,59,0,0
BRDA:624,59,1,0
BRDA:625,60,0,0
BRDA:625,60,1,0
BRDA:627,61,0,0
BRDA:627,61,1,0
BRF:133
BRH:0
end_of_record
TN:
SF:controllers\role.controller.js
FN:5,(anonymous_0)
FNF:1
FNH:0
FNDA:0,(anonymous_0)
DA:1,0
DA:2,0
DA:3,0
DA:5,0
DA:6,0
DA:7,0
DA:8,0
DA:13,0
DA:17,0
LF:9
LH:0
BRF:0
BRH:0
end_of_record
TN:
SF:controllers\staff.controller.js
FN:9,(anonymous_0)
FN:74,(anonymous_1)
FN:78,(anonymous_2)
FN:83,(anonymous_3)
FN:94,(anonymous_4)
FN:99,(anonymous_5)
FNF:6
FNH:0
FNDA:0,(anonymous_0)
FNDA:0,(anonymous_1)
FNDA:0,(anonymous_2)
FNDA:0,(anonymous_3)
FNDA:0,(anonymous_4)
FNDA:0,(anonymous_5)
DA:1,0
DA:2,0
DA:3,0
DA:9,0
DA:10,0
DA:11,0
DA:14,0
DA:15,0
DA:16,0
DA:19,0
DA:20,0
DA:23,0
DA:32,0
DA:38,0
DA:49,0
DA:57,0
DA:63,0
DA:74,0
DA:78,0
DA:83,0
DA:94,0
DA:99,0
DA:112,0
DA:113,0
DA:117,0
LF:25
LH:0
BRDA:80,0,0,0
BRDA:80,0,1,0
BRDA:83,1,0,0
BRDA:83,1,1,0
BRDA:84,2,0,0
BRDA:84,2,1,0
BRDA:85,3,0,0
BRDA:85,3,1,0
BRDA:96,4,0,0
BRDA:96,4,1,0
BRDA:99,5,0,0
BRDA:99,5,1,0
BRDA:100,6,0,0
BRDA:100,6,1,0
BRDA:101,7,0,0
BRDA:101,7,1,0
BRF:16
BRH:0
end_of_record
TN:
SF:controllers\user.controller.js
FN:14,(anonymous_0)
FN:144,(anonymous_1)
FN:153,(anonymous_2)
FN:175,(anonymous_3)
FN:238,(anonymous_4)
FN:278,(anonymous_5)
FN:342,(anonymous_6)
FN:371,(anonymous_7)
FN:394,(anonymous_8)
FN:447,(anonymous_9)
FN:476,(anonymous_10)
FN:480,(anonymous_11)
FN:497,(anonymous_12)
FN:520,(anonymous_13)
FN:604,(anonymous_14)
FN:641,(anonymous_15)
FN:665,(anonymous_16)
FN:693,(anonymous_17)
FN:707,(anonymous_18)
FN:735,(anonymous_19)
FN:743,(anonymous_20)
FN:769,(anonymous_21)
FN:783,(anonymous_22)
FN:803,(anonymous_23)
FN:807,(anonymous_24)
FN:824,(anonymous_25)
FN:836,(anonymous_26)
FNF:27
FNH:7
FNDA:4,(anonymous_0)
FNDA:2,(anonymous_1)
FNDA:2,(anonymous_2)
FNDA:0,(anonymous_3)
FNDA:0,(anonymous_4)
FNDA:4,(anonymous_5)
FNDA:0,(anonymous_6)
FNDA:1,(anonymous_7)
FNDA:4,(anonymous_8)
FNDA:3,(anonymous_9)
FNDA:0,(anonymous_10)
FNDA:0,(anonymous_11)
FNDA:0,(anonymous_12)
FNDA:0,(anonymous_13)
FNDA:0,(anonymous_14)
FNDA:0,(anonymous_15)
FNDA:0,(anonymous_16)
FNDA:0,(anonymous_17)
FNDA:0,(anonymous_18)
FNDA:0,(anonymous_19)
FNDA:0,(anonymous_20)
FNDA:0,(anonymous_21)
FNDA:0,(anonymous_22)
FNDA:0,(anonymous_23)
FNDA:0,(anonymous_24)
FNDA:0,(anonymous_25)
FNDA:0,(anonymous_26)
DA:1,1
DA:2,1
DA:3,1
DA:4,1
DA:5,1
DA:6,1
DA:7,1
DA:8,1
DA:9,1
DA:10,1
DA:11,1
DA:12,1
DA:14,1
DA:15,4
DA:17,4
DA:18,4
DA:19,4
DA:21,4
DA:23,4
DA:24,1
DA:32,3
DA:33,3
DA:34,3
DA:39,0
DA:48,3
DA:53,1
DA:58,2
DA:60,2
DA:61,0
DA:64,2
DA:65,2
DA:66,2
DA:67,2
DA:69,2
DA:70,2
DA:72,2
DA:77,1
DA:94,1
DA:96,1
DA:111,1
DA:125,1
DA:127,1
DA:140,0
DA:144,1
DA:145,2
DA:146,2
DA:147,2
DA:148,12
DA:150,2
DA:153,1
DA:154,2
DA:175,1
DA:176,0
DA:177,0
DA:178,0
DA:180,0
DA:184,0
DA:185,0
DA:188,0
DA:189,0
DA:192,0
DA:193,0
DA:196,0
DA:197,0
DA:200,0
DA:202,0
DA:203,0
DA:208,0
DA:210,0
DA:211,0
DA:213,0
DA:214,0
DA:215,0
DA:216,0
DA:217,0
DA:219,0
DA:221,0
DA:232,0
DA:238,1
DA:239,0
DA:240,0
DA:241,0
DA:243,0
DA:244,0
DA:247,0
DA:248,0
DA:251,0
DA:252,0
DA:255,0
DA:256,0
DA:257,0
DA:262,0
DA:263,0
DA:264,0
DA:266,0
DA:267,0
DA:268,0
DA:269,0
DA:271,0
DA:273,0
DA:275,0
DA:278,1
DA:279,4
DA:280,4
DA:282,4
DA:286,3
DA:287,0
DA:290,3
DA:291,1
DA:294,2
DA:296,2
DA:297,1
DA:300,1
DA:302,0
DA:303,0
DA:304,0
DA:306,0
DA:307,0
DA:308,0
DA:309,0
DA:310,0
DA:312,0
DA:314,0
DA:323,1
DA:333,1
DA:338,1
DA:342,1
DA:343,0
DA:344,0
DA:346,0
DA:347,0
DA:348,0
DA:351,0
DA:367,0
DA:371,1
DA:372,1
DA:394,1
DA:395,4
DA:396,4
DA:397,4
DA:398,4
DA:399,1
DA:407,3
DA:408,0
DA:416,3
DA:417,2
DA:424,1
DA:426,1
DA:431,1
DA:432,1
DA:434,1
DA:436,1
DA:437,1
DA:438,1
DA:443,0
DA:447,1
DA:448,3
DA:449,3
DA:450,3
DA:452,3
DA:454,3
DA:459,3
DA:460,1
DA:462,2
DA:463,2
DA:465,2
DA:466,2
DA:468,2
DA:470,2
DA:472,0
DA:476,1
DA:477,0
DA:478,0
DA:479,0
DA:480,0
DA:493,0
DA:497,1
DA:498,0
DA:499,0
DA:501,0
DA:502,0
DA:505,0
DA:507,0
DA:508,0
DA:511,0
DA:516,0
DA:520,1
DA:521,0
DA:522,0
DA:533,0
DA:535,0
DA:536,0
DA:539,0
DA:540,0
DA:545,0
DA:546,0
DA:547,0
DA:550,0
DA:551,0
DA:556,0
DA:557,0
DA:558,0
DA:559,0
DA:563,0
DA:564,0
DA:565,0
DA:566,0
DA:570,0
DA:571,0
DA:572,0
DA:573,0
DA:576,0
DA:591,0
DA:592,0
DA:595,0
DA:600,0
DA:604,1
DA:605,0
DA:606,0
DA:607,0
DA:609,0
DA:611,0
DA:612,0
DA:615,0
DA:617,0
DA:618,0
DA:619,0
DA:622,0
DA:633,0
DA:637,0
DA:641,1
DA:642,0
DA:655,0
DA:657,0
DA:658,0
DA:660,0
DA:661,0
DA:664,0
DA:665,0
DA:668,0
DA:682,0
DA:683,0
DA:685,0
DA:687,0
DA:689,0
DA:693,1
DA:694,0
DA:695,0
DA:696,0
DA:697,0
DA:698,0
DA:701,0
DA:703,0
DA:707,1
DA:708,0
DA:709,0
DA:710,0
DA:724,0
DA:726,0
DA:728,0
DA:730,0
DA:731,0
DA:734,0
DA:735,0
DA:738,0
DA:739,0
DA:742,0
DA:743,0
DA:744,0
DA:748,0
DA:749,0
DA:750,0
DA:751,0
DA:752,0
DA:753,0
DA:754,0
DA:755,0
DA:756,0
DA:757,0
DA:758,0
DA:760,0
DA:762,0
DA:766,0
DA:769,1
DA:770,0
DA:771,0
DA:772,0
DA:774,0
DA:776,0
DA:777,0
DA:782,0
DA:783,0
DA:786,0
DA:787,0
DA:793,0
DA:794,0
DA:802,0
DA:803,0
DA:806,0
DA:807,0
DA:810,0
DA:811,0
DA:814,0
DA:816,0
DA:820,0
DA:821,0
DA:824,1
DA:825,0
DA:826,0
DA:827,0
DA:829,0
DA:831,0
DA:832,0
DA:835,0
DA:836,0
DA:839,0
DA:840,0
DA:843,0
DA:848,0
DA:853,1
LF:320
LH:108
BRDA:23,0,0,1
BRDA:23,0,1,3
BRDA:23,1,0,4
BRDA:23,1,1,3
BRDA:32,2,0,3
BRDA:32,2,1,0
BRDA:34,3,0,0
BRDA:34,3,1,3
BRDA:35,4,0,3
BRDA:35,4,1,2
BRDA:35,4,2,0
BRDA:35,4,3,0
BRDA:48,5,0,1
BRDA:48,5,1,2
BRDA:49,6,0,3
BRDA:49,6,1,2
BRDA:49,6,2,1
BRDA:60,7,0,0
BRDA:60,7,1,2
BRDA:72,8,0,1
BRDA:72,8,1,1
BRDA:73,9,0,2
BRDA:73,9,1,1
BRDA:73,9,2,1
BRDA:84,10,0,1
BRDA:84,10,1,0
BRDA:85,11,0,1
BRDA:85,11,1,0
BRDA:117,12,0,1
BRDA:117,12,1,0
BRDA:118,13,0,1
BRDA:118,13,1,0
BRDA:140,14,0,0
BRDA:140,14,1,0
BRDA:160,15,0,2
BRDA:160,15,1,0
BRDA:184,16,0,0
BRDA:184,16,1,0
BRDA:188,17,0,0
BRDA:188,17,1,0
BRDA:188,18,0,0
BRDA:188,18,1,0
BRDA:192,19,0,0
BRDA:192,19,1,0
BRDA:196,20,0,0
BRDA:196,20,1,0
BRDA:196,21,0,0
BRDA:196,21,1,0
BRDA:202,22,0,0
BRDA:202,22,1,0
BRDA:210,23,0,0
BRDA:210,23,1,0
BRDA:233,24,0,0
BRDA:233,24,1,0
BRDA:243,25,0,0
BRDA:243,25,1,0
BRDA:247,26,0,0
BRDA:247,26,1,0
BRDA:247,27,0,0
BRDA:247,27,1,0
BRDA:251,28,0,0
BRDA:251,28,1,0
BRDA:256,29,0,0
BRDA:256,29,1,0
BRDA:256,30,0,0
BRDA:256,30,1,0
BRDA:275,31,0,0
BRDA:275,31,1,0
BRDA:286,32,0,0
BRDA:286,32,1,3
BRDA:290,33,0,1
BRDA:290,33,1,2
BRDA:296,34,0,1
BRDA:296,34,1,1
BRDA:300,35,0,0
BRDA:300,35,1,1
BRDA:300,36,0,1
BRDA:300,36,1,0
BRDA:338,37,0,1
BRDA:338,37,1,0
BRDA:347,38,0,0
BRDA:347,38,1,0
BRDA:367,39,0,0
BRDA:367,39,1,0
BRDA:378,40,0,1
BRDA:378,40,1,0
BRDA:398,41,0,1
BRDA:398,41,1,3
BRDA:407,42,0,0
BRDA:407,42,1,3
BRDA:416,43,0,2
BRDA:416,43,1,1
BRDA:443,44,0,0
BRDA:443,44,1,0
BRDA:459,45,0,1
BRDA:459,45,1,2
BRDA:472,46,0,0
BRDA:472,46,1,0
BRDA:501,47,0,0
BRDA:501,47,1,0
BRDA:507,48,0,0
BRDA:507,48,1,0
BRDA:535,49,0,0
BRDA:535,49,1,0
BRDA:539,50,0,0
BRDA:539,50,1,0
BRDA:539,51,0,0
BRDA:539,51,1,0
BRDA:546,52,0,0
BRDA:546,52,1,0
BRDA:550,53,0,0
BRDA:550,53,1,0
BRDA:556,54,0,0
BRDA:556,54,1,0
BRDA:558,55,0,0
BRDA:558,55,1,0
BRDA:563,56,0,0
BRDA:563,56,1,0
BRDA:565,57,0,0
BRDA:565,57,1,0
BRDA:571,58,0,0
BRDA:571,58,1,0
BRDA:591,59,0,0
BRDA:591,59,1,0
BRDA:611,60,0,0
BRDA:611,60,1,0
BRDA:617,61,0,0
BRDA:617,61,1,0
BRDA:637,62,0,0
BRDA:637,62,1,0
BRDA:660,63,0,0
BRDA:660,63,1,0
BRDA:664,64,0,0
BRDA:664,64,1,0
BRDA:679,65,0,0
BRDA:679,65,1,0
BRDA:697,66,0,0
BRDA:697,66,1,0
BRDA:730,67,0,0
BRDA:730,67,1,0
BRDA:738,68,0,0
BRDA:738,68,1,0
BRDA:742,69,0,0
BRDA:742,69,1,0
BRDA:748,70,0,0
BRDA:748,70,1,0
BRDA:749,71,0,0
BRDA:749,71,1,0
BRDA:750,72,0,0
BRDA:750,72,1,0
BRDA:751,73,0,0
BRDA:751,73,1,0
BRDA:752,74,0,0
BRDA:752,74,1,0
BRDA:753,75,0,0
BRDA:753,75,1,0
BRDA:754,76,0,0
BRDA:754,76,1,0
BRDA:755,77,0,0
BRDA:755,77,1,0
BRDA:756,78,0,0
BRDA:756,78,1,0
BRDA:757,79,0,0
BRDA:757,79,1,0
BRDA:758,80,0,0
BRDA:758,80,1,0
BRDA:776,81,0,0
BRDA:776,81,1,0
BRDA:786,82,0,0
BRDA:786,82,1,0
BRDA:793,83,0,0
BRDA:793,83,1,0
BRDA:810,84,0,0
BRDA:810,84,1,0
BRDA:810,85,0,0
BRDA:810,85,1,0
BRDA:831,86,0,0
BRDA:831,86,1,0
BRDA:839,87,0,0
BRDA:839,87,1,0
BRF:180
BRH:40
end_of_record
TN:
SF:controllers\vnpay.controller.js
FN:10,(anonymous_0)
FN:90,(anonymous_1)
FN:165,(anonymous_2)
FN:216,sortObject
FNF:4
FNH:0
FNDA:0,(anonymous_0)
FNDA:0,(anonymous_1)
FNDA:0,(anonymous_2)
FNDA:0,sortObject
DA:1,0
DA:2,0
DA:3,0
DA:4,0
DA:5,0
DA:7,0
DA:10,0
DA:11,0
DA:12,0
DA:13,0
DA:15,0
DA:16,0
DA:23,0
DA:27,0
DA:28,0
DA:29,0
DA:30,0
DA:32,0
DA:33,0
DA:37,0
DA:40,0
DA:46,0
DA:48,0
DA:49,0
DA:50,0
DA:51,0
DA:52,0
DA:53,0
DA:54,0
DA:55,0
DA:56,0
DA:57,0
DA:58,0
DA:59,0
DA:60,0
DA:61,0
DA:63,0
DA:65,0
DA:66,0
DA:67,0
DA:69,0
DA:72,0
DA:74,0
DA:79,0
DA:80,0
DA:90,0
DA:91,0
DA:92,0
DA:93,0
DA:95,0
DA:96,0
DA:98,0
DA:99,0
DA:100,0
DA:101,0
DA:102,0
DA:104,0
DA:105,0
DA:111,0
DA:112,0
DA:114,0
DA:127,0
DA:128,0
DA:134,0
DA:136,0
DA:137,0
DA:138,0
DA:139,0
DA:142,0
DA:148,0
DA:149,0
DA:151,0
DA:156,0
DA:157,0
DA:165,0
DA:166,0
DA:167,0
DA:168,0
DA:170,0
DA:171,0
DA:172,0
DA:174,0
DA:175,0
DA:176,0
DA:177,0
DA:178,0
DA:180,0
DA:181,0
DA:182,0
DA:184,0
DA:185,0
DA:198,0
DA:199,0
DA:200,0
DA:201,0
DA:202,0
DA:208,0
DA:210,0
DA:211,0
DA:217,0
DA:218,0
DA:220,0
DA:221,0
DA:222,0
DA:225,0
DA:226,0
DA:227,0
DA:229,0
DA:232,0
LF:109
LH:0
BRDA:15,0,0,0
BRDA:15,0,1,0
BRDA:15,1,0,0
BRDA:15,1,1,0
BRDA:23,2,0,0
BRDA:23,2,1,0
BRDA:23,2,2,0
BRDA:104,3,0,0
BRDA:104,3,1,0
BRDA:127,4,0,0
BRDA:127,4,1,0
BRDA:134,5,0,0
BRDA:134,5,1,0
BRDA:137,6,0,0
BRDA:137,6,1,0
BRDA:138,7,0,0
BRDA:138,7,1,0
BRDA:180,8,0,0
BRDA:180,8,1,0
BRDA:184,9,0,0
BRDA:184,9,1,0
BRDA:198,10,0,0
BRDA:198,10,1,0
BRDA:200,11,0,0
BRDA:200,11,1,0
BRDA:201,12,0,0
BRDA:201,12,1,0
BRDA:221,13,0,0
BRDA:221,13,1,0
BRF:29
BRH:0
end_of_record
