TN:
SF:models\cart.model.js
FNF:0
FNH:0
DA:1,2
DA:3,2
DA:42,2
LF:3
LH:3
BRF:0
BRH:0
end_of_record
TN:
SF:models\category.model.js
FNF:0
FNH:0
DA:1,2
DA:3,2
DA:30,2
LF:3
LH:3
BRF:0
BRH:0
end_of_record
TN:
SF:models\costume.model.js
FNF:0
FNH:0
DA:1,3
DA:3,3
DA:133,3
LF:3
LH:3
BRF:0
BRH:0
end_of_record
TN:
SF:models\http-error.model.js
FN:2,(anonymous_0)
FNF:1
FNH:1
FNDA:182,(anonymous_0)
DA:3,182
DA:4,182
DA:8,5
LF:3
LH:3
BRF:0
BRH:0
end_of_record
TN:
SF:models\issue.model.js
FNF:0
FNH:0
DA:1,1
DA:3,1
DA:39,1
LF:3
LH:3
BRF:0
BRH:0
end_of_record
TN:
SF:models\rental.model.js
FNF:0
FNH:0
DA:1,1
DA:3,1
DA:98,1
LF:3
LH:3
BRF:0
BRH:0
end_of_record
TN:
SF:models\role.model.js
FNF:0
FNH:0
DA:1,1
DA:3,1
DA:15,1
LF:3
LH:3
BRF:0
BRH:0
end_of_record
TN:
SF:models\user.model.js
FN:94,(anonymous_0)
FNF:1
FNH:0
FNDA:0,(anonymous_0)
DA:1,2
DA:4,2
DA:21,2
DA:95,0
DA:120,2
LF:5
LH:4
BRF:0
BRH:0
end_of_record
TN:
SF:services\cart.service.js
FN:5,(anonymous_0)
FN:20,(anonymous_1)
FN:21,(anonymous_2)
FN:49,(anonymous_3)
FN:70,(anonymous_4)
FN:77,(anonymous_5)
FN:86,(anonymous_6)
FN:116,(anonymous_7)
FN:130,(anonymous_8)
FN:164,(anonymous_9)
FN:174,(anonymous_10)
FN:190,(anonymous_11)
FN:230,(anonymous_12)
FN:271,(anonymous_13)
FN:275,(anonymous_14)
FN:285,(anonymous_15)
FN:294,(anonymous_16)
FNF:17
FNH:16
FNDA:3,(anonymous_0)
FNDA:3,(anonymous_1)
FNDA:3,(anonymous_2)
FNDA:1,(anonymous_3)
FNDA:1,(anonymous_4)
FNDA:15,(anonymous_5)
FNDA:16,(anonymous_6)
FNDA:6,(anonymous_7)
FNDA:4,(anonymous_8)
FNDA:10,(anonymous_9)
FNDA:8,(anonymous_10)
FNDA:6,(anonymous_11)
FNDA:4,(anonymous_12)
FNDA:2,(anonymous_13)
FNDA:4,(anonymous_14)
FNDA:3,(anonymous_15)
FNDA:0,(anonymous_16)
DA:1,1
DA:2,1
DA:3,1
DA:5,1
DA:6,3
DA:13,3
DA:15,2
DA:16,2
DA:17,2
DA:18,2
DA:20,2
DA:21,3
DA:22,3
DA:23,3
DA:24,3
DA:25,3
DA:26,3
DA:27,0
DA:28,3
DA:29,0
DA:30,3
DA:31,3
DA:32,3
DA:33,3
DA:34,0
DA:35,3
DA:36,0
DA:37,3
DA:38,0
DA:40,3
DA:41,3
DA:42,3
DA:43,2
DA:49,3
DA:50,3
DA:51,0
DA:54,3
DA:70,1
DA:77,1
DA:78,15
DA:79,15
DA:81,14
DA:82,14
DA:83,0
DA:86,16
DA:87,14
DA:88,13
DA:89,1
DA:92,12
DA:93,12
DA:94,12
DA:96,11
DA:97,11
DA:98,11
DA:99,11
DA:101,11
DA:102,11
DA:104,11
DA:105,10
DA:107,8
DA:108,8
DA:110,8
DA:112,8
DA:113,1
DA:115,7
DA:117,6
DA:125,7
DA:126,2
DA:129,5
DA:131,4
DA:137,5
DA:138,2
DA:139,2
DA:140,2
DA:141,1
DA:143,1
DA:149,3
DA:153,5
DA:154,5
DA:161,5
DA:164,1
DA:165,10
DA:166,10
DA:167,9
DA:169,8
DA:170,8
DA:171,0
DA:174,8
DA:175,8
DA:176,8
DA:178,7
DA:179,7
DA:180,7
DA:182,7
DA:183,7
DA:184,7
DA:186,7
DA:187,7
DA:189,6
DA:191,6
DA:196,6
DA:198,5
DA:200,5
DA:204,5
DA:206,5
DA:207,1
DA:210,4
DA:211,4
DA:212,4
DA:213,4
DA:215,4
DA:216,3
DA:218,3
DA:219,3
DA:220,3
DA:221,0
DA:224,3
DA:225,3
DA:226,3
DA:228,3
DA:229,2
DA:231,4
DA:238,2
DA:239,2
DA:240,2
DA:241,1
DA:243,1
DA:244,1
DA:245,1
DA:246,1
DA:247,1
DA:249,0
DA:250,0
DA:251,0
DA:252,0
DA:253,0
DA:254,0
DA:255,0
DA:258,1
DA:261,2
DA:262,2
DA:268,2
DA:271,1
DA:272,2
DA:275,1
DA:276,4
DA:278,3
DA:279,3
DA:281,2
DA:282,2
DA:283,2
DA:284,2
DA:286,3
DA:294,0
DA:297,2
DA:298,2
DA:301,1
LF:157
LH:140
BRDA:13,0,0,1
BRDA:13,0,1,2
BRDA:23,1,0,3
BRDA:23,1,1,0
BRDA:26,2,0,0
BRDA:26,2,1,3
BRDA:28,3,0,0
BRDA:28,3,1,3
BRDA:30,4,0,3
BRDA:30,4,1,0
BRDA:33,5,0,0
BRDA:33,5,1,3
BRDA:35,6,0,0
BRDA:35,6,1,3
BRDA:37,7,0,0
BRDA:37,7,1,3
BRDA:41,8,0,3
BRDA:41,8,1,3
BRDA:42,9,0,2
BRDA:42,9,1,1
BRDA:50,10,0,0
BRDA:50,10,1,3
BRDA:50,11,0,3
BRDA:50,11,1,1
BRDA:58,12,0,3
BRDA:58,12,1,1
BRDA:68,13,0,3
BRDA:68,13,1,3
BRDA:69,14,0,3
BRDA:69,14,1,0
BRDA:70,15,0,3
BRDA:70,15,1,2
BRDA:79,16,0,1
BRDA:79,16,1,14
BRDA:82,17,0,0
BRDA:82,17,1,14
BRDA:82,18,0,14
BRDA:82,18,1,14
BRDA:82,18,2,14
BRDA:82,18,3,14
BRDA:87,19,0,1
BRDA:87,19,1,13
BRDA:88,20,0,1
BRDA:88,20,1,12
BRDA:94,21,0,1
BRDA:94,21,1,11
BRDA:94,22,0,12
BRDA:94,22,1,11
BRDA:104,23,0,1
BRDA:104,23,1,10
BRDA:105,24,0,2
BRDA:105,24,1,8
BRDA:112,25,0,1
BRDA:112,25,1,7
BRDA:117,26,0,6
BRDA:117,26,1,6
BRDA:117,26,2,5
BRDA:117,26,3,3
BRDA:117,26,4,3
BRDA:119,27,0,5
BRDA:119,27,1,2
BRDA:125,28,0,2
BRDA:125,28,1,5
BRDA:131,29,0,4
BRDA:131,29,1,4
BRDA:131,29,2,3
BRDA:131,29,3,2
BRDA:137,30,0,2
BRDA:137,30,1,3
BRDA:140,31,0,1
BRDA:140,31,1,1
BRDA:153,32,0,5
BRDA:153,32,1,0
BRDA:166,33,0,1
BRDA:166,33,1,9
BRDA:167,34,0,1
BRDA:167,34,1,8
BRDA:170,35,0,0
BRDA:170,35,1,8
BRDA:170,36,0,8
BRDA:170,36,1,8
BRDA:170,36,2,8
BRDA:170,36,3,8
BRDA:175,37,0,0
BRDA:175,37,1,8
BRDA:176,38,0,1
BRDA:176,38,1,7
BRDA:180,39,0,0
BRDA:180,39,1,7
BRDA:180,40,0,7
BRDA:180,40,1,7
BRDA:182,41,0,7
BRDA:182,41,1,4
BRDA:183,42,0,3
BRDA:183,42,1,4
BRDA:184,43,0,3
BRDA:184,43,1,4
BRDA:187,44,0,1
BRDA:187,44,1,6
BRDA:191,45,0,6
BRDA:191,45,1,6
BRDA:191,45,2,6
BRDA:191,45,3,5
BRDA:196,46,0,1
BRDA:196,46,1,5
BRDA:200,47,0,5
BRDA:200,47,1,5
BRDA:200,47,2,3
BRDA:204,48,0,5
BRDA:204,48,1,3
BRDA:206,49,0,1
BRDA:206,49,1,4
BRDA:206,50,0,5
BRDA:206,50,1,5
BRDA:215,51,0,1
BRDA:215,51,1,3
BRDA:215,52,0,4
BRDA:215,52,1,3
BRDA:216,53,0,0
BRDA:216,53,1,3
BRDA:218,54,0,3
BRDA:218,54,1,0
BRDA:220,55,0,0
BRDA:220,55,1,3
BRDA:225,56,0,3
BRDA:225,56,1,0
BRDA:225,56,2,0
BRDA:226,57,0,3
BRDA:226,57,1,0
BRDA:228,58,0,2
BRDA:228,58,1,1
BRDA:231,59,0,4
BRDA:231,59,1,2
BRDA:231,59,2,2
BRDA:231,59,3,2
BRDA:231,59,4,2
BRDA:238,60,0,2
BRDA:238,60,1,0
BRDA:240,61,0,1
BRDA:240,61,1,1
BRDA:276,62,0,1
BRDA:276,62,1,3
BRDA:279,63,0,1
BRDA:279,63,1,2
BRDA:281,64,0,2
BRDA:281,64,1,0
BRDA:281,65,0,2
BRDA:281,65,1,2
BRDA:281,65,2,2
BRDA:287,66,0,3
BRDA:287,66,1,2
BRDA:287,66,2,1
BRDA:287,66,3,1
BRF:153
BRH:131
end_of_record
TN:
SF:services\category.service.js
FN:4,(anonymous_0)
FN:9,(anonymous_1)
FN:18,(anonymous_2)
FN:34,(anonymous_3)
FNF:4
FNH:4
FNDA:2,(anonymous_0)
FNDA:5,(anonymous_1)
FNDA:5,(anonymous_2)
FNDA:5,(anonymous_3)
DA:1,1
DA:2,1
DA:4,1
DA:5,2
DA:6,2
DA:9,1
DA:10,5
DA:11,5
DA:13,3
DA:14,3
DA:15,3
DA:18,1
DA:19,5
DA:20,5
DA:22,4
DA:23,4
DA:24,4
DA:25,3
DA:27,3
DA:28,3
DA:30,3
DA:31,3
DA:34,1
DA:35,5
DA:36,5
DA:38,4
DA:40,4
DA:41,4
DA:42,4
DA:43,1
DA:47,3
DA:48,3
DA:50,3
DA:51,0
DA:54,3
DA:57,1
LF:36
LH:35
BRDA:5,0,0,1
BRDA:5,0,1,1
BRDA:11,1,0,2
BRDA:11,1,1,3
BRDA:13,2,0,3
BRDA:13,2,1,1
BRDA:20,3,0,1
BRDA:20,3,1,4
BRDA:22,4,0,4
BRDA:22,4,1,0
BRDA:24,5,0,1
BRDA:24,5,1,3
BRDA:27,6,0,2
BRDA:27,6,1,1
BRDA:28,7,0,2
BRDA:28,7,1,1
BRDA:28,8,0,2
BRDA:28,8,1,0
BRDA:36,9,0,1
BRDA:36,9,1,4
BRDA:38,10,0,4
BRDA:38,10,1,0
BRDA:40,11,0,4
BRDA:40,11,1,0
BRDA:40,12,0,4
BRDA:40,12,1,4
BRDA:42,13,0,1
BRDA:42,13,1,3
BRDA:42,14,0,4
BRDA:42,14,1,4
BRDA:50,15,0,0
BRDA:50,15,1,3
BRF:32
BRH:27
end_of_record
TN:
SF:services\cloudinary.service.js
FN:9,(anonymous_0)
FN:20,(anonymous_1)
FNF:2
FNH:0
FNDA:0,(anonymous_0)
FNDA:0,(anonymous_1)
DA:1,1
DA:3,1
DA:9,1
DA:10,0
DA:17,0
DA:20,1
DA:21,0
DA:29,0
DA:32,1
LF:9
LH:5
BRF:0
BRH:0
end_of_record
TN:
SF:services\costume.service.js
FN:6,(anonymous_0)
FN:18,(anonymous_1)
FN:28,(anonymous_2)
FN:87,(anonymous_3)
FN:93,(anonymous_4)
FN:101,(anonymous_5)
FN:123,(anonymous_6)
FN:132,(anonymous_7)
FN:135,(anonymous_8)
FN:138,(anonymous_9)
FN:157,(anonymous_10)
FN:171,(anonymous_11)
FNF:12
FNH:12
FNDA:9,(anonymous_0)
FNDA:5,(anonymous_1)
FNDA:1,(anonymous_2)
FNDA:2,(anonymous_3)
FNDA:3,(anonymous_4)
FNDA:4,(anonymous_5)
FNDA:9,(anonymous_6)
FNDA:128,(anonymous_7)
FNDA:10,(anonymous_8)
FNDA:10,(anonymous_9)
FNDA:10,(anonymous_10)
FNDA:2,(anonymous_11)
DA:1,1
DA:2,1
DA:3,1
DA:4,1
DA:6,1
DA:7,9
DA:8,9
DA:10,9
DA:11,9
DA:12,9
DA:13,0
DA:14,0
DA:17,9
DA:18,2
DA:19,5
DA:21,2
DA:28,2
DA:29,2
DA:31,2
DA:38,9
DA:39,2
DA:40,2
DA:41,2
DA:44,9
DA:45,3
DA:46,1
DA:48,2
DA:49,2
DA:52,6
DA:55,9
DA:57,9
DA:65,9
DA:67,9
DA:68,9
DA:69,9
DA:71,9
DA:76,9
DA:87,1
DA:88,2
DA:89,2
DA:90,1
DA:93,1
DA:97,3
DA:99,3
DA:100,3
DA:101,4
DA:104,3
DA:119,3
DA:120,3
DA:123,1
DA:124,9
DA:125,9
DA:127,8
DA:132,128
DA:134,8
DA:135,8
DA:136,10
DA:137,10
DA:139,10
DA:143,10
DA:144,8
DA:145,8
DA:146,8
DA:147,8
DA:148,8
DA:149,8
DA:150,8
DA:152,2
DA:154,8
DA:156,8
DA:157,10
DA:158,8
DA:159,8
DA:160,2
DA:161,6
DA:162,1
DA:167,8
DA:168,8
DA:171,1
DA:172,2
DA:173,2
DA:174,1
DA:175,1
DA:178,1
LF:84
LH:82
BRDA:7,0,0,7
BRDA:7,1,0,7
BRDA:11,2,0,2
BRDA:11,2,1,7
BRDA:12,3,0,0
BRDA:12,3,1,9
BRDA:17,4,0,2
BRDA:17,4,1,7
BRDA:38,5,0,2
BRDA:38,5,1,7
BRDA:38,6,0,9
BRDA:38,6,1,7
BRDA:40,7,0,2
BRDA:40,7,1,0
BRDA:41,8,0,2
BRDA:41,8,1,0
BRDA:44,9,0,3
BRDA:44,9,1,6
BRDA:45,10,0,1
BRDA:45,10,1,2
BRDA:49,11,0,2
BRDA:49,11,1,0
BRDA:55,12,0,1
BRDA:55,12,1,8
BRDA:65,13,0,9
BRDA:65,13,1,8
BRDA:89,14,0,1
BRDA:89,14,1,1
BRDA:100,15,0,2
BRDA:100,15,1,1
BRDA:100,16,0,3
BRDA:100,16,1,2
BRDA:101,17,0,4
BRDA:101,17,1,2
BRDA:106,18,0,3
BRDA:106,18,1,3
BRDA:108,19,0,3
BRDA:108,19,1,2
BRDA:109,20,0,3
BRDA:109,20,1,3
BRDA:110,21,0,3
BRDA:110,21,1,3
BRDA:111,22,0,3
BRDA:111,22,1,3
BRDA:112,23,0,3
BRDA:112,23,1,3
BRDA:113,24,0,3
BRDA:113,24,1,3
BRDA:114,25,0,3
BRDA:114,25,1,3
BRDA:125,26,0,1
BRDA:125,26,1,8
BRDA:132,27,0,2
BRDA:132,27,1,126
BRDA:134,28,0,8
BRDA:134,28,1,0
BRDA:134,29,0,8
BRDA:134,29,1,8
BRDA:136,30,0,0
BRDA:136,30,1,10
BRDA:139,31,0,10
BRDA:139,31,1,10
BRDA:139,31,2,10
BRDA:139,31,3,2
BRDA:139,31,4,0
BRDA:139,31,5,0
BRDA:143,32,0,8
BRDA:143,32,1,2
BRDA:145,33,0,8
BRDA:145,33,1,0
BRDA:146,34,0,8
BRDA:146,34,1,1
BRDA:148,35,0,8
BRDA:148,35,1,0
BRDA:152,36,0,2
BRDA:152,36,1,0
BRDA:156,37,0,8
BRDA:156,37,1,0
BRDA:157,38,0,10
BRDA:157,38,1,2
BRDA:159,39,0,2
BRDA:159,39,1,6
BRDA:159,40,0,8
BRDA:159,40,1,2
BRDA:161,41,0,1
BRDA:161,41,1,5
BRDA:161,42,0,6
BRDA:161,42,1,6
BRDA:173,43,0,1
BRDA:173,43,1,1
BRF:90
BRH:78
end_of_record
TN:
SF:services\email.service.js
FN:15,(anonymous_0)
FNF:1
FNH:1
FNDA:2,(anonymous_0)
DA:1,4
DA:3,4
DA:15,4
DA:16,2
DA:18,2
DA:26,1
DA:27,1
DA:29,1
DA:30,1
DA:34,4
LF:10
LH:10
BRF:0
BRH:0
end_of_record
TN:
SF:services\ghn.service.js
FN:5,(anonymous_0)
FN:17,(anonymous_1)
FN:34,(anonymous_2)
FN:51,(anonymous_3)
FN:68,(anonymous_4)
FNF:5
FNH:5
FNDA:13,(anonymous_0)
FNDA:3,(anonymous_1)
FNDA:3,(anonymous_2)
FNDA:3,(anonymous_3)
FNDA:4,(anonymous_4)
DA:1,2
DA:2,2
DA:3,2
DA:5,2
DA:6,13
DA:10,13
DA:11,4
DA:13,13
DA:17,2
DA:18,3
DA:19,3
DA:20,3
DA:24,2
DA:25,2
DA:26,1
DA:28,2
DA:29,2
DA:34,2
DA:35,3
DA:36,3
DA:37,3
DA:41,2
DA:42,2
DA:43,1
DA:45,2
DA:46,2
DA:51,2
DA:52,3
DA:53,3
DA:54,3
DA:58,2
DA:59,2
DA:60,1
DA:62,2
DA:63,2
DA:68,2
DA:69,4
DA:70,4
DA:75,3
DA:76,3
DA:77,1
DA:79,3
DA:80,3
DA:84,2
LF:44
LH:44
BRDA:1,0,0,2
BRDA:1,0,1,1
BRDA:5,1,0,9
BRDA:10,2,0,4
BRDA:10,2,1,9
BRDA:25,3,0,1
BRDA:25,3,1,1
BRDA:25,4,0,1
BRDA:25,4,1,0
BRDA:42,5,0,1
BRDA:42,5,1,1
BRDA:42,6,0,1
BRDA:42,6,1,0
BRDA:59,7,0,1
BRDA:59,7,1,1
BRDA:59,8,0,1
BRDA:59,8,1,0
BRDA:76,9,0,2
BRDA:76,9,1,1
BRDA:76,10,0,2
BRDA:76,10,1,1
BRDA:80,11,0,3
BRDA:80,11,1,0
BRF:23
BRH:19
end_of_record
TN:
SF:services\rental.service.js
FN:11,(anonymous_0)
FN:23,(anonymous_1)
FN:30,(anonymous_2)
FN:40,(anonymous_3)
FN:50,(anonymous_4)
FN:85,(anonymous_5)
FN:96,(anonymous_6)
FN:142,(anonymous_7)
FN:202,(anonymous_8)
FN:204,(anonymous_9)
FN:221,(anonymous_10)
FN:240,(anonymous_11)
FN:265,(anonymous_12)
FN:274,(anonymous_13)
FN:289,(anonymous_14)
FN:290,(anonymous_15)
FN:296,(anonymous_16)
FN:303,(anonymous_17)
FN:334,(anonymous_18)
FN:373,(anonymous_19)
FN:376,(anonymous_20)
FN:380,(anonymous_21)
FN:384,(anonymous_22)
FN:384,(anonymous_23)
FN:388,(anonymous_24)
FN:391,(anonymous_25)
FN:391,(anonymous_26)
FN:398,(anonymous_27)
FN:398,(anonymous_28)
FN:404,(anonymous_29)
FN:415,(anonymous_30)
FN:428,(anonymous_31)
FN:460,(anonymous_32)
FN:472,(anonymous_33)
FNF:34
FNH:28
FNDA:0,(anonymous_0)
FNDA:0,(anonymous_1)
FNDA:0,(anonymous_2)
FNDA:0,(anonymous_3)
FNDA:0,(anonymous_4)
FNDA:0,(anonymous_5)
FNDA:9,(anonymous_6)
FNDA:5,(anonymous_7)
FNDA:1,(anonymous_8)
FNDA:1,(anonymous_9)
FNDA:3,(anonymous_10)
FNDA:1,(anonymous_11)
FNDA:3,(anonymous_12)
FNDA:3,(anonymous_13)
FNDA:2,(anonymous_14)
FNDA:2,(anonymous_15)
FNDA:1,(anonymous_16)
FNDA:4,(anonymous_17)
FNDA:5,(anonymous_18)
FNDA:1,(anonymous_19)
FNDA:2,(anonymous_20)
FNDA:1,(anonymous_21)
FNDA:2,(anonymous_22)
FNDA:3,(anonymous_23)
FNDA:2,(anonymous_24)
FNDA:2,(anonymous_25)
FNDA:3,(anonymous_26)
FNDA:1,(anonymous_27)
FNDA:2,(anonymous_28)
FNDA:4,(anonymous_29)
FNDA:1,(anonymous_30)
FNDA:1,(anonymous_31)
FNDA:1,(anonymous_32)
FNDA:8,(anonymous_33)
DA:1,1
DA:2,1
DA:3,1
DA:4,1
DA:5,1
DA:6,1
DA:7,1
DA:8,1
DA:9,1
DA:11,1
DA:12,0
DA:13,0
DA:17,0
DA:18,0
DA:19,0
DA:23,1
DA:24,0
DA:26,0
DA:30,0
DA:40,0
DA:50,1
DA:51,0
DA:53,0
DA:57,0
DA:59,0
DA:61,0
DA:85,0
DA:96,1
DA:97,9
DA:99,9
DA:100,9
DA:103,9
DA:104,9
DA:105,9
DA:106,1
DA:109,8
DA:110,8
DA:111,0
DA:114,8
DA:115,8
DA:116,8
DA:117,8
DA:119,8
DA:120,8
DA:121,8
DA:123,7
DA:124,7
DA:125,1
DA:131,6
DA:138,6
DA:139,1
DA:142,5
DA:143,5
DA:144,4
DA:145,1
DA:151,3
DA:152,3
DA:153,3
DA:154,3
DA:156,3
DA:163,3
DA:166,3
DA:167,3
DA:168,3
DA:171,3
DA:173,3
DA:174,3
DA:175,2
DA:177,1
DA:178,1
DA:180,1
DA:194,1
DA:196,1
DA:197,1
DA:198,1
DA:199,1
DA:200,1
DA:201,1
DA:203,1
DA:205,1
DA:211,1
DA:212,0
DA:215,0
DA:218,1
DA:221,1
DA:222,3
DA:223,3
DA:224,3
DA:226,1
DA:227,1
DA:228,1
DA:229,1
DA:231,1
DA:232,1
DA:233,1
DA:234,1
DA:237,1
DA:238,1
DA:239,1
DA:240,1
DA:241,1
DA:242,1
DA:243,1
DA:248,1
DA:249,1
DA:250,1
DA:251,1
DA:259,0
DA:262,1
DA:265,1
DA:266,3
DA:267,3
DA:268,2
DA:269,1
DA:270,1
DA:271,1
DA:274,1
DA:275,3
DA:276,3
DA:278,2
DA:279,2
DA:280,2
DA:282,2
DA:289,2
DA:290,2
DA:291,2
DA:293,2
DA:296,1
DA:297,1
DA:303,1
DA:304,4
DA:305,4
DA:307,3
DA:308,2
DA:309,2
DA:323,1
DA:325,1
DA:329,3
DA:330,3
DA:331,3
DA:334,1
DA:335,5
DA:336,5
DA:337,4
DA:338,1
DA:341,3
DA:342,2
DA:343,2
DA:357,1
DA:358,1
DA:359,1
DA:360,1
DA:362,1
DA:363,1
DA:364,1
DA:367,1
DA:368,1
DA:369,1
DA:373,1
DA:374,1
DA:375,1
DA:376,2
DA:377,1
DA:380,1
DA:381,1
DA:382,1
DA:383,1
DA:384,3
DA:385,1
DA:388,1
DA:389,2
DA:390,2
DA:391,3
DA:393,2
DA:395,1
DA:396,1
DA:397,1
DA:398,2
DA:400,1
DA:401,1
DA:404,1
DA:405,4
DA:406,4
DA:407,4
DA:408,1
DA:410,3
DA:411,3
DA:412,3
DA:415,1
DA:416,1
DA:417,1
DA:418,1
DA:420,1
DA:421,1
DA:422,1
DA:423,1
DA:425,1
DA:426,1
DA:427,1
DA:428,1
DA:429,1
DA:433,1
DA:434,1
DA:435,1
DA:436,1
DA:438,1
DA:439,1
DA:440,1
DA:441,1
DA:442,1
DA:443,1
DA:444,1
DA:446,1
DA:447,1
DA:448,1
DA:449,1
DA:450,1
DA:454,1
DA:455,1
DA:456,1
DA:457,1
DA:458,1
DA:459,1
DA:460,1
DA:461,1
DA:462,1
DA:463,1
DA:469,1
DA:472,1
DA:473,8
DA:475,7
DA:476,7
DA:477,6
DA:479,5
DA:480,5
DA:481,5
DA:482,5
DA:483,5
DA:485,5
DA:487,4
DA:488,4
DA:489,4
DA:491,3
DA:499,3
DA:500,1
DA:504,2
DA:505,2
DA:506,2
DA:507,2
DA:508,2
DA:511,2
DA:512,2
DA:514,2
DA:515,1
DA:524,1
DA:525,1
DA:527,1
DA:528,1
DA:529,1
DA:530,1
DA:532,1
DA:535,1
LF:262
LH:243
BRDA:32,0,0,0
BRDA:32,0,1,0
BRDA:33,1,0,0
BRDA:33,1,1,0
BRDA:41,2,0,0
BRDA:41,2,1,0
BRDA:42,3,0,0
BRDA:42,3,1,0
BRDA:45,4,0,0
BRDA:45,4,1,0
BRDA:45,4,2,0
BRDA:57,5,0,0
BRDA:57,5,1,0
BRDA:65,6,0,0
BRDA:65,6,1,0
BRDA:91,7,0,0
BRDA:91,7,1,0
BRDA:91,7,2,0
BRDA:91,7,3,0
BRDA:105,8,0,1
BRDA:105,8,1,8
BRDA:110,9,0,0
BRDA:110,9,1,8
BRDA:121,10,0,1
BRDA:121,10,1,7
BRDA:123,11,0,7
BRDA:123,11,1,0
BRDA:124,12,0,1
BRDA:124,12,1,6
BRDA:138,13,0,1
BRDA:138,13,1,5
BRDA:143,14,0,1
BRDA:143,14,1,4
BRDA:144,15,0,1
BRDA:144,15,1,3
BRDA:151,16,0,3
BRDA:151,16,1,0
BRDA:151,16,2,0
BRDA:152,17,0,3
BRDA:152,17,1,0
BRDA:174,18,0,1
BRDA:174,18,1,2
BRDA:175,19,0,1
BRDA:175,19,1,1
BRDA:198,20,0,1
BRDA:198,20,1,0
BRDA:205,21,0,1
BRDA:205,21,1,1
BRDA:205,21,2,1
BRDA:205,21,3,1
BRDA:211,22,0,1
BRDA:211,22,1,0
BRDA:223,23,0,0
BRDA:223,23,1,3
BRDA:224,24,0,2
BRDA:224,24,1,1
BRDA:227,25,0,1
BRDA:227,25,1,0
BRDA:232,26,0,1
BRDA:232,26,1,0
BRDA:233,27,0,1
BRDA:233,27,1,0
BRDA:239,28,0,1
BRDA:239,28,1,0
BRDA:241,29,0,1
BRDA:241,29,1,0
BRDA:250,30,0,1
BRDA:250,30,1,0
BRDA:267,31,0,1
BRDA:267,31,1,2
BRDA:268,32,0,1
BRDA:268,32,1,1
BRDA:276,33,0,1
BRDA:276,33,1,2
BRDA:290,34,0,2
BRDA:290,34,1,0
BRDA:305,35,0,1
BRDA:305,35,1,3
BRDA:307,36,0,2
BRDA:307,36,1,1
BRDA:307,37,0,3
BRDA:307,37,1,2
BRDA:307,37,2,2
BRDA:315,38,0,2
BRDA:315,38,1,0
BRDA:336,39,0,1
BRDA:336,39,1,4
BRDA:337,40,0,1
BRDA:337,40,1,3
BRDA:341,41,0,2
BRDA:341,41,1,1
BRDA:341,42,0,3
BRDA:341,42,1,3
BRDA:349,43,0,2
BRDA:349,43,1,0
BRDA:391,44,0,3
BRDA:391,44,1,0
BRDA:393,45,0,1
BRDA:393,45,1,1
BRDA:406,46,0,0
BRDA:406,46,1,4
BRDA:407,47,0,1
BRDA:407,47,1,3
BRDA:417,48,0,0
BRDA:417,48,1,1
BRDA:418,49,0,0
BRDA:418,49,1,1
BRDA:421,50,0,1
BRDA:421,50,1,0
BRDA:425,51,0,1
BRDA:425,51,1,0
BRDA:429,52,0,1
BRDA:429,52,1,0
BRDA:433,53,0,1
BRDA:433,53,1,0
BRDA:435,54,0,1
BRDA:435,54,1,0
BRDA:443,55,0,1
BRDA:443,55,1,0
BRDA:446,56,0,1
BRDA:446,56,1,0
BRDA:448,57,0,1
BRDA:448,57,1,0
BRDA:449,58,0,1
BRDA:449,58,1,0
BRDA:456,59,0,1
BRDA:456,59,1,0
BRDA:458,60,0,1
BRDA:458,60,1,0
BRDA:459,61,0,1
BRDA:459,61,1,0
BRDA:461,62,0,1
BRDA:461,62,1,0
BRDA:473,63,0,1
BRDA:473,63,1,7
BRDA:476,64,0,1
BRDA:476,64,1,6
BRDA:477,65,0,1
BRDA:477,65,1,5
BRDA:485,66,0,1
BRDA:485,66,1,4
BRDA:489,67,0,1
BRDA:489,67,1,3
BRDA:499,68,0,1
BRDA:499,68,1,2
BRDA:507,69,0,2
BRDA:507,69,1,0
BRDA:507,69,2,0
BRDA:507,70,0,0
BRDA:507,70,1,0
BRDA:507,71,0,0
BRDA:507,71,1,0
BRDA:512,72,0,0
BRDA:512,72,1,2
BRDA:514,73,0,1
BRDA:514,73,1,1
BRF:156
BRH:96
end_of_record
TN:
SF:services\user.service.js
FN:12,(anonymous_0)
FN:19,(anonymous_1)
FN:36,(anonymous_2)
FN:114,(anonymous_3)
FN:171,(anonymous_4)
FN:192,(anonymous_5)
FN:213,(anonymous_6)
FN:241,(anonymous_7)
FN:251,(anonymous_8)
FN:266,(anonymous_9)
FN:278,(anonymous_10)
FN:280,(anonymous_11)
FN:286,(anonymous_12)
FN:293,(anonymous_13)
FN:327,(anonymous_14)
FN:341,(anonymous_15)
FN:346,(anonymous_16)
FN:356,(anonymous_17)
FN:362,(anonymous_18)
FN:366,(anonymous_19)
FN:369,(anonymous_20)
FN:372,(anonymous_21)
FN:382,(anonymous_22)
FN:386,(anonymous_23)
FN:390,(anonymous_24)
FN:391,(anonymous_25)
FN:397,(anonymous_26)
FN:400,(anonymous_27)
FNF:28
FNH:28
FNDA:4,(anonymous_0)
FNDA:4,(anonymous_1)
FNDA:1,(anonymous_2)
FNDA:7,(anonymous_3)
FNDA:7,(anonymous_4)
FNDA:5,(anonymous_5)
FNDA:5,(anonymous_6)
FNDA:2,(anonymous_7)
FNDA:4,(anonymous_8)
FNDA:3,(anonymous_9)
FNDA:1,(anonymous_10)
FNDA:2,(anonymous_11)
FNDA:3,(anonymous_12)
FNDA:8,(anonymous_13)
FNDA:3,(anonymous_14)
FNDA:3,(anonymous_15)
FNDA:2,(anonymous_16)
FNDA:2,(anonymous_17)
FNDA:3,(anonymous_18)
FNDA:2,(anonymous_19)
FNDA:2,(anonymous_20)
FNDA:7,(anonymous_21)
FNDA:4,(anonymous_22)
FNDA:2,(anonymous_23)
FNDA:2,(anonymous_24)
FNDA:1,(anonymous_25)
FNDA:3,(anonymous_26)
FNDA:1,(anonymous_27)
DA:1,1
DA:2,1
DA:3,1
DA:4,1
DA:5,1
DA:6,1
DA:7,1
DA:8,1
DA:9,1
DA:10,1
DA:12,1
DA:13,4
DA:14,4
DA:15,24
DA:16,4
DA:19,1
DA:20,4
DA:36,1
DA:37,1
DA:106,1
DA:114,1
DA:115,7
DA:116,7
DA:118,7
DA:119,1
DA:121,6
DA:122,4
DA:123,4
DA:124,2
DA:127,4
DA:128,1
DA:131,3
DA:132,3
DA:134,2
DA:135,2
DA:136,2
DA:137,2
DA:138,2
DA:139,2
DA:141,2
DA:142,1
DA:147,1
DA:148,1
DA:156,1
DA:161,1
DA:163,1
DA:171,1
DA:172,7
DA:173,7
DA:174,6
DA:175,5
DA:176,4
DA:177,3
DA:179,2
DA:180,2
DA:182,1
DA:183,1
DA:184,1
DA:185,1
DA:186,1
DA:187,1
DA:189,1
DA:192,1
DA:193,5
DA:194,5
DA:195,4
DA:196,3
DA:198,2
DA:199,2
DA:200,1
DA:203,1
DA:204,1
DA:205,1
DA:206,1
DA:207,1
DA:208,1
DA:210,1
DA:213,1
DA:214,5
DA:215,5
DA:216,4
DA:218,3
DA:219,3
DA:221,2
DA:222,1
DA:223,1
DA:224,1
DA:225,1
DA:226,1
DA:227,1
DA:228,1
DA:229,1
DA:230,1
DA:233,1
DA:238,1
DA:241,1
DA:242,2
DA:243,2
DA:244,1
DA:251,1
DA:252,4
DA:253,4
DA:254,3
DA:255,2
DA:257,1
DA:258,1
DA:259,1
DA:260,1
DA:262,1
DA:263,1
DA:266,1
DA:267,3
DA:268,3
DA:269,3
DA:271,2
DA:272,2
DA:273,2
DA:274,2
DA:275,2
DA:278,1
DA:279,1
DA:280,2
DA:286,1
DA:287,3
DA:288,2
DA:289,2
DA:290,1
DA:293,1
DA:294,8
DA:296,8
DA:297,7
DA:299,6
DA:300,6
DA:301,5
DA:303,4
DA:304,2
DA:305,2
DA:307,3
DA:308,2
DA:309,2
DA:312,2
DA:313,2
DA:314,1
DA:315,1
DA:318,2
DA:323,2
DA:324,2
DA:327,1
DA:328,3
DA:329,3
DA:330,3
DA:332,2
DA:333,2
DA:334,1
DA:335,1
DA:338,2
DA:341,1
DA:342,3
DA:343,3
DA:344,3
DA:346,2
DA:348,2
DA:352,2
DA:353,2
DA:356,1
DA:357,2
DA:358,2
DA:359,1
DA:362,1
DA:363,3
DA:364,3
DA:366,2
DA:367,2
DA:369,2
DA:371,1
DA:372,7
DA:373,1
DA:374,1
DA:375,1
DA:376,1
DA:378,1
DA:379,1
DA:382,1
DA:383,4
DA:384,4
DA:386,3
DA:387,3
DA:388,2
DA:390,2
DA:391,1
DA:392,1
DA:394,1
DA:397,1
DA:398,3
DA:399,3
DA:400,2
DA:401,2
DA:402,1
DA:405,1
LF:199
LH:199
BRDA:26,0,0,4
BRDA:26,0,1,0
BRDA:60,1,0,1
BRDA:60,1,1,0
BRDA:109,2,0,1
BRDA:109,2,1,0
BRDA:118,3,0,1
BRDA:118,3,1,6
BRDA:118,4,0,7
BRDA:118,4,1,4
BRDA:121,5,0,4
BRDA:121,5,1,2
BRDA:123,6,0,2
BRDA:123,6,1,2
BRDA:123,7,0,4
BRDA:123,7,1,3
BRDA:123,7,2,2
BRDA:123,7,3,1
BRDA:127,8,0,1
BRDA:127,8,1,3
BRDA:127,9,0,4
BRDA:127,9,1,2
BRDA:127,9,2,1
BRDA:132,10,0,1
BRDA:132,10,1,2
BRDA:141,11,0,1
BRDA:141,11,1,1
BRDA:141,12,0,2
BRDA:141,12,1,1
BRDA:141,12,2,1
BRDA:144,13,0,1
BRDA:144,13,1,1
BRDA:144,14,0,1
BRDA:144,14,1,1
BRDA:158,15,0,1
BRDA:158,15,1,0
BRDA:158,16,0,1
BRDA:158,16,1,0
BRDA:173,17,0,1
BRDA:173,17,1,6
BRDA:174,18,0,1
BRDA:174,18,1,5
BRDA:174,19,0,6
BRDA:174,19,1,1
BRDA:175,20,0,1
BRDA:175,20,1,4
BRDA:176,21,0,1
BRDA:176,21,1,3
BRDA:176,22,0,4
BRDA:176,22,1,3
BRDA:177,23,0,1
BRDA:177,23,1,2
BRDA:180,24,0,1
BRDA:180,24,1,1
BRDA:194,25,0,1
BRDA:194,25,1,4
BRDA:195,26,0,1
BRDA:195,26,1,3
BRDA:195,27,0,4
BRDA:195,27,1,1
BRDA:196,28,0,1
BRDA:196,28,1,2
BRDA:199,29,0,1
BRDA:199,29,1,1
BRDA:199,30,0,2
BRDA:199,30,1,1
BRDA:215,31,0,1
BRDA:215,31,1,4
BRDA:216,32,0,1
BRDA:216,32,1,3
BRDA:219,33,0,1
BRDA:219,33,1,2
BRDA:221,34,0,1
BRDA:221,34,1,1
BRDA:221,35,0,2
BRDA:221,35,1,1
BRDA:243,36,0,1
BRDA:243,36,1,1
BRDA:253,37,0,1
BRDA:253,37,1,3
BRDA:254,38,0,1
BRDA:254,38,1,2
BRDA:255,39,0,1
BRDA:255,39,1,1
BRDA:269,40,0,1
BRDA:269,40,1,2
BRDA:287,41,0,1
BRDA:287,41,1,2
BRDA:289,42,0,1
BRDA:289,42,1,1
BRDA:296,43,0,1
BRDA:296,43,1,7
BRDA:297,44,0,1
BRDA:297,44,1,6
BRDA:297,45,0,7
BRDA:297,45,1,7
BRDA:300,46,0,1
BRDA:300,46,1,5
BRDA:301,47,0,1
BRDA:301,47,1,4
BRDA:303,48,0,2
BRDA:303,48,1,2
BRDA:305,49,0,1
BRDA:305,49,1,1
BRDA:307,50,0,2
BRDA:307,50,1,1
BRDA:309,51,0,1
BRDA:309,51,1,1
BRDA:313,52,0,1
BRDA:313,52,1,1
BRDA:323,53,0,0
BRDA:323,53,1,2
BRDA:330,54,0,1
BRDA:330,54,1,2
BRDA:333,55,0,1
BRDA:333,55,1,1
BRDA:344,56,0,1
BRDA:344,56,1,2
BRDA:346,57,0,1
BRDA:346,57,1,1
BRDA:350,58,0,2
BRDA:350,58,1,1
BRDA:358,59,0,1
BRDA:358,59,1,1
BRDA:364,60,0,1
BRDA:364,60,1,2
BRDA:367,61,0,1
BRDA:367,61,1,1
BRDA:369,62,0,1
BRDA:369,62,1,0
BRDA:372,63,0,1
BRDA:372,63,1,6
BRDA:373,64,0,0
BRDA:373,64,1,1
BRDA:374,65,0,0
BRDA:374,65,1,1
BRDA:375,66,0,0
BRDA:375,66,1,1
BRDA:376,67,0,1
BRDA:376,67,1,0
BRDA:384,68,0,1
BRDA:384,68,1,3
BRDA:387,69,0,1
BRDA:387,69,1,2
BRDA:388,70,0,1
BRDA:388,70,1,1
BRDA:391,71,0,1
BRDA:391,71,1,0
BRDA:391,72,0,1
BRDA:391,72,1,1
BRDA:399,73,0,1
BRDA:399,73,1,2
BRDA:401,74,0,1
BRDA:401,74,1,1
BRF:154
BRH:142
end_of_record
